#
# There is insufficient memory for the Java Runtime Environment to continue.
# Native memory allocation (malloc) failed to allocate 1652016 bytes for Chunk::new
# Possible reasons:
#   The system is out of physical RAM or swap space
#   The process is running with CompressedOops enabled, and the Java Heap may be blocking the growth of the native heap
# Possible solutions:
#   Reduce memory load on the system
#   Increase physical memory or swap space
#   Check if swap backing store is full
#   Decrease Java heap size (-Xmx/-Xms)
#   Decrease number of Java threads
#   Decrease Java thread stack sizes (-Xss)
#   Set larger code cache with -XX:ReservedCodeCacheSize=
#   JVM is running with Unscaled Compressed Oops mode in which the Java heap is
#     placed in the first 4GB address space. The Java Heap base address is the
#     maximum limit for the native heap growth. Please use -XX:HeapBaseMinAddress
#     to set the Java Heap base and to place the Java Heap above 4GB virtual address.
# This output file may be truncated or incomplete.
#
#  Out of Memory Error (./src/hotspot/share/memory/arena.cpp:197), pid=9040, tid=13548
#
# JRE version: OpenJDK Runtime Environment (11.0.12+7) (build 11.0.12+7-b1504.28-7817840)
# Java VM: OpenJDK 64-Bit Server VM (11.0.12+7-b1504.28-7817840, mixed mode, tiered, compressed oops, g1 gc, windows-amd64)
# No core dump will be written. Minidumps are not enabled by default on client versions of Windows
#

---------------  S U M M A R Y ------------

Command Line: --add-opens=java.base/java.util=ALL-UNNAMED --add-opens=java.base/java.lang=ALL-UNNAMED --add-opens=java.base/java.lang.invoke=ALL-UNNAMED --add-opens=java.base/java.util=ALL-UNNAMED --add-opens=java.prefs/java.util.prefs=ALL-UNNAMED --add-opens=java.prefs/java.util.prefs=ALL-UNNAMED --add-opens=java.base/java.nio.charset=ALL-UNNAMED --add-opens=java.base/java.net=ALL-UNNAMED --add-opens=java.base/java.util.concurrent.atomic=ALL-UNNAMED -Xmx2048m -Dfile.encoding=UTF-8 -Duser.country=US -Duser.language=en -Duser.variant org.gradle.launcher.daemon.bootstrap.GradleDaemon 7.3.3

Host: Intel(R) Core(TM) i5-8265U CPU @ 1.60GHz, 8 cores, 7G,  Windows 10 , 64 bit Build 22000 (10.0.22000.708)
Time: Tue Jul 19 08:47:35 2022 SE Asia Standard Time elapsed time: 242.226899 seconds (0d 0h 4m 2s)

---------------  T H R E A D  ---------------

Current thread (0x00000226fd208000):  JavaThread "C2 CompilerThread0" daemon [_thread_in_native, id=13548, stack(0x0000004dc6900000,0x0000004dc6a00000)]


Current CompileTask:
C2: 242227 16774   !   4       org.gradle.internal.instantiation.generator.DependencyInjectingInstantiator::doCreate (64 bytes)

Stack: [0x0000004dc6900000,0x0000004dc6a00000]
Native frames: (J=compiled Java code, j=interpreted, Vv=VM code, C=native code)
V  [jvm.dll+0x5fbcea]
V  [jvm.dll+0x731905]
V  [jvm.dll+0x732f1d]
V  [jvm.dll+0x7335d3]
V  [jvm.dll+0x247bf8]
V  [jvm.dll+0xc018c]
V  [jvm.dll+0xc06cc]
V  [jvm.dll+0x35b31d]
V  [jvm.dll+0x19d0bc]
V  [jvm.dll+0x20070e]
V  [jvm.dll+0x1ff794]
V  [jvm.dll+0x18868c]
V  [jvm.dll+0x20e0d7]
V  [jvm.dll+0x20c901]
V  [jvm.dll+0x6f9b7f]
V  [jvm.dll+0x6f26a5]
V  [jvm.dll+0x5fabf6]
C  [ucrtbase.dll+0x26c0c]
C  [KERNEL32.DLL+0x154e0]
C  [ntdll.dll+0x485b]


---------------  P R O C E S S  ---------------

Threads class SMR info:
_java_thread_list=0x0000022688b8f870, length=127, elements={
0x00000226e2402800, 0x00000226fc884800, 0x00000226fc887800, 0x00000226fd204800,
0x00000226fd205800, 0x00000226fd207000, 0x00000226fd208000, 0x00000226fd211000,
0x00000226fc8a3000, 0x00000226fd371000, 0x00000226ff886800, 0x00000226fd676800,
0x00000226feab1800, 0x00000226ff21f000, 0x00000226ff220000, 0x00000226ff21a000,
0x00000226ff21b000, 0x00000226ff21c000, 0x0000022680458800, 0x0000022680456000,
0x0000022680457000, 0x0000022680453000, 0x0000022680453800, 0x00000226ffe99800,
0x00000226ffe9c000, 0x00000226ffe98000, 0x00000226ffe9e800, 0x0000022680b89000,
0x0000022680b87000, 0x0000022680b8d800, 0x00000226fde40800, 0x00000226fde41800,
0x000002268a960800, 0x000002268a965000, 0x000002268a967000, 0x000002268a961000,
0x000002268a962000, 0x000002268a966000, 0x000002268a967800, 0x000002268a968800,
0x000002268a963800, 0x000002268a964800, 0x000002268a96f000, 0x000002268a96b000,
0x000002268a969800, 0x000002268a96a000, 0x000002268a96d800, 0x000002268a96e000,
0x000002268a96b800, 0x000002268a96c800, 0x0000022680b89800, 0x0000022680b86800,
0x0000022680b8a800, 0x0000022680b85800, 0x0000022680b88000, 0x0000022680b84800,
0x0000022680b91000, 0x0000022680b8d000, 0x0000022680b8e800, 0x0000022680b8f800,
0x0000022680b8b800, 0x0000022680b90000, 0x0000022680b92000, 0x0000022680b8c000,
0x0000022680b92800, 0x0000022680b93800, 0x00000226ffe93000, 0x00000226ffe94000,
0x00000226ffe94800, 0x00000226ffe91800, 0x00000226ffe90800, 0x00000226ffe92000,
0x00000226ffe95800, 0x00000226ffe90000, 0x00000226ffe9a800, 0x00000226ffe9b000,
0x00000226ffe96800, 0x00000226ffe9d000, 0x00000226ffe97000, 0x00000226ffe9d800,
0x00000226ffe99000, 0x00000226fde3b000, 0x00000226fde3b800, 0x00000226fde39000,
0x00000226fde38800, 0x00000226fde3e000, 0x00000226fde3c800, 0x00000226fde3d800,
0x00000226fde3f800, 0x00000226fde3a000, 0x00000226fde45800, 0x00000226fde42000,
0x00000226fde47000, 0x00000226fde43000, 0x00000226fde44000, 0x0000022680452000,
0x000002268045c000, 0x000002268045e800, 0x000002268045c800, 0x000002268045a800,
0x000002268045d800, 0x000002268045f000, 0x0000022680459800, 0x0000022680460000,
0x0000022680461000, 0x000002268045b000, 0x00000226ff21c800, 0x00000226ff21d800,
0x00000226ff220800, 0x00000226ff21e800, 0x0000022685583000, 0x0000022685583800,
0x0000022685582000, 0x0000022685586000, 0x0000022685584800, 0x0000022685580800,
0x0000022685585000, 0x0000022685587000, 0x0000022685581000, 0x0000022685588800,
0x000002268558b000, 0x000002268558d800, 0x0000022685589800, 0x000002268558c800,
0x000002268558a000, 0x000002268558c000, 0x0000022685587800
}

Java Threads: ( => current thread )
  0x00000226e2402800 JavaThread "main" [_thread_blocked, id=14112, stack(0x0000004dc5d00000,0x0000004dc5e00000)]
  0x00000226fc884800 JavaThread "Reference Handler" daemon [_thread_blocked, id=13240, stack(0x0000004dc6400000,0x0000004dc6500000)]
  0x00000226fc887800 JavaThread "Finalizer" daemon [_thread_blocked, id=11480, stack(0x0000004dc6500000,0x0000004dc6600000)]
  0x00000226fd204800 JavaThread "Signal Dispatcher" daemon [_thread_blocked, id=11876, stack(0x0000004dc6600000,0x0000004dc6700000)]
  0x00000226fd205800 JavaThread "Attach Listener" daemon [_thread_blocked, id=13172, stack(0x0000004dc6700000,0x0000004dc6800000)]
  0x00000226fd207000 JavaThread "Service Thread" daemon [_thread_blocked, id=14252, stack(0x0000004dc6800000,0x0000004dc6900000)]
=>0x00000226fd208000 JavaThread "C2 CompilerThread0" daemon [_thread_in_native, id=13548, stack(0x0000004dc6900000,0x0000004dc6a00000)]
  0x00000226fd211000 JavaThread "C1 CompilerThread0" daemon [_thread_blocked, id=11712, stack(0x0000004dc6a00000,0x0000004dc6b00000)]
  0x00000226fc8a3000 JavaThread "Sweeper thread" daemon [_thread_blocked, id=11668, stack(0x0000004dc6b00000,0x0000004dc6c00000)]
  0x00000226fd371000 JavaThread "Common-Cleaner" daemon [_thread_blocked, id=11880, stack(0x0000004dc6c00000,0x0000004dc6d00000)]
  0x00000226ff886800 JavaThread "Daemon health stats" [_thread_blocked, id=2132, stack(0x0000004dc7100000,0x0000004dc7200000)]
  0x00000226fd676800 JavaThread "Incoming local TCP Connector on port 50031" [_thread_in_native, id=8612, stack(0x0000004dc6e00000,0x0000004dc6f00000)]
  0x00000226feab1800 JavaThread "Daemon periodic checks" [_thread_blocked, id=2152, stack(0x0000004dc7200000,0x0000004dc7300000)]
  0x00000226ff21f000 JavaThread "Cache worker for journal cache (C:\Users\truon\.gradle\caches\journal-1)" [_thread_blocked, id=11936, stack(0x0000004dc7f00000,0x0000004dc8000000)]
  0x00000226ff220000 JavaThread "File lock request listener" [_thread_in_native, id=11900, stack(0x0000004dc8000000,0x0000004dc8100000)]
  0x00000226ff21a000 JavaThread "Cache worker for file hash cache (C:\Users\truon\.gradle\caches\7.3.3\fileHashes)" [_thread_blocked, id=11932, stack(0x0000004dc8100000,0x0000004dc8200000)]
  0x00000226ff21b000 JavaThread "File watcher server" daemon [_thread_in_native, id=2588, stack(0x0000004dc8400000,0x0000004dc8500000)]
  0x00000226ff21c000 JavaThread "File watcher consumer" daemon [_thread_blocked, id=1628, stack(0x0000004dc8500000,0x0000004dc8600000)]
  0x0000022680458800 JavaThread "Cache worker for execution history cache (C:\Users\truon\.gradle\caches\7.3.3\executionHistory)" [_thread_blocked, id=13936, stack(0x0000004dc8900000,0x0000004dc8a00000)]
  0x0000022680456000 JavaThread "jar transforms" [_thread_blocked, id=4716, stack(0x0000004dc8a00000,0x0000004dc8b00000)]
  0x0000022680457000 JavaThread "Cache worker for file content cache (C:\Users\truon\.gradle\caches\7.3.3\fileContent)" [_thread_blocked, id=2084, stack(0x0000004dc8b00000,0x0000004dc8c00000)]
  0x0000022680453000 JavaThread "jar transforms Thread 2" [_thread_blocked, id=12280, stack(0x0000004dc8c00000,0x0000004dc8d00000)]
  0x0000022680453800 JavaThread "jar transforms Thread 3" [_thread_blocked, id=10532, stack(0x0000004dc8e00000,0x0000004dc8f00000)]
  0x00000226ffe99800 JavaThread "jar transforms Thread 4" [_thread_blocked, id=10200, stack(0x0000004dce000000,0x0000004dce100000)]
  0x00000226ffe9c000 JavaThread "jar transforms Thread 5" [_thread_blocked, id=2904, stack(0x0000004dce100000,0x0000004dce200000)]
  0x00000226ffe98000 JavaThread "jar transforms Thread 6" [_thread_blocked, id=8336, stack(0x0000004dce200000,0x0000004dce300000)]
  0x00000226ffe9e800 JavaThread "jar transforms Thread 7" [_thread_blocked, id=6932, stack(0x0000004dce300000,0x0000004dce400000)]
  0x0000022680b89000 JavaThread "jar transforms Thread 8" [_thread_blocked, id=13460, stack(0x0000004dce400000,0x0000004dce500000)]
  0x0000022680b87000 JavaThread "Memory manager" [_thread_blocked, id=13472, stack(0x0000004dce500000,0x0000004dce600000)]
  0x0000022680b8d800 JavaThread "Cache worker for Java compile cache (C:\Users\truon\.gradle\caches\7.3.3\javaCompile)" [_thread_blocked, id=14008, stack(0x0000004dcf800000,0x0000004dcf900000)]
  0x00000226fde40800 JavaThread "ForkJoinPool.commonPool-worker-3" daemon [_thread_blocked, id=12992, stack(0x0000004dd0600000,0x0000004dd0700000)]
  0x00000226fde41800 JavaThread "ForkJoinPool.commonPool-worker-7" daemon [_thread_blocked, id=13816, stack(0x0000004dd0800000,0x0000004dd0900000)]
  0x000002268a960800 JavaThread "ForkJoinPool.commonPool-worker-9" daemon [_thread_blocked, id=13824, stack(0x0000004dd0900000,0x0000004dd0a00000)]
  0x000002268a965000 JavaThread "ForkJoinPool.commonPool-worker-15" daemon [_thread_blocked, id=5680, stack(0x0000004dd0c00000,0x0000004dd0d00000)]
  0x000002268a967000 JavaThread "Daemon Thread 2" [_thread_blocked, id=11740, stack(0x0000004dc5a00000,0x0000004dc5b00000)]
  0x000002268a961000 JavaThread "Handler for socket connection from /127.0.0.1:50031 to /127.0.0.1:50641" [_thread_in_native, id=14244, stack(0x0000004dc5b00000,0x0000004dc5c00000)]
  0x000002268a962000 JavaThread "Cancel handler" [_thread_blocked, id=9096, stack(0x0000004dc5c00000,0x0000004dc5d00000)]
  0x000002268a966000 JavaThread "Daemon worker Thread 2" [_thread_in_Java, id=8588, stack(0x0000004dc7300000,0x0000004dc7400000)]
  0x000002268a967800 JavaThread "Asynchronous log dispatcher for DefaultDaemonConnection: socket connection from /127.0.0.1:50031 to /127.0.0.1:50641" [_thread_blocked, id=9876, stack(0x0000004dc7400000,0x0000004dc7500000)]
  0x000002268a968800 JavaThread "Stdin handler" [_thread_blocked, id=13412, stack(0x0000004dc7500000,0x0000004dc7600000)]
  0x000002268a963800 JavaThread "Daemon client event forwarder" [_thread_blocked, id=11364, stack(0x0000004dc7600000,0x0000004dc7700000)]
  0x000002268a964800 JavaThread "Cache worker for file hash cache (G:\Code\Odoo\connect_odoo_mobile\.gradle\7.3.3\fileHashes)" [_thread_blocked, id=3792, stack(0x0000004dc7700000,0x0000004dc7800000)]
  0x000002268a96f000 JavaThread "Cache worker for checksums cache (G:\Code\Odoo\connect_odoo_mobile\.gradle\7.3.3\checksums)" [_thread_blocked, id=8480, stack(0x0000004dc7800000,0x0000004dc7900000)]
  0x000002268a96b000 JavaThread "Cache worker for cache directory md-supplier (C:\Users\truon\.gradle\caches\7.3.3\md-supplier)" [_thread_blocked, id=5468, stack(0x0000004dc7900000,0x0000004dc7a00000)]
  0x000002268a969800 JavaThread "Cache worker for cache directory md-rule (C:\Users\truon\.gradle\caches\7.3.3\md-rule)" [_thread_blocked, id=8420, stack(0x0000004dc8300000,0x0000004dc8400000)]
  0x000002268a96a000 JavaThread "Cache worker for dependencies-accessors (G:\Code\Odoo\connect_odoo_mobile\.gradle\7.3.3\dependencies-accessors)" [_thread_blocked, id=10636, stack(0x0000004dc8600000,0x0000004dc8700000)]
  0x000002268a96d800 JavaThread "Cache worker for Build Output Cleanup Cache (G:\Code\Odoo\connect_odoo_mobile\.gradle\buildOutputCleanup)" [_thread_blocked, id=10124, stack(0x0000004dc8700000,0x0000004dc8800000)]
  0x000002268a96e000 JavaThread "Unconstrained build operations" [_thread_blocked, id=4060, stack(0x0000004dc8800000,0x0000004dc8900000)]
  0x000002268a96b800 JavaThread "Unconstrained build operations Thread 2" [_thread_blocked, id=10628, stack(0x0000004dc8d00000,0x0000004dc8e00000)]
  0x000002268a96c800 JavaThread "Unconstrained build operations Thread 3" [_thread_blocked, id=5560, stack(0x0000004dc8f00000,0x0000004dc9000000)]
  0x0000022680b89800 JavaThread "Unconstrained build operations Thread 4" [_thread_blocked, id=5728, stack(0x0000004dc9000000,0x0000004dc9100000)]
  0x0000022680b86800 JavaThread "Unconstrained build operations Thread 5" [_thread_blocked, id=3520, stack(0x0000004dc9100000,0x0000004dc9200000)]
  0x0000022680b8a800 JavaThread "Unconstrained build operations Thread 6" [_thread_blocked, id=10016, stack(0x0000004dc9200000,0x0000004dc9300000)]
  0x0000022680b85800 JavaThread "Unconstrained build operations Thread 7" [_thread_blocked, id=14048, stack(0x0000004dc9300000,0x0000004dc9400000)]
  0x0000022680b88000 JavaThread "Unconstrained build operations Thread 8" [_thread_blocked, id=7284, stack(0x0000004dc9400000,0x0000004dc9500000)]
  0x0000022680b84800 JavaThread "Unconstrained build operations Thread 9" [_thread_blocked, id=12344, stack(0x0000004dc9500000,0x0000004dc9600000)]
  0x0000022680b91000 JavaThread "Unconstrained build operations Thread 10" [_thread_blocked, id=2844, stack(0x0000004dc9600000,0x0000004dc9700000)]
  0x0000022680b8d000 JavaThread "Unconstrained build operations Thread 11" [_thread_blocked, id=7500, stack(0x0000004dc9700000,0x0000004dc9800000)]
  0x0000022680b8e800 JavaThread "Unconstrained build operations Thread 12" [_thread_blocked, id=7136, stack(0x0000004dc9800000,0x0000004dc9900000)]
  0x0000022680b8f800 JavaThread "Unconstrained build operations Thread 13" [_thread_blocked, id=13752, stack(0x0000004dc9900000,0x0000004dc9a00000)]
  0x0000022680b8b800 JavaThread "Unconstrained build operations Thread 14" [_thread_blocked, id=6052, stack(0x0000004dc9a00000,0x0000004dc9b00000)]
  0x0000022680b90000 JavaThread "Unconstrained build operations Thread 15" [_thread_blocked, id=14316, stack(0x0000004dc9b00000,0x0000004dc9c00000)]
  0x0000022680b92000 JavaThread "Unconstrained build operations Thread 16" [_thread_blocked, id=12652, stack(0x0000004dc9c00000,0x0000004dc9d00000)]
  0x0000022680b8c000 JavaThread "Unconstrained build operations Thread 17" [_thread_blocked, id=9112, stack(0x0000004dc9d00000,0x0000004dc9e00000)]
  0x0000022680b92800 JavaThread "Unconstrained build operations Thread 18" [_thread_blocked, id=6664, stack(0x0000004dc9e00000,0x0000004dc9f00000)]
  0x0000022680b93800 JavaThread "Unconstrained build operations Thread 19" [_thread_blocked, id=1996, stack(0x0000004dc9f00000,0x0000004dca000000)]
  0x00000226ffe93000 JavaThread "Unconstrained build operations Thread 20" [_thread_blocked, id=1172, stack(0x0000004dca000000,0x0000004dca100000)]
  0x00000226ffe94000 JavaThread "Unconstrained build operations Thread 21" [_thread_blocked, id=6608, stack(0x0000004dca100000,0x0000004dca200000)]
  0x00000226ffe94800 JavaThread "Unconstrained build operations Thread 22" [_thread_blocked, id=628, stack(0x0000004dca200000,0x0000004dca300000)]
  0x00000226ffe91800 JavaThread "Unconstrained build operations Thread 23" [_thread_blocked, id=6300, stack(0x0000004dca300000,0x0000004dca400000)]
  0x00000226ffe90800 JavaThread "Unconstrained build operations Thread 24" [_thread_blocked, id=3580, stack(0x0000004dca400000,0x0000004dca500000)]
  0x00000226ffe92000 JavaThread "Unconstrained build operations Thread 25" [_thread_blocked, id=8848, stack(0x0000004dca500000,0x0000004dca600000)]
  0x00000226ffe95800 JavaThread "Unconstrained build operations Thread 26" [_thread_blocked, id=10732, stack(0x0000004dca600000,0x0000004dca700000)]
  0x00000226ffe90000 JavaThread "Unconstrained build operations Thread 27" [_thread_blocked, id=10708, stack(0x0000004dca700000,0x0000004dca800000)]
  0x00000226ffe9a800 JavaThread "Unconstrained build operations Thread 28" [_thread_blocked, id=10664, stack(0x0000004dca800000,0x0000004dca900000)]
  0x00000226ffe9b000 JavaThread "Unconstrained build operations Thread 29" [_thread_blocked, id=12608, stack(0x0000004dca900000,0x0000004dcaa00000)]
  0x00000226ffe96800 JavaThread "Unconstrained build operations Thread 30" [_thread_blocked, id=12548, stack(0x0000004dcaa00000,0x0000004dcab00000)]
  0x00000226ffe9d000 JavaThread "Unconstrained build operations Thread 31" [_thread_blocked, id=8136, stack(0x0000004dcab00000,0x0000004dcac00000)]
  0x00000226ffe97000 JavaThread "Unconstrained build operations Thread 32" [_thread_blocked, id=5228, stack(0x0000004dcac00000,0x0000004dcad00000)]
  0x00000226ffe9d800 JavaThread "Unconstrained build operations Thread 33" [_thread_blocked, id=10800, stack(0x0000004dcad00000,0x0000004dcae00000)]
  0x00000226ffe99000 JavaThread "Unconstrained build operations Thread 34" [_thread_blocked, id=980, stack(0x0000004dcae00000,0x0000004dcaf00000)]
  0x00000226fde3b000 JavaThread "Unconstrained build operations Thread 35" [_thread_blocked, id=11768, stack(0x0000004dcaf00000,0x0000004dcb000000)]
  0x00000226fde3b800 JavaThread "Unconstrained build operations Thread 36" [_thread_blocked, id=13520, stack(0x0000004dcb000000,0x0000004dcb100000)]
  0x00000226fde39000 JavaThread "Unconstrained build operations Thread 37" [_thread_blocked, id=8140, stack(0x0000004dcb100000,0x0000004dcb200000)]
  0x00000226fde38800 JavaThread "Unconstrained build operations Thread 38" [_thread_blocked, id=9004, stack(0x0000004dcb200000,0x0000004dcb300000)]
  0x00000226fde3e000 JavaThread "Unconstrained build operations Thread 39" [_thread_blocked, id=12240, stack(0x0000004dcb300000,0x0000004dcb400000)]
  0x00000226fde3c800 JavaThread "Unconstrained build operations Thread 40" [_thread_blocked, id=9364, stack(0x0000004dcb400000,0x0000004dcb500000)]
  0x00000226fde3d800 JavaThread "Unconstrained build operations Thread 41" [_thread_blocked, id=13512, stack(0x0000004dcb500000,0x0000004dcb600000)]
  0x00000226fde3f800 JavaThread "Unconstrained build operations Thread 42" [_thread_blocked, id=11784, stack(0x0000004dcb600000,0x0000004dcb700000)]
  0x00000226fde3a000 JavaThread "Unconstrained build operations Thread 43" [_thread_blocked, id=13704, stack(0x0000004dcb700000,0x0000004dcb800000)]
  0x00000226fde45800 JavaThread "Unconstrained build operations Thread 44" [_thread_blocked, id=9232, stack(0x0000004dcb800000,0x0000004dcb900000)]
  0x00000226fde42000 JavaThread "Unconstrained build operations Thread 45" [_thread_blocked, id=12672, stack(0x0000004dcb900000,0x0000004dcba00000)]
  0x00000226fde47000 JavaThread "Unconstrained build operations Thread 46" [_thread_blocked, id=10584, stack(0x0000004dcba00000,0x0000004dcbb00000)]
  0x00000226fde43000 JavaThread "Unconstrained build operations Thread 47" [_thread_blocked, id=3280, stack(0x0000004dcbb00000,0x0000004dcbc00000)]
  0x00000226fde44000 JavaThread "Unconstrained build operations Thread 48" [_thread_blocked, id=12352, stack(0x0000004dcbc00000,0x0000004dcbd00000)]
  0x0000022680452000 JavaThread "Unconstrained build operations Thread 49" [_thread_blocked, id=1876, stack(0x0000004dcbd00000,0x0000004dcbe00000)]
  0x000002268045c000 JavaThread "Unconstrained build operations Thread 50" [_thread_blocked, id=7992, stack(0x0000004dcbe00000,0x0000004dcbf00000)]
  0x000002268045e800 JavaThread "Unconstrained build operations Thread 51" [_thread_blocked, id=8172, stack(0x0000004dcbf00000,0x0000004dcc000000)]
  0x000002268045c800 JavaThread "Unconstrained build operations Thread 52" [_thread_blocked, id=5588, stack(0x0000004dcc000000,0x0000004dcc100000)]
  0x000002268045a800 JavaThread "Unconstrained build operations Thread 53" [_thread_blocked, id=8008, stack(0x0000004dcc100000,0x0000004dcc200000)]
  0x000002268045d800 JavaThread "Unconstrained build operations Thread 54" [_thread_blocked, id=13600, stack(0x0000004dcc200000,0x0000004dcc300000)]
  0x000002268045f000 JavaThread "Unconstrained build operations Thread 55" [_thread_blocked, id=5140, stack(0x0000004dcc300000,0x0000004dcc400000)]
  0x0000022680459800 JavaThread "Unconstrained build operations Thread 56" [_thread_blocked, id=10640, stack(0x0000004dcc400000,0x0000004dcc500000)]
  0x0000022680460000 JavaThread "Unconstrained build operations Thread 57" [_thread_blocked, id=14108, stack(0x0000004dcc500000,0x0000004dcc600000)]
  0x0000022680461000 JavaThread "Unconstrained build operations Thread 58" [_thread_blocked, id=4760, stack(0x0000004dcc600000,0x0000004dcc700000)]
  0x000002268045b000 JavaThread "Unconstrained build operations Thread 59" [_thread_blocked, id=11096, stack(0x0000004dcc700000,0x0000004dcc800000)]
  0x00000226ff21c800 JavaThread "Unconstrained build operations Thread 60" [_thread_blocked, id=2704, stack(0x0000004dcc800000,0x0000004dcc900000)]
  0x00000226ff21d800 JavaThread "Unconstrained build operations Thread 61" [_thread_blocked, id=3132, stack(0x0000004dcc900000,0x0000004dcca00000)]
  0x00000226ff220800 JavaThread "Unconstrained build operations Thread 62" [_thread_blocked, id=13436, stack(0x0000004dcca00000,0x0000004dccb00000)]
  0x00000226ff21e800 JavaThread "Unconstrained build operations Thread 63" [_thread_blocked, id=8372, stack(0x0000004dccb00000,0x0000004dccc00000)]
  0x0000022685583000 JavaThread "Unconstrained build operations Thread 64" [_thread_blocked, id=8900, stack(0x0000004dccc00000,0x0000004dccd00000)]
  0x0000022685583800 JavaThread "Unconstrained build operations Thread 65" [_thread_blocked, id=4564, stack(0x0000004dccd00000,0x0000004dcce00000)]
  0x0000022685582000 JavaThread "Unconstrained build operations Thread 66" [_thread_blocked, id=8424, stack(0x0000004dcce00000,0x0000004dccf00000)]
  0x0000022685586000 JavaThread "Unconstrained build operations Thread 67" [_thread_blocked, id=13844, stack(0x0000004dccf00000,0x0000004dcd000000)]
  0x0000022685584800 JavaThread "Unconstrained build operations Thread 68" [_thread_blocked, id=13128, stack(0x0000004dcd000000,0x0000004dcd100000)]
  0x0000022685580800 JavaThread "Unconstrained build operations Thread 69" [_thread_blocked, id=14320, stack(0x0000004dcd100000,0x0000004dcd200000)]
  0x0000022685585000 JavaThread "Unconstrained build operations Thread 70" [_thread_blocked, id=5940, stack(0x0000004dcd200000,0x0000004dcd300000)]
  0x0000022685587000 JavaThread "Unconstrained build operations Thread 71" [_thread_blocked, id=6132, stack(0x0000004dcd300000,0x0000004dcd400000)]
  0x0000022685581000 JavaThread "Unconstrained build operations Thread 72" [_thread_blocked, id=6612, stack(0x0000004dcd400000,0x0000004dcd500000)]
  0x0000022685588800 JavaThread "Unconstrained build operations Thread 73" [_thread_blocked, id=6556, stack(0x0000004dcd500000,0x0000004dcd600000)]
  0x000002268558b000 JavaThread "Unconstrained build operations Thread 74" [_thread_blocked, id=12348, stack(0x0000004dcd600000,0x0000004dcd700000)]
  0x000002268558d800 JavaThread "Unconstrained build operations Thread 75" [_thread_blocked, id=9076, stack(0x0000004dcd700000,0x0000004dcd800000)]
  0x0000022685589800 JavaThread "Unconstrained build operations Thread 76" [_thread_blocked, id=3076, stack(0x0000004dcd800000,0x0000004dcd900000)]
  0x000002268558c800 JavaThread "Unconstrained build operations Thread 77" [_thread_blocked, id=3364, stack(0x0000004dcd900000,0x0000004dcda00000)]
  0x000002268558a000 JavaThread "Unconstrained build operations Thread 78" [_thread_blocked, id=8328, stack(0x0000004dcda00000,0x0000004dcdb00000)]
  0x000002268558c000 JavaThread "Unconstrained build operations Thread 79" [_thread_blocked, id=7436, stack(0x0000004dcdb00000,0x0000004dcdc00000)]
  0x0000022685587800 JavaThread "Unconstrained build operations Thread 80" [_thread_blocked, id=7612, stack(0x0000004dcdc00000,0x0000004dcdd00000)]

Other Threads:
  0x00000226fc883000 VMThread "VM Thread" [stack: 0x0000004dc6300000,0x0000004dc6400000] [id=3248]
  0x00000226fd3fe800 WatcherThread [stack: 0x0000004dc6d00000,0x0000004dc6e00000] [id=11912]
  0x00000226e241a800 GCTaskThread "GC Thread#0" [stack: 0x0000004dc5e00000,0x0000004dc5f00000] [id=14116]
  0x00000226fe288800 GCTaskThread "GC Thread#1" [stack: 0x0000004dc6f00000,0x0000004dc7000000] [id=3060]
  0x00000226fda87800 GCTaskThread "GC Thread#2" [stack: 0x0000004dc7000000,0x0000004dc7100000] [id=9508]
  0x00000226ff3ef000 GCTaskThread "GC Thread#3" [stack: 0x0000004dc7a00000,0x0000004dc7b00000] [id=4920]
  0x00000226ffa13800 GCTaskThread "GC Thread#4" [stack: 0x0000004dc7b00000,0x0000004dc7c00000] [id=8608]
  0x00000226ffeff000 GCTaskThread "GC Thread#5" [stack: 0x0000004dc7c00000,0x0000004dc7d00000] [id=13552]
  0x00000226fff00000 GCTaskThread "GC Thread#6" [stack: 0x0000004dc7d00000,0x0000004dc7e00000] [id=12020]
  0x00000226ff7ab800 GCTaskThread "GC Thread#7" [stack: 0x0000004dc7e00000,0x0000004dc7f00000] [id=13736]
  0x00000226e244e000 ConcurrentGCThread "G1 Main Marker" [stack: 0x0000004dc5f00000,0x0000004dc6000000] [id=5692]
  0x00000226e244f000 ConcurrentGCThread "G1 Conc#0" [stack: 0x0000004dc6000000,0x0000004dc6100000] [id=9788]
  0x00000226fe827800 ConcurrentGCThread "G1 Conc#1" [stack: 0x0000004dc8200000,0x0000004dc8300000] [id=8496]
  0x00000226e24de800 ConcurrentGCThread "G1 Refine#0" [stack: 0x0000004dc6100000,0x0000004dc6200000] [id=9796]
  0x0000022680661800 ConcurrentGCThread "G1 Refine#1" [stack: 0x0000004dcef00000,0x0000004dcf000000] [id=13984]
  0x0000022680662000 ConcurrentGCThread "G1 Refine#2" [stack: 0x0000004dcf000000,0x0000004dcf100000] [id=13476]
  0x00000226fc6d2800 ConcurrentGCThread "G1 Young RemSet Sampling" [stack: 0x0000004dc6200000,0x0000004dc6300000] [id=14136]

Threads with active compile tasks:
C2 CompilerThread0 242291 16774   !   4       org.gradle.internal.instantiation.generator.DependencyInjectingInstantiator::doCreate (64 bytes)

VM state:not at safepoint (normal execution)

VM Mutex/Monitor currently owned by a thread: None

Heap address: 0x0000000080000000, size: 2048 MB, Compressed Oops mode: 32-bit
Narrow klass base: 0x0000000000000000, Narrow klass shift: 3
Compressed class space size: 1073741824 Address: 0x0000000100000000

Heap:
 garbage-first heap   total 227328K, used 157300K [0x0000000080000000, 0x0000000100000000)
  region size 1024K, 45 young (46080K), 1 survivors (1024K)
 Metaspace       used 119598K, capacity 122814K, committed 124880K, reserved 1157120K
  class space    used 15359K, capacity 16632K, committed 17616K, reserved 1048576K
Heap Regions: E=young(eden), S=young(survivor), O=old, HS=humongous(starts), HC=humongous(continues), CS=collection set, F=free, A=archive, TAMS=top-at-mark-start (previous, next)
|   0|0x0000000080000000, 0x0000000080100000, 0x0000000080100000|100%| O|  |TAMS 0x0000000080100000, 0x0000000080000000| Untracked 
|   1|0x0000000080100000, 0x0000000080200000, 0x0000000080200000|100%| O|  |TAMS 0x0000000080200000, 0x0000000080100000| Complete 
|   2|0x0000000080200000, 0x0000000080300000, 0x0000000080300000|100%| O|  |TAMS 0x0000000080300000, 0x0000000080200000| Untracked 
|   3|0x0000000080300000, 0x0000000080400000, 0x0000000080400000|100%|HS|  |TAMS 0x0000000080400000, 0x0000000080300000| Complete 
|   4|0x0000000080400000, 0x0000000080500000, 0x0000000080500000|100%|HC|  |TAMS 0x0000000080500000, 0x0000000080400000| Complete 
|   5|0x0000000080500000, 0x0000000080600000, 0x0000000080600000|100%|HC|  |TAMS 0x0000000080600000, 0x0000000080500000| Complete 
|   6|0x0000000080600000, 0x0000000080700000, 0x0000000080700000|100%| O|  |TAMS 0x0000000080700000, 0x0000000080600000| Untracked 
|   7|0x0000000080700000, 0x0000000080800000, 0x0000000080800000|100%| O|  |TAMS 0x0000000080800000, 0x0000000080700000| Untracked 
|   8|0x0000000080800000, 0x0000000080900000, 0x0000000080900000|100%| O|  |TAMS 0x0000000080900000, 0x0000000080800000| Untracked 
|   9|0x0000000080900000, 0x0000000080a00000, 0x0000000080a00000|100%| O|  |TAMS 0x0000000080a00000, 0x0000000080900000| Untracked 
|  10|0x0000000080a00000, 0x0000000080b00000, 0x0000000080b00000|100%| O|  |TAMS 0x0000000080b00000, 0x0000000080a00000| Untracked 
|  11|0x0000000080b00000, 0x0000000080c00000, 0x0000000080c00000|100%| O|  |TAMS 0x0000000080c00000, 0x0000000080b00000| Untracked 
|  12|0x0000000080c00000, 0x0000000080d00000, 0x0000000080d00000|100%| O|  |TAMS 0x0000000080d00000, 0x0000000080c00000| Complete 
|  13|0x0000000080d00000, 0x0000000080e00000, 0x0000000080e00000|100%| O|  |TAMS 0x0000000080e00000, 0x0000000080d00000| Untracked 
|  14|0x0000000080e00000, 0x0000000080f00000, 0x0000000080f00000|100%| O|  |TAMS 0x0000000080f00000, 0x0000000080e00000| Untracked 
|  15|0x0000000080f00000, 0x0000000081000000, 0x0000000081000000|100%| O|  |TAMS 0x0000000081000000, 0x0000000080f00000| Complete 
|  16|0x0000000081000000, 0x0000000081100000, 0x0000000081100000|100%| O|  |TAMS 0x0000000081100000, 0x0000000081000000| Untracked 
|  17|0x0000000081100000, 0x0000000081200000, 0x0000000081200000|100%| O|  |TAMS 0x0000000081200000, 0x0000000081100000| Untracked 
|  18|0x0000000081200000, 0x0000000081300000, 0x0000000081300000|100%| O|  |TAMS 0x0000000081300000, 0x0000000081200000| Complete 
|  19|0x0000000081300000, 0x0000000081400000, 0x0000000081400000|100%| O|  |TAMS 0x0000000081400000, 0x0000000081300000| Untracked 
|  20|0x0000000081400000, 0x0000000081500000, 0x0000000081500000|100%| O|  |TAMS 0x0000000081500000, 0x0000000081400000| Untracked 
|  21|0x0000000081500000, 0x0000000081600000, 0x0000000081600000|100%| O|  |TAMS 0x0000000081600000, 0x0000000081500000| Untracked 
|  22|0x0000000081600000, 0x0000000081700000, 0x0000000081700000|100%| O|  |TAMS 0x0000000081700000, 0x0000000081600000| Complete 
|  23|0x0000000081700000, 0x0000000081800000, 0x0000000081800000|100%| O|  |TAMS 0x0000000081800000, 0x0000000081700000| Untracked 
|  24|0x0000000081800000, 0x0000000081900000, 0x0000000081900000|100%| O|  |TAMS 0x0000000081900000, 0x0000000081800000| Untracked 
|  25|0x0000000081900000, 0x0000000081a00000, 0x0000000081a00000|100%| O|  |TAMS 0x0000000081a00000, 0x0000000081900000| Untracked 
|  26|0x0000000081a00000, 0x0000000081b00000, 0x0000000081b00000|100%| O|  |TAMS 0x0000000081b00000, 0x0000000081a00000| Complete 
|  27|0x0000000081b00000, 0x0000000081c00000, 0x0000000081c00000|100%|HS|  |TAMS 0x0000000081c00000, 0x0000000081b00000| Complete 
|  28|0x0000000081c00000, 0x0000000081d00000, 0x0000000081d00000|100%|HS|  |TAMS 0x0000000081d00000, 0x0000000081c00000| Complete 
|  29|0x0000000081d00000, 0x0000000081e00000, 0x0000000081e00000|100%|HS|  |TAMS 0x0000000081e00000, 0x0000000081d00000| Complete 
|  30|0x0000000081e00000, 0x0000000081f00000, 0x0000000081f00000|100%|HC|  |TAMS 0x0000000081f00000, 0x0000000081e00000| Complete 
|  31|0x0000000081f00000, 0x0000000082000000, 0x0000000082000000|100%| O|  |TAMS 0x0000000082000000, 0x0000000081f00000| Untracked 
|  32|0x0000000082000000, 0x0000000082100000, 0x0000000082100000|100%| O|  |TAMS 0x0000000082100000, 0x0000000082000000| Untracked 
|  33|0x0000000082100000, 0x0000000082200000, 0x0000000082200000|100%| O|  |TAMS 0x0000000082200000, 0x0000000082100000| Untracked 
|  34|0x0000000082200000, 0x0000000082300000, 0x0000000082300000|100%| O|  |TAMS 0x0000000082300000, 0x0000000082200000| Complete 
|  35|0x0000000082300000, 0x0000000082400000, 0x0000000082400000|100%| O|  |TAMS 0x0000000082400000, 0x0000000082300000| Untracked 
|  36|0x0000000082400000, 0x0000000082500000, 0x0000000082500000|100%| O|  |TAMS 0x0000000082500000, 0x0000000082400000| Untracked 
|  37|0x0000000082500000, 0x0000000082600000, 0x0000000082600000|100%| O|  |TAMS 0x0000000082600000, 0x0000000082500000| Complete 
|  38|0x0000000082600000, 0x0000000082700000, 0x0000000082700000|100%| O|  |TAMS 0x0000000082700000, 0x0000000082600000| Untracked 
|  39|0x0000000082700000, 0x0000000082800000, 0x0000000082800000|100%| O|  |TAMS 0x0000000082800000, 0x0000000082700000| Complete 
|  40|0x0000000082800000, 0x0000000082900000, 0x0000000082900000|100%| O|  |TAMS 0x0000000082900000, 0x0000000082800000| Untracked 
|  41|0x0000000082900000, 0x0000000082a00000, 0x0000000082a00000|100%| O|  |TAMS 0x0000000082a00000, 0x0000000082900000| Untracked 
|  42|0x0000000082a00000, 0x0000000082b00000, 0x0000000082b00000|100%| O|  |TAMS 0x0000000082b00000, 0x0000000082a00000| Untracked 
|  43|0x0000000082b00000, 0x0000000082c00000, 0x0000000082c00000|100%| O|  |TAMS 0x0000000082c00000, 0x0000000082b00000| Complete 
|  44|0x0000000082c00000, 0x0000000082d00000, 0x0000000082d00000|100%| O|  |TAMS 0x0000000082d00000, 0x0000000082c00000| Untracked 
|  45|0x0000000082d00000, 0x0000000082e00000, 0x0000000082e00000|100%| O|  |TAMS 0x0000000082e00000, 0x0000000082d00000| Untracked 
|  46|0x0000000082e00000, 0x0000000082f00000, 0x0000000082f00000|100%| O|  |TAMS 0x0000000082f00000, 0x0000000082e00000| Untracked 
|  47|0x0000000082f00000, 0x0000000083000000, 0x0000000083000000|100%| O|  |TAMS 0x0000000083000000, 0x0000000082f00000| Untracked 
|  48|0x0000000083000000, 0x0000000083100000, 0x0000000083100000|100%| O|  |TAMS 0x0000000083100000, 0x0000000083000000| Untracked 
|  49|0x0000000083100000, 0x0000000083200000, 0x0000000083200000|100%| O|  |TAMS 0x0000000083200000, 0x0000000083100000| Untracked 
|  50|0x0000000083200000, 0x0000000083300000, 0x0000000083300000|100%| O|  |TAMS 0x0000000083300000, 0x0000000083200000| Untracked 
|  51|0x0000000083300000, 0x0000000083400000, 0x0000000083400000|100%| O|  |TAMS 0x0000000083400000, 0x0000000083300000| Complete 
|  52|0x0000000083400000, 0x0000000083500000, 0x0000000083500000|100%| O|  |TAMS 0x0000000083500000, 0x0000000083400000| Untracked 
|  53|0x0000000083500000, 0x0000000083600000, 0x0000000083600000|100%| O|  |TAMS 0x0000000083600000, 0x0000000083500000| Untracked 
|  54|0x0000000083600000, 0x0000000083700000, 0x0000000083700000|100%| O|  |TAMS 0x0000000083700000, 0x0000000083600000| Complete 
|  55|0x0000000083700000, 0x0000000083800000, 0x0000000083800000|100%|HS|  |TAMS 0x0000000083700000, 0x0000000083700000| Complete 
|  56|0x0000000083800000, 0x0000000083900000, 0x0000000083900000|100%| O|  |TAMS 0x0000000083900000, 0x0000000083800000| Untracked 
|  57|0x0000000083900000, 0x0000000083a00000, 0x0000000083a00000|100%| O|  |TAMS 0x0000000083a00000, 0x0000000083900000| Untracked 
|  58|0x0000000083a00000, 0x0000000083b00000, 0x0000000083b00000|100%| O|  |TAMS 0x0000000083b00000, 0x0000000083a00000| Untracked 
|  59|0x0000000083b00000, 0x0000000083c00000, 0x0000000083c00000|100%| O|  |TAMS 0x0000000083c00000, 0x0000000083b00000| Untracked 
|  60|0x0000000083c00000, 0x0000000083d00000, 0x0000000083d00000|100%| O|  |TAMS 0x0000000083d00000, 0x0000000083c00000| Complete 
|  61|0x0000000083d00000, 0x0000000083e00000, 0x0000000083e00000|100%| O|  |TAMS 0x0000000083e00000, 0x0000000083d00000| Complete 
|  62|0x0000000083e00000, 0x0000000083f00000, 0x0000000083f00000|100%| O|  |TAMS 0x0000000083f00000, 0x0000000083e00000| Complete 
|  63|0x0000000083f00000, 0x0000000084000000, 0x0000000084000000|100%| O|  |TAMS 0x0000000084000000, 0x0000000083f00000| Complete 
|  64|0x0000000084000000, 0x0000000084100000, 0x0000000084100000|100%| O|  |TAMS 0x0000000084100000, 0x0000000084000000| Complete 
|  65|0x0000000084100000, 0x0000000084200000, 0x0000000084200000|100%| O|  |TAMS 0x0000000084200000, 0x0000000084100000| Complete 
|  66|0x0000000084200000, 0x0000000084200000, 0x0000000084300000|  0%| F|  |TAMS 0x0000000084200000, 0x0000000084200000| Untracked 
|  67|0x0000000084300000, 0x0000000084400000, 0x0000000084400000|100%| O|  |TAMS 0x0000000084400000, 0x0000000084300000| Complete 
|  68|0x0000000084400000, 0x0000000084500000, 0x0000000084500000|100%|HS|  |TAMS 0x0000000084400000, 0x0000000084400000| Complete 
|  69|0x0000000084500000, 0x0000000084600000, 0x0000000084600000|100%|HC|  |TAMS 0x0000000084500000, 0x0000000084500000| Complete 
|  70|0x0000000084600000, 0x0000000084600000, 0x0000000084700000|  0%| F|  |TAMS 0x0000000084600000, 0x0000000084600000| Untracked 
|  71|0x0000000084700000, 0x0000000084800000, 0x0000000084800000|100%| O|  |TAMS 0x0000000084800000, 0x0000000084700000| Complete 
|  72|0x0000000084800000, 0x0000000084900000, 0x0000000084900000|100%| O|  |TAMS 0x0000000084900000, 0x0000000084800000| Untracked 
|  73|0x0000000084900000, 0x0000000084a00000, 0x0000000084a00000|100%| O|  |TAMS 0x0000000084a00000, 0x0000000084900000| Untracked 
|  74|0x0000000084a00000, 0x0000000084b00000, 0x0000000084b00000|100%| O|  |TAMS 0x0000000084b00000, 0x0000000084a00000| Untracked 
|  75|0x0000000084b00000, 0x0000000084c00000, 0x0000000084c00000|100%|HS|  |TAMS 0x0000000084b00000, 0x0000000084b00000| Complete 
|  76|0x0000000084c00000, 0x0000000084d00000, 0x0000000084d00000|100%|HC|  |TAMS 0x0000000084c00000, 0x0000000084c00000| Complete 
|  77|0x0000000084d00000, 0x0000000084e00000, 0x0000000084e00000|100%| O|  |TAMS 0x0000000084e00000, 0x0000000084d00000| Complete 
|  78|0x0000000084e00000, 0x0000000084f00000, 0x0000000084f00000|100%| O|  |TAMS 0x0000000084f00000, 0x0000000084e00000| Untracked 
|  79|0x0000000084f00000, 0x0000000085000000, 0x0000000085000000|100%| O|  |TAMS 0x0000000085000000, 0x0000000084f00000| Untracked 
|  80|0x0000000085000000, 0x0000000085100000, 0x0000000085100000|100%| O|  |TAMS 0x0000000085100000, 0x0000000085000000| Untracked 
|  81|0x0000000085100000, 0x0000000085200000, 0x0000000085200000|100%|HS|  |TAMS 0x0000000085100000, 0x0000000085100000| Complete 
|  82|0x0000000085200000, 0x0000000085300000, 0x0000000085300000|100%|HC|  |TAMS 0x0000000085200000, 0x0000000085200000| Complete 
|  83|0x0000000085300000, 0x0000000085400000, 0x0000000085400000|100%| O|  |TAMS 0x0000000085400000, 0x0000000085300000| Complete 
|  84|0x0000000085400000, 0x0000000085500000, 0x0000000085500000|100%| O|  |TAMS 0x0000000085500000, 0x0000000085400000| Complete 
|  85|0x0000000085500000, 0x0000000085600000, 0x0000000085600000|100%| O|  |TAMS 0x0000000085600000, 0x0000000085500000| Complete 
|  86|0x0000000085600000, 0x0000000085700000, 0x0000000085700000|100%| O|  |TAMS 0x0000000085700000, 0x0000000085600000| Untracked 
|  87|0x0000000085700000, 0x0000000085800000, 0x0000000085800000|100%| O|  |TAMS 0x0000000085800000, 0x0000000085700000| Untracked 
|  88|0x0000000085800000, 0x0000000085900000, 0x0000000085900000|100%| O|  |TAMS 0x0000000085900000, 0x0000000085800000| Untracked 
|  89|0x0000000085900000, 0x0000000085a00000, 0x0000000085a00000|100%| O|  |TAMS 0x0000000085a00000, 0x0000000085900000| Untracked 
|  90|0x0000000085a00000, 0x0000000085b00000, 0x0000000085b00000|100%| O|  |TAMS 0x0000000085b00000, 0x0000000085a00000| Complete 
|  91|0x0000000085b00000, 0x0000000085c00000, 0x0000000085c00000|100%| O|  |TAMS 0x0000000085c00000, 0x0000000085b00000| Complete 
|  92|0x0000000085c00000, 0x0000000085d00000, 0x0000000085d00000|100%| O|  |TAMS 0x0000000085d00000, 0x0000000085c00000| Untracked 
|  93|0x0000000085d00000, 0x0000000085e00000, 0x0000000085e00000|100%| O|  |TAMS 0x0000000085e00000, 0x0000000085d00000| Untracked 
|  94|0x0000000085e00000, 0x0000000085f00000, 0x0000000085f00000|100%| O|  |TAMS 0x0000000085f00000, 0x0000000085e00000| Untracked 
|  95|0x0000000085f00000, 0x0000000086000000, 0x0000000086000000|100%| O|  |TAMS 0x0000000086000000, 0x0000000085f00000| Untracked 
|  96|0x0000000086000000, 0x0000000086100000, 0x0000000086100000|100%| O|  |TAMS 0x0000000086100000, 0x0000000086000000| Untracked 
|  97|0x0000000086100000, 0x0000000086200000, 0x0000000086200000|100%| O|  |TAMS 0x0000000086200000, 0x0000000086100000| Untracked 
|  98|0x0000000086200000, 0x0000000086300000, 0x0000000086300000|100%| O|  |TAMS 0x0000000086300000, 0x0000000086200000| Untracked 
|  99|0x0000000086300000, 0x0000000086300000, 0x0000000086400000|  0%| F|  |TAMS 0x0000000086300000, 0x0000000086300000| Untracked 
| 100|0x0000000086400000, 0x0000000086500000, 0x0000000086500000|100%| O|  |TAMS 0x0000000086500000, 0x0000000086400000| Complete 
| 101|0x0000000086500000, 0x0000000086600000, 0x0000000086600000|100%| O|  |TAMS 0x0000000086600000, 0x0000000086500000| Complete 
| 102|0x0000000086600000, 0x0000000086700000, 0x0000000086700000|100%|HS|  |TAMS 0x0000000086600000, 0x0000000086600000| Complete 
| 103|0x0000000086700000, 0x0000000086800000, 0x0000000086800000|100%|HC|  |TAMS 0x0000000086700000, 0x0000000086700000| Complete 
| 104|0x0000000086800000, 0x00000000868dd200, 0x0000000086900000| 86%| O|  |TAMS 0x00000000868dd200, 0x0000000086800000| Untracked 
| 105|0x0000000086900000, 0x0000000086900000, 0x0000000086a00000|  0%| F|  |TAMS 0x0000000086900000, 0x0000000086900000| Untracked 
| 106|0x0000000086a00000, 0x0000000086a00000, 0x0000000086b00000|  0%| F|  |TAMS 0x0000000086a00000, 0x0000000086a00000| Untracked 
| 107|0x0000000086b00000, 0x0000000086b00000, 0x0000000086c00000|  0%| F|  |TAMS 0x0000000086b00000, 0x0000000086b00000| Untracked 
| 108|0x0000000086c00000, 0x0000000086c00000, 0x0000000086d00000|  0%| F|  |TAMS 0x0000000086c00000, 0x0000000086c00000| Untracked 
| 109|0x0000000086d00000, 0x0000000086e00000, 0x0000000086e00000|100%| O|  |TAMS 0x0000000086e00000, 0x0000000086d00000| Complete 
| 110|0x0000000086e00000, 0x0000000086f00000, 0x0000000086f00000|100%| O|  |TAMS 0x0000000086f00000, 0x0000000086e00000| Complete 
| 111|0x0000000086f00000, 0x0000000087000000, 0x0000000087000000|100%| O|  |TAMS 0x0000000087000000, 0x0000000086f00000| Complete 
| 112|0x0000000087000000, 0x0000000087100000, 0x0000000087100000|100%| O|  |TAMS 0x0000000087100000, 0x0000000087000000| Complete 
| 113|0x0000000087100000, 0x0000000087200000, 0x0000000087200000|100%| O|  |TAMS 0x0000000087200000, 0x0000000087100000| Complete 
| 114|0x0000000087200000, 0x0000000087300000, 0x0000000087300000|100%| O|  |TAMS 0x0000000087300000, 0x0000000087200000| Complete 
| 115|0x0000000087300000, 0x0000000087400000, 0x0000000087400000|100%| O|  |TAMS 0x0000000087400000, 0x0000000087300000| Complete 
| 116|0x0000000087400000, 0x0000000087500000, 0x0000000087500000|100%| O|  |TAMS 0x0000000087500000, 0x0000000087400000| Complete 
| 117|0x0000000087500000, 0x0000000087600000, 0x0000000087600000|100%| O|  |TAMS 0x0000000087600000, 0x0000000087500000| Complete 
| 118|0x0000000087600000, 0x0000000087600000, 0x0000000087700000|  0%| F|  |TAMS 0x0000000087600000, 0x0000000087600000| Untracked 
| 119|0x0000000087700000, 0x0000000087700000, 0x0000000087800000|  0%| F|  |TAMS 0x0000000087700000, 0x0000000087700000| Untracked 
| 120|0x0000000087800000, 0x0000000087800000, 0x0000000087900000|  0%| F|  |TAMS 0x0000000087800000, 0x0000000087800000| Untracked 
| 121|0x0000000087900000, 0x0000000087900000, 0x0000000087a00000|  0%| F|  |TAMS 0x0000000087900000, 0x0000000087900000| Untracked 
| 122|0x0000000087a00000, 0x0000000087a00000, 0x0000000087b00000|  0%| F|  |TAMS 0x0000000087a00000, 0x0000000087a00000| Untracked 
| 123|0x0000000087b00000, 0x0000000087b00000, 0x0000000087c00000|  0%| F|  |TAMS 0x0000000087b00000, 0x0000000087b00000| Untracked 
| 124|0x0000000087c00000, 0x0000000087c00000, 0x0000000087d00000|  0%| F|  |TAMS 0x0000000087c00000, 0x0000000087c00000| Untracked 
| 125|0x0000000087d00000, 0x0000000087d00000, 0x0000000087e00000|  0%| F|  |TAMS 0x0000000087d00000, 0x0000000087d00000| Untracked 
| 126|0x0000000087e00000, 0x0000000087e00000, 0x0000000087f00000|  0%| F|  |TAMS 0x0000000087e00000, 0x0000000087e00000| Untracked 
| 127|0x0000000087f00000, 0x0000000087f00000, 0x0000000088000000|  0%| F|  |TAMS 0x0000000087f00000, 0x0000000087f00000| Untracked 
| 128|0x0000000088000000, 0x0000000088000000, 0x0000000088100000|  0%| F|  |TAMS 0x0000000088000000, 0x0000000088000000| Untracked 
| 129|0x0000000088100000, 0x0000000088100000, 0x0000000088200000|  0%| F|  |TAMS 0x0000000088100000, 0x0000000088100000| Untracked 
| 130|0x0000000088200000, 0x0000000088200000, 0x0000000088300000|  0%| F|  |TAMS 0x0000000088200000, 0x0000000088200000| Untracked 
| 131|0x0000000088300000, 0x0000000088300000, 0x0000000088400000|  0%| F|  |TAMS 0x0000000088300000, 0x0000000088300000| Untracked 
| 132|0x0000000088400000, 0x0000000088400000, 0x0000000088500000|  0%| F|  |TAMS 0x0000000088400000, 0x0000000088400000| Untracked 
| 133|0x0000000088500000, 0x0000000088500000, 0x0000000088600000|  0%| F|  |TAMS 0x0000000088500000, 0x0000000088500000| Untracked 
| 134|0x0000000088600000, 0x0000000088600000, 0x0000000088700000|  0%| F|  |TAMS 0x0000000088600000, 0x0000000088600000| Untracked 
| 135|0x0000000088700000, 0x0000000088700000, 0x0000000088800000|  0%| F|  |TAMS 0x0000000088700000, 0x0000000088700000| Untracked 
| 136|0x0000000088800000, 0x0000000088800000, 0x0000000088900000|  0%| F|  |TAMS 0x0000000088800000, 0x0000000088800000| Untracked 
| 137|0x0000000088900000, 0x0000000088900000, 0x0000000088a00000|  0%| F|  |TAMS 0x0000000088900000, 0x0000000088900000| Untracked 
| 138|0x0000000088a00000, 0x0000000088a00000, 0x0000000088b00000|  0%| F|  |TAMS 0x0000000088a00000, 0x0000000088a00000| Untracked 
| 139|0x0000000088b00000, 0x0000000088b00000, 0x0000000088c00000|  0%| F|  |TAMS 0x0000000088b00000, 0x0000000088b00000| Untracked 
| 140|0x0000000088c00000, 0x0000000088c00000, 0x0000000088d00000|  0%| F|  |TAMS 0x0000000088c00000, 0x0000000088c00000| Untracked 
| 141|0x0000000088d00000, 0x0000000088d00000, 0x0000000088e00000|  0%| F|  |TAMS 0x0000000088d00000, 0x0000000088d00000| Untracked 
| 142|0x0000000088e00000, 0x0000000088e00000, 0x0000000088f00000|  0%| F|  |TAMS 0x0000000088e00000, 0x0000000088e00000| Untracked 
| 143|0x0000000088f00000, 0x0000000088f00000, 0x0000000089000000|  0%| F|  |TAMS 0x0000000088f00000, 0x0000000088f00000| Untracked 
| 144|0x0000000089000000, 0x0000000089000000, 0x0000000089100000|  0%| F|  |TAMS 0x0000000089000000, 0x0000000089000000| Untracked 
| 145|0x0000000089100000, 0x0000000089100000, 0x0000000089200000|  0%| F|  |TAMS 0x0000000089100000, 0x0000000089100000| Untracked 
| 146|0x0000000089200000, 0x0000000089200000, 0x0000000089300000|  0%| F|  |TAMS 0x0000000089200000, 0x0000000089200000| Untracked 
| 147|0x0000000089300000, 0x0000000089300000, 0x0000000089400000|  0%| F|  |TAMS 0x0000000089300000, 0x0000000089300000| Untracked 
| 148|0x0000000089400000, 0x0000000089400000, 0x0000000089500000|  0%| F|  |TAMS 0x0000000089400000, 0x0000000089400000| Untracked 
| 149|0x0000000089500000, 0x0000000089500000, 0x0000000089600000|  0%| F|  |TAMS 0x0000000089500000, 0x0000000089500000| Untracked 
| 150|0x0000000089600000, 0x0000000089600000, 0x0000000089700000|  0%| F|  |TAMS 0x0000000089600000, 0x0000000089600000| Untracked 
| 151|0x0000000089700000, 0x0000000089700000, 0x0000000089800000|  0%| F|  |TAMS 0x0000000089700000, 0x0000000089700000| Untracked 
| 152|0x0000000089800000, 0x0000000089800000, 0x0000000089900000|  0%| F|  |TAMS 0x0000000089800000, 0x0000000089800000| Untracked 
| 153|0x0000000089900000, 0x0000000089900000, 0x0000000089a00000|  0%| F|  |TAMS 0x0000000089900000, 0x0000000089900000| Untracked 
| 154|0x0000000089a00000, 0x0000000089a00000, 0x0000000089b00000|  0%| F|  |TAMS 0x0000000089a00000, 0x0000000089a00000| Untracked 
| 155|0x0000000089b00000, 0x0000000089b00000, 0x0000000089c00000|  0%| F|  |TAMS 0x0000000089b00000, 0x0000000089b00000| Untracked 
| 156|0x0000000089c00000, 0x0000000089c00000, 0x0000000089d00000|  0%| F|  |TAMS 0x0000000089c00000, 0x0000000089c00000| Untracked 
| 157|0x0000000089d00000, 0x0000000089d00000, 0x0000000089e00000|  0%| F|  |TAMS 0x0000000089d00000, 0x0000000089d00000| Untracked 
| 158|0x0000000089e00000, 0x0000000089e00000, 0x0000000089f00000|  0%| F|  |TAMS 0x0000000089e00000, 0x0000000089e00000| Untracked 
| 159|0x0000000089f00000, 0x0000000089f00000, 0x000000008a000000|  0%| F|  |TAMS 0x0000000089f00000, 0x0000000089f00000| Untracked 
| 160|0x000000008a000000, 0x000000008a000000, 0x000000008a100000|  0%| F|  |TAMS 0x000000008a000000, 0x000000008a000000| Untracked 
| 161|0x000000008a100000, 0x000000008a100000, 0x000000008a200000|  0%| F|  |TAMS 0x000000008a100000, 0x000000008a100000| Untracked 
| 162|0x000000008a200000, 0x000000008a200000, 0x000000008a300000|  0%| F|  |TAMS 0x000000008a200000, 0x000000008a200000| Untracked 
| 163|0x000000008a300000, 0x000000008a300000, 0x000000008a400000|  0%| F|  |TAMS 0x000000008a300000, 0x000000008a300000| Untracked 
| 164|0x000000008a400000, 0x000000008a400000, 0x000000008a500000|  0%| F|  |TAMS 0x000000008a400000, 0x000000008a400000| Untracked 
| 165|0x000000008a500000, 0x000000008a500000, 0x000000008a600000|  0%| F|  |TAMS 0x000000008a500000, 0x000000008a500000| Untracked 
| 166|0x000000008a600000, 0x000000008a600000, 0x000000008a700000|  0%| F|  |TAMS 0x000000008a600000, 0x000000008a600000| Untracked 
| 167|0x000000008a700000, 0x000000008a700000, 0x000000008a800000|  0%| F|  |TAMS 0x000000008a700000, 0x000000008a700000| Untracked 
| 168|0x000000008a800000, 0x000000008a800000, 0x000000008a900000|  0%| F|  |TAMS 0x000000008a800000, 0x000000008a800000| Untracked 
| 169|0x000000008a900000, 0x000000008a900000, 0x000000008aa00000|  0%| F|  |TAMS 0x000000008a900000, 0x000000008a900000| Untracked 
| 170|0x000000008aa00000, 0x000000008aa00000, 0x000000008ab00000|  0%| F|  |TAMS 0x000000008aa00000, 0x000000008aa00000| Untracked 
| 171|0x000000008ab00000, 0x000000008ab00000, 0x000000008ac00000|  0%| F|  |TAMS 0x000000008ab00000, 0x000000008ab00000| Untracked 
| 172|0x000000008ac00000, 0x000000008ac00000, 0x000000008ad00000|  0%| F|  |TAMS 0x000000008ac00000, 0x000000008ac00000| Untracked 
| 173|0x000000008ad00000, 0x000000008ad00000, 0x000000008ae00000|  0%| F|  |TAMS 0x000000008ad00000, 0x000000008ad00000| Untracked 
| 174|0x000000008ae00000, 0x000000008ae00000, 0x000000008af00000|  0%| F|  |TAMS 0x000000008ae00000, 0x000000008ae00000| Untracked 
| 175|0x000000008af00000, 0x000000008af00000, 0x000000008b000000|  0%| F|  |TAMS 0x000000008af00000, 0x000000008af00000| Untracked 
| 176|0x000000008b000000, 0x000000008b000000, 0x000000008b100000|  0%| F|  |TAMS 0x000000008b000000, 0x000000008b000000| Untracked 
| 177|0x000000008b100000, 0x000000008b198438, 0x000000008b200000| 59%| E|  |TAMS 0x000000008b100000, 0x000000008b100000| Complete 
| 178|0x000000008b200000, 0x000000008b300000, 0x000000008b300000|100%| E|CS|TAMS 0x000000008b200000, 0x000000008b200000| Complete 
| 179|0x000000008b300000, 0x000000008b400000, 0x000000008b400000|100%| E|CS|TAMS 0x000000008b300000, 0x000000008b300000| Complete 
| 180|0x000000008b400000, 0x000000008b500000, 0x000000008b500000|100%| E|CS|TAMS 0x000000008b400000, 0x000000008b400000| Complete 
| 181|0x000000008b500000, 0x000000008b600000, 0x000000008b600000|100%| E|  |TAMS 0x000000008b500000, 0x000000008b500000| Complete 
| 182|0x000000008b600000, 0x000000008b700000, 0x000000008b700000|100%| E|CS|TAMS 0x000000008b600000, 0x000000008b600000| Complete 
| 183|0x000000008b700000, 0x000000008b800000, 0x000000008b800000|100%| E|CS|TAMS 0x000000008b700000, 0x000000008b700000| Complete 
| 184|0x000000008b800000, 0x000000008b900000, 0x000000008b900000|100%| E|CS|TAMS 0x000000008b800000, 0x000000008b800000| Complete 
| 185|0x000000008b900000, 0x000000008ba00000, 0x000000008ba00000|100%| E|CS|TAMS 0x000000008b900000, 0x000000008b900000| Complete 
| 186|0x000000008ba00000, 0x000000008bb00000, 0x000000008bb00000|100%| E|CS|TAMS 0x000000008ba00000, 0x000000008ba00000| Complete 
| 187|0x000000008bb00000, 0x000000008bc00000, 0x000000008bc00000|100%| E|CS|TAMS 0x000000008bb00000, 0x000000008bb00000| Complete 
| 188|0x000000008bc00000, 0x000000008bd00000, 0x000000008bd00000|100%| E|CS|TAMS 0x000000008bc00000, 0x000000008bc00000| Complete 
| 189|0x000000008bd00000, 0x000000008be00000, 0x000000008be00000|100%| E|CS|TAMS 0x000000008bd00000, 0x000000008bd00000| Complete 
| 190|0x000000008be00000, 0x000000008bf00000, 0x000000008bf00000|100%| E|CS|TAMS 0x000000008be00000, 0x000000008be00000| Complete 
| 191|0x000000008bf00000, 0x000000008c000000, 0x000000008c000000|100%| E|CS|TAMS 0x000000008bf00000, 0x000000008bf00000| Complete 
| 192|0x000000008c000000, 0x000000008c100000, 0x000000008c100000|100%| E|CS|TAMS 0x000000008c000000, 0x000000008c000000| Complete 
| 193|0x000000008c100000, 0x000000008c200000, 0x000000008c200000|100%| E|CS|TAMS 0x000000008c100000, 0x000000008c100000| Complete 
| 194|0x000000008c200000, 0x000000008c300000, 0x000000008c300000|100%| E|CS|TAMS 0x000000008c200000, 0x000000008c200000| Complete 
| 195|0x000000008c300000, 0x000000008c400000, 0x000000008c400000|100%| E|CS|TAMS 0x000000008c300000, 0x000000008c300000| Complete 
| 196|0x000000008c400000, 0x000000008c500000, 0x000000008c500000|100%| E|CS|TAMS 0x000000008c400000, 0x000000008c400000| Complete 
| 197|0x000000008c500000, 0x000000008c600000, 0x000000008c600000|100%| E|CS|TAMS 0x000000008c500000, 0x000000008c500000| Complete 
| 198|0x000000008c600000, 0x000000008c700000, 0x000000008c700000|100%| E|CS|TAMS 0x000000008c600000, 0x000000008c600000| Complete 
| 199|0x000000008c700000, 0x000000008c800000, 0x000000008c800000|100%| E|CS|TAMS 0x000000008c700000, 0x000000008c700000| Complete 
| 200|0x000000008c800000, 0x000000008c900000, 0x000000008c900000|100%| E|CS|TAMS 0x000000008c800000, 0x000000008c800000| Complete 
| 201|0x000000008c900000, 0x000000008ca00000, 0x000000008ca00000|100%| E|CS|TAMS 0x000000008c900000, 0x000000008c900000| Complete 
| 202|0x000000008ca00000, 0x000000008cb00000, 0x000000008cb00000|100%| E|CS|TAMS 0x000000008ca00000, 0x000000008ca00000| Complete 
| 203|0x000000008cb00000, 0x000000008cc00000, 0x000000008cc00000|100%| E|CS|TAMS 0x000000008cb00000, 0x000000008cb00000| Complete 
| 204|0x000000008cc00000, 0x000000008cd00000, 0x000000008cd00000|100%| E|CS|TAMS 0x000000008cc00000, 0x000000008cc00000| Complete 
| 205|0x000000008cd00000, 0x000000008ce00000, 0x000000008ce00000|100%| E|CS|TAMS 0x000000008cd00000, 0x000000008cd00000| Complete 
| 206|0x000000008ce00000, 0x000000008cf00000, 0x000000008cf00000|100%| E|CS|TAMS 0x000000008ce00000, 0x000000008ce00000| Complete 
| 207|0x000000008cf00000, 0x000000008d000000, 0x000000008d000000|100%| E|CS|TAMS 0x000000008cf00000, 0x000000008cf00000| Complete 
| 208|0x000000008d000000, 0x000000008d100000, 0x000000008d100000|100%| E|CS|TAMS 0x000000008d000000, 0x000000008d000000| Complete 
| 209|0x000000008d100000, 0x000000008d200000, 0x000000008d200000|100%| E|CS|TAMS 0x000000008d100000, 0x000000008d100000| Complete 
| 210|0x000000008d200000, 0x000000008d300000, 0x000000008d300000|100%| E|CS|TAMS 0x000000008d200000, 0x000000008d200000| Complete 
| 211|0x000000008d300000, 0x000000008d400000, 0x000000008d400000|100%| E|CS|TAMS 0x000000008d300000, 0x000000008d300000| Complete 
| 212|0x000000008d400000, 0x000000008d500000, 0x000000008d500000|100%| E|CS|TAMS 0x000000008d400000, 0x000000008d400000| Complete 
| 213|0x000000008d500000, 0x000000008d600000, 0x000000008d600000|100%| E|CS|TAMS 0x000000008d500000, 0x000000008d500000| Complete 
| 214|0x000000008d600000, 0x000000008d700000, 0x000000008d700000|100%| E|CS|TAMS 0x000000008d600000, 0x000000008d600000| Complete 
| 215|0x000000008d700000, 0x000000008d800000, 0x000000008d800000|100%| E|CS|TAMS 0x000000008d700000, 0x000000008d700000| Complete 
| 216|0x000000008d800000, 0x000000008d900000, 0x000000008d900000|100%| E|CS|TAMS 0x000000008d800000, 0x000000008d800000| Complete 
| 217|0x000000008d900000, 0x000000008da00000, 0x000000008da00000|100%| E|CS|TAMS 0x000000008d900000, 0x000000008d900000| Complete 
| 218|0x000000008da00000, 0x000000008dabff00, 0x000000008db00000| 74%| S|CS|TAMS 0x000000008da00000, 0x000000008da00000| Complete 
| 219|0x000000008db00000, 0x000000008dc00000, 0x000000008dc00000|100%| E|CS|TAMS 0x000000008db00000, 0x000000008db00000| Complete 
| 220|0x000000008dc00000, 0x000000008dd00000, 0x000000008dd00000|100%| E|CS|TAMS 0x000000008dc00000, 0x000000008dc00000| Complete 
| 221|0x000000008dd00000, 0x000000008de00000, 0x000000008de00000|100%| E|CS|TAMS 0x000000008dd00000, 0x000000008dd00000| Complete 

Card table byte_map: [0x00000226f5640000,0x00000226f5a40000] _byte_map_base: 0x00000226f5240000

Marking Bits (Prev, Next): (CMBitMap*) 0x00000226e2445300, (CMBitMap*) 0x00000226e24452c8
 Prev Bits: [0x00000226f7e40000, 0x00000226f9e40000)
 Next Bits: [0x00000226f5e40000, 0x00000226f7e40000)

Polling page: 0x00000226e1be0000

Metaspace:

Usage:
  Non-class:    103.69 MB capacity,   101.80 MB ( 98%) used,     1.50 MB (  1%) free+waste,   405.81 KB ( <1%) overhead. 
      Class:     16.24 MB capacity,    15.00 MB ( 92%) used,     1.06 MB (  7%) free+waste,   183.00 KB (  1%) overhead. 
       Both:    119.94 MB capacity,   116.80 MB ( 97%) used,     2.56 MB (  2%) free+waste,   588.81 KB ( <1%) overhead. 

Virtual space:
  Non-class space:      106.00 MB reserved,     104.75 MB ( 99%) committed 
      Class space:        1.00 GB reserved,      17.20 MB (  2%) committed 
             Both:        1.10 GB reserved,     121.95 MB ( 11%) committed 

Chunk freelists:
   Non-Class:  1.06 MB
       Class:  872.00 KB
        Both:  1.91 MB

MaxMetaspaceSize: 17179869184.00 GB
CompressedClassSpaceSize: 1.00 GB
Initial GC threshold: 20.80 MB
Current GC threshold: 201.80 MB
CDS: off

CodeHeap 'non-profiled nmethods': size=120000Kb used=6491Kb max_used=6491Kb free=113508Kb
 bounds [0x00000226ed9e0000, 0x00000226ee040000, 0x00000226f4f10000]
CodeHeap 'profiled nmethods': size=120000Kb used=31558Kb max_used=31558Kb free=88441Kb
 bounds [0x00000226e64b0000, 0x00000226e8390000, 0x00000226ed9e0000]
CodeHeap 'non-nmethods': size=5760Kb used=2452Kb max_used=2495Kb free=3307Kb
 bounds [0x00000226e5f10000, 0x00000226e6190000, 0x00000226e64b0000]
 total_blobs=17227 nmethods=16245 adapters=893
 compilation: enabled
              stopped_count=0, restarted_count=0
 full_count=0

Compilation events (20 events):
Event: 241.985 Thread 0x00000226fd211000 16825       3       org.gradle.api.internal.provider.DefaultValueSourceProviderFactory$LazilyObtainedValue::<init> (31 bytes)
Event: 241.985 Thread 0x00000226fd211000 nmethod 16825 0x00000226e8367610 code [0x00000226e83677e0, 0x00000226e8367b18]
Event: 241.994 Thread 0x00000226fd211000 16827       3       com.android.build.gradle.options.ProjectOptions$OptionValue::setValueForUseAtConfiguration (42 bytes)
Event: 241.996 Thread 0x00000226fd211000 nmethod 16827 0x00000226e8367c10 code [0x00000226e8367f20, 0x00000226e8369378]
Event: 242.002 Thread 0x00000226fd211000 16828   !   3       jdk.internal.reflect.GeneratedConstructorAccessor16::newInstance (53 bytes)
Event: 242.003 Thread 0x00000226fd211000 nmethod 16828 0x00000226e8369b10 code [0x00000226e8369d40, 0x00000226e836a4d8]
Event: 242.026 Thread 0x00000226fd211000 16829       3       org.gradle.initialization.DefaultGradleProperties::find (12 bytes)
Event: 242.026 Thread 0x00000226fd211000 nmethod 16829 0x00000226e836a890 code [0x00000226e836aa60, 0x00000226e836ad08]
Event: 242.043 Thread 0x00000226fd211000 16831       1       org.gradle.api.internal.plugins.DefaultPotentialPluginWithId::getPluginId (5 bytes)
Event: 242.043 Thread 0x00000226fd211000 nmethod 16831 0x00000226ee035690 code [0x00000226ee035840, 0x00000226ee0358f8]
Event: 242.051 Thread 0x00000226fd211000 16832       1       org.gradle.internal.action.DefaultConfigurableRule::isCacheable (5 bytes)
Event: 242.052 Thread 0x00000226fd211000 nmethod 16832 0x00000226ee035990 code [0x00000226ee035b40, 0x00000226ee035bf8]
Event: 242.056 Thread 0x00000226fd211000 16833       3       org.slf4j.LoggerFactory::getLogger (65 bytes)
Event: 242.059 Thread 0x00000226fd211000 nmethod 16833 0x00000226e836ae10 code [0x00000226e836b220, 0x00000226e836ca28]
Event: 242.063 Thread 0x00000226fd211000 16834       1       org.gradle.api.internal.provider.Collectors$ElementFromProvider::size (2 bytes)
Event: 242.063 Thread 0x00000226fd211000 nmethod 16834 0x00000226ee035c90 code [0x00000226ee035e40, 0x00000226ee035ef8]
Event: 242.127 Thread 0x00000226fd211000 16835       3       kotlin.collections.CollectionsKt__CollectionsJVMKt::listOf (11 bytes)
Event: 242.128 Thread 0x00000226fd211000 nmethod 16835 0x00000226e836d310 code [0x00000226e836d500, 0x00000226e836d8c8]
Event: 242.132 Thread 0x00000226fd211000 16836   !   3       jdk.internal.reflect.GeneratedConstructorAccessor20::newInstance (61 bytes)
Event: 242.135 Thread 0x00000226fd211000 nmethod 16836 0x00000226e836da90 code [0x00000226e836dda0, 0x00000226e836efc8]

GC Heap History (20 events):
Event: 12.630 GC heap before
{Heap before GC invocations=23 (full 0):
 garbage-first heap   total 227328K, used 156014K [0x0000000080000000, 0x0000000100000000)
  region size 1024K, 70 young (71680K), 6 survivors (6144K)
 Metaspace       used 91622K, capacity 93890K, committed 94160K, reserved 1130496K
  class space    used 11870K, capacity 12725K, committed 12752K, reserved 1048576K
}
Event: 12.637 GC heap after
{Heap after GC invocations=24 (full 0):
 garbage-first heap   total 227328K, used 94132K [0x0000000080000000, 0x0000000100000000)
  region size 1024K, 7 young (7168K), 7 survivors (7168K)
 Metaspace       used 91622K, capacity 93890K, committed 94160K, reserved 1130496K
  class space    used 11870K, capacity 12725K, committed 12752K, reserved 1048576K
}
Event: 17.192 GC heap before
{Heap before GC invocations=24 (full 0):
 garbage-first heap   total 227328K, used 161716K [0x0000000080000000, 0x0000000100000000)
  region size 1024K, 74 young (75776K), 7 survivors (7168K)
 Metaspace       used 93290K, capacity 95685K, committed 95952K, reserved 1132544K
  class space    used 12041K, capacity 12940K, committed 13008K, reserved 1048576K
}
Event: 17.201 GC heap after
{Heap after GC invocations=25 (full 0):
 garbage-first heap   total 227328K, used 100460K [0x0000000080000000, 0x0000000100000000)
  region size 1024K, 9 young (9216K), 9 survivors (9216K)
 Metaspace       used 93290K, capacity 95685K, committed 95952K, reserved 1132544K
  class space    used 12041K, capacity 12940K, committed 13008K, reserved 1048576K
}
Event: 19.145 GC heap before
{Heap before GC invocations=25 (full 0):
 garbage-first heap   total 227328K, used 169068K [0x0000000080000000, 0x0000000100000000)
  region size 1024K, 75 young (76800K), 9 survivors (9216K)
 Metaspace       used 100178K, capacity 102715K, committed 102992K, reserved 1138688K
  class space    used 12883K, capacity 13854K, committed 13904K, reserved 1048576K
}
Event: 19.159 GC heap after
{Heap after GC invocations=26 (full 0):
 garbage-first heap   total 227328K, used 113216K [0x0000000080000000, 0x0000000100000000)
  region size 1024K, 10 young (10240K), 10 survivors (10240K)
 Metaspace       used 100178K, capacity 102715K, committed 102992K, reserved 1138688K
  class space    used 12883K, capacity 13854K, committed 13904K, reserved 1048576K
}
Event: 19.937 GC heap before
{Heap before GC invocations=26 (full 0):
 garbage-first heap   total 227328K, used 173632K [0x0000000080000000, 0x0000000100000000)
  region size 1024K, 69 young (70656K), 10 survivors (10240K)
 Metaspace       used 102780K, capacity 105468K, committed 105552K, reserved 1140736K
  class space    used 13096K, capacity 14101K, committed 14160K, reserved 1048576K
}
Event: 19.976 GC heap after
{Heap after GC invocations=27 (full 0):
 garbage-first heap   total 227328K, used 119241K [0x0000000080000000, 0x0000000100000000)
  region size 1024K, 6 young (6144K), 6 survivors (6144K)
 Metaspace       used 102780K, capacity 105468K, committed 105552K, reserved 1140736K
  class space    used 13096K, capacity 14101K, committed 14160K, reserved 1048576K
}
Event: 20.758 GC heap before
{Heap before GC invocations=28 (full 0):
 garbage-first heap   total 227328K, used 170441K [0x0000000080000000, 0x0000000100000000)
  region size 1024K, 63 young (64512K), 6 survivors (6144K)
 Metaspace       used 108556K, capacity 111412K, committed 111568K, reserved 1146880K
  class space    used 13885K, capacity 14978K, committed 15056K, reserved 1048576K
}
Event: 20.775 GC heap after
{Heap after GC invocations=29 (full 0):
 garbage-first heap   total 227328K, used 119808K [0x0000000080000000, 0x0000000100000000)
  region size 1024K, 8 young (8192K), 8 survivors (8192K)
 Metaspace       used 108556K, capacity 111412K, committed 111568K, reserved 1146880K
  class space    used 13885K, capacity 14978K, committed 15056K, reserved 1048576K
}
Event: 20.805 GC heap before
{Heap before GC invocations=29 (full 0):
 garbage-first heap   total 227328K, used 121856K [0x0000000080000000, 0x0000000100000000)
  region size 1024K, 11 young (11264K), 8 survivors (8192K)
 Metaspace       used 108981K, capacity 111888K, committed 112080K, reserved 1146880K
  class space    used 13938K, capacity 15030K, committed 15056K, reserved 1048576K
}
Event: 20.815 GC heap after
{Heap after GC invocations=30 (full 0):
 garbage-first heap   total 227328K, used 119273K [0x0000000080000000, 0x0000000100000000)
  region size 1024K, 2 young (2048K), 2 survivors (2048K)
 Metaspace       used 108981K, capacity 111888K, committed 112080K, reserved 1146880K
  class space    used 13938K, capacity 15030K, committed 15056K, reserved 1048576K
}
Event: 21.217 GC heap before
{Heap before GC invocations=30 (full 0):
 garbage-first heap   total 227328K, used 175593K [0x0000000080000000, 0x0000000100000000)
  region size 1024K, 58 young (59392K), 2 survivors (2048K)
 Metaspace       used 115459K, capacity 119283K, committed 119376K, reserved 1153024K
  class space    used 15155K, capacity 16702K, committed 16720K, reserved 1048576K
}
Event: 21.228 GC heap after
{Heap after GC invocations=31 (full 0):
 garbage-first heap   total 227328K, used 122846K [0x0000000080000000, 0x0000000100000000)
  region size 1024K, 5 young (5120K), 5 survivors (5120K)
 Metaspace       used 115459K, capacity 119283K, committed 119376K, reserved 1153024K
  class space    used 15155K, capacity 16702K, committed 16720K, reserved 1048576K
}
Event: 22.114 GC heap before
{Heap before GC invocations=32 (full 0):
 garbage-first heap   total 227328K, used 178142K [0x0000000080000000, 0x0000000100000000)
  region size 1024K, 61 young (62464K), 5 survivors (5120K)
 Metaspace       used 118568K, capacity 122411K, committed 123088K, reserved 1155072K
  class space    used 15527K, capacity 17073K, committed 17360K, reserved 1048576K
}
Event: 22.122 GC heap after
{Heap after GC invocations=33 (full 0):
 garbage-first heap   total 227328K, used 119945K [0x0000000080000000, 0x0000000100000000)
  region size 1024K, 2 young (2048K), 2 survivors (2048K)
 Metaspace       used 118568K, capacity 122411K, committed 123088K, reserved 1155072K
  class space    used 15527K, capacity 17073K, committed 17360K, reserved 1048576K
}
Event: 22.519 GC heap before
{Heap before GC invocations=33 (full 0):
 garbage-first heap   total 227328K, used 144521K [0x0000000080000000, 0x0000000100000000)
  region size 1024K, 12 young (12288K), 2 survivors (2048K)
 Metaspace       used 119193K, capacity 123065K, committed 123728K, reserved 1155072K
  class space    used 15616K, capacity 17205K, committed 17488K, reserved 1048576K
}
Event: 22.524 GC heap after
{Heap after GC invocations=34 (full 0):
 garbage-first heap   total 227328K, used 122328K [0x0000000080000000, 0x0000000100000000)
  region size 1024K, 2 young (2048K), 2 survivors (2048K)
 Metaspace       used 119193K, capacity 123065K, committed 123728K, reserved 1155072K
  class space    used 15616K, capacity 17205K, committed 17488K, reserved 1048576K
}
Event: 22.701 GC heap before
{Heap before GC invocations=34 (full 0):
 garbage-first heap   total 227328K, used 124376K [0x0000000080000000, 0x0000000100000000)
  region size 1024K, 5 young (5120K), 2 survivors (2048K)
 Metaspace       used 119336K, capacity 123293K, committed 123728K, reserved 1155072K
  class space    used 15636K, capacity 17238K, committed 17488K, reserved 1048576K
}
Event: 22.704 GC heap after
{Heap after GC invocations=35 (full 0):
 garbage-first heap   total 227328K, used 105076K [0x0000000080000000, 0x0000000100000000)
  region size 1024K, 1 young (1024K), 1 survivors (1024K)
 Metaspace       used 119336K, capacity 123293K, committed 123728K, reserved 1155072K
  class space    used 15636K, capacity 17238K, committed 17488K, reserved 1048576K
}

Deoptimization events (20 events):
Event: 240.348 Thread 0x000002268a966000 DEOPT PACKING pc=0x00000226edfd8b78 sp=0x0000004dc73f8d60
Event: 240.348 Thread 0x000002268a966000 DEOPT UNPACKING pc=0x00000226e5f5a1af sp=0x0000004dc73f8d00 mode 2
Event: 240.624 Thread 0x000002268a966000 Uncommon trap: trap_request=0xffffffde fr.pc=0x00000226edf876f8 relative=0x0000000000000438
Event: 240.624 Thread 0x000002268a966000 Uncommon trap: reason=class_check action=maybe_recompile pc=0x00000226edf876f8 method=org.gradle.cache.internal.LockOnDemandCrossProcessCacheAccess.incrementLockCount()V @ 97 c2
Event: 240.624 Thread 0x000002268a966000 DEOPT PACKING pc=0x00000226edf876f8 sp=0x0000004dc73f7aa0
Event: 240.624 Thread 0x000002268a966000 DEOPT UNPACKING pc=0x00000226e5f5a1af sp=0x0000004dc73f7a50 mode 2
Event: 240.772 Thread 0x000002268a966000 DEOPT PACKING pc=0x00000226e6cc5c24 sp=0x0000004dc73f8990
Event: 240.772 Thread 0x000002268a966000 DEOPT UNPACKING pc=0x00000226e5f5a95e sp=0x0000004dc73f7e50 mode 0
Event: 240.993 Thread 0x0000022680b84800 DEOPT PACKING pc=0x00000226e7a7f3c4 sp=0x0000004dc95fd910
Event: 240.993 Thread 0x0000022680b84800 DEOPT UNPACKING pc=0x00000226e5f5a95e sp=0x0000004dc95fceb0 mode 0
Event: 241.019 Thread 0x00000226ffe91800 DEOPT PACKING pc=0x00000226e7a7f3c4 sp=0x0000004dca3fcf70
Event: 241.019 Thread 0x00000226ffe91800 DEOPT UNPACKING pc=0x00000226e5f5a95e sp=0x0000004dca3fc510 mode 0
Event: 241.042 Thread 0x0000022685583800 DEOPT PACKING pc=0x00000226e7a7f3c4 sp=0x0000004dccdfd570
Event: 241.042 Thread 0x0000022685583800 DEOPT UNPACKING pc=0x00000226e5f5a95e sp=0x0000004dccdfcb10 mode 0
Event: 241.163 Thread 0x00000226fde43000 DEOPT PACKING pc=0x00000226e7a7f3c4 sp=0x0000004dcbbfdba0
Event: 241.163 Thread 0x00000226fde43000 DEOPT UNPACKING pc=0x00000226e5f5a95e sp=0x0000004dcbbfd140 mode 0
Event: 241.303 Thread 0x0000022680b89000 DEOPT PACKING pc=0x00000226e7a7f3c4 sp=0x0000004dce4fe140
Event: 241.303 Thread 0x0000022680b89000 DEOPT UNPACKING pc=0x00000226e5f5a95e sp=0x0000004dce4fd6e0 mode 0
Event: 241.362 Thread 0x0000022680456000 DEOPT PACKING pc=0x00000226e7a7f3c4 sp=0x0000004dc8afe620
Event: 241.362 Thread 0x0000022680456000 DEOPT UNPACKING pc=0x00000226e5f5a95e sp=0x0000004dc8afdbc0 mode 0

Classes redefined (0 events):
No events

Internal exceptions (20 events):
Event: 21.833 Thread 0x00000226fde3f800 Exception <a 'sun/nio/fs/WindowsException'{0x000000008b414d60}> (0x000000008b414d60) thrown at [./src/hotspot/share/prims/jni.cpp, line 615]
Event: 21.873 Thread 0x0000022680b8f800 Exception <a 'sun/nio/fs/WindowsException'{0x000000008af8e050}> (0x000000008af8e050) thrown at [./src/hotspot/share/prims/jni.cpp, line 615]
Event: 21.895 Thread 0x00000226fde3f800 Exception <a 'sun/nio/fs/WindowsException'{0x000000008aedaab0}> (0x000000008aedaab0) thrown at [./src/hotspot/share/prims/jni.cpp, line 615]
Event: 21.965 Thread 0x0000022680b8c000 Exception <a 'sun/nio/fs/WindowsException'{0x000000008ac97448}> (0x000000008ac97448) thrown at [./src/hotspot/share/prims/jni.cpp, line 615]
Event: 21.965 Thread 0x0000022680b8c000 Exception <a 'sun/nio/fs/WindowsException'{0x000000008ac982b0}> (0x000000008ac982b0) thrown at [./src/hotspot/share/prims/jni.cpp, line 615]
Event: 22.045 Thread 0x0000022680b90000 Exception <a 'sun/nio/fs/WindowsException'{0x000000008a74da10}> (0x000000008a74da10) thrown at [./src/hotspot/share/prims/jni.cpp, line 615]
Event: 22.050 Thread 0x0000022680b90000 Implicit null exception at 0x00000226edb34f04 to 0x00000226edb3787c
Event: 22.101 Thread 0x0000022680b90000 Exception <a 'java/lang/NoSuchMethodError'{0x000000008a7ffd28}: 'java.lang.Object java.lang.invoke.DirectMethodHandle$Holder.invokeStatic(java.lang.Object, java.lang.Object, java.lang.Object, java.lang.Object, java.lang.Object, int, java.lang.Object)'> (0x000000008a7ffd28) thrown at [./src/hotspot/share/interpreter/linkResolver.cpp, line 773]
Event: 22.101 Thread 0x0000022680b90000 Exception <a 'java/lang/NoSuchMethodError'{0x000000008a603d70}: 'java.lang.Object java.lang.invoke.DirectMethodHandle$Holder.invokeSpecial(java.lang.Object, java.lang.Object, java.lang.Object, java.lang.Object, java.lang.Object, java.lang.Object, int, java.lang.Object)'> (0x000000008a603d70) thrown at [./src/hotspot/share/interpreter/linkResolver.cpp, line 773]
Event: 22.102 Thread 0x0000022680b90000 Exception <a 'java/lang/NoSuchMethodError'{0x000000008a607618}: 'java.lang.Object java.lang.invoke.Invokers$Holder.linkToTargetMethod(java.lang.Object, java.lang.Object, java.lang.Object, java.lang.Object, int, java.lang.Object, java.lang.Object)'> (0x000000008a607618) thrown at [./src/hotspot/share/interpreter/linkResolver.cpp, line 773]
Event: 22.245 Thread 0x0000022680b90000 Exception <a 'sun/nio/fs/WindowsException'{0x000000008d875168}> (0x000000008d875168) thrown at [./src/hotspot/share/prims/jni.cpp, line 615]
Event: 22.245 Thread 0x0000022680b90000 Exception <a 'sun/nio/fs/WindowsException'{0x000000008d875298}> (0x000000008d875298) thrown at [./src/hotspot/share/prims/jni.cpp, line 615]
Event: 22.764 Thread 0x0000022680b90000 Exception <a 'java/lang/NoSuchMethodError'{0x000000008db34078}: 'java.lang.Object java.lang.invoke.DirectMethodHandle$Holder.invokeVirtual(java.lang.Object, java.lang.Object, int)'> (0x000000008db34078) thrown at [./src/hotspot/share/interpreter/linkResolver.cpp, line 773]
Event: 22.940 Thread 0x00000226ff651800 Exception <a 'sun/nio/fs/WindowsException'{0x000000008d88c9d8}> (0x000000008d88c9d8) thrown at [./src/hotspot/share/prims/jni.cpp, line 615]
Event: 22.940 Thread 0x00000226ff651800 Exception <a 'sun/nio/fs/WindowsException'{0x000000008d88ca58}> (0x000000008d88ca58) thrown at [./src/hotspot/share/prims/jni.cpp, line 615]
Event: 22.942 Thread 0x00000226ff651800 Exception <a 'sun/nio/fs/WindowsException'{0x000000008d89df08}> (0x000000008d89df08) thrown at [./src/hotspot/share/prims/jni.cpp, line 615]
Event: 22.989 Thread 0x00000226ff651800 Exception <a 'java/lang/NoSuchMethodError'{0x000000008d69dd98}: 'java.lang.Object java.lang.invoke.DirectMethodHandle$Holder.invokeSpecial(java.lang.Object, java.lang.Object, java.lang.Object, java.lang.Object, int, java.lang.Object, java.lang.Object)'> (0x000000008d69dd98) thrown at [./src/hotspot/share/interpreter/linkResolver.cpp, line 773]
Event: 32.032 Thread 0x00000226feab1800 Implicit null exception at 0x00000226eda15174 to 0x00000226eda15674
Event: 32.034 Thread 0x00000226feab1800 Implicit null exception at 0x00000226edcd2f94 to 0x00000226edcd3558
Event: 242.106 Thread 0x000002268a966000 Exception <a 'sun/nio/fs/WindowsException'{0x000000008b272d78}> (0x000000008b272d78) thrown at [./src/hotspot/share/prims/jni.cpp, line 615]

Events (20 events):
Event: 241.002 Thread 0x0000022685580800 Thread added: 0x0000022685580800
Event: 241.003 Thread 0x0000022685585000 Thread added: 0x0000022685585000
Event: 241.003 Thread 0x0000022685587000 Thread added: 0x0000022685587000
Event: 241.003 Thread 0x0000022685581000 Thread added: 0x0000022685581000
Event: 241.003 Thread 0x0000022685588800 Thread added: 0x0000022685588800
Event: 241.003 Thread 0x000002268558b000 Thread added: 0x000002268558b000
Event: 241.004 Thread 0x000002268558d800 Thread added: 0x000002268558d800
Event: 241.004 Thread 0x0000022685589800 Thread added: 0x0000022685589800
Event: 241.004 Thread 0x000002268558c800 Thread added: 0x000002268558c800
Event: 241.006 Thread 0x000002268558a000 Thread added: 0x000002268558a000
Event: 241.006 Thread 0x000002268558c000 Thread added: 0x000002268558c000
Event: 241.007 Thread 0x0000022685587800 Thread added: 0x0000022685587800
Event: 241.521 Executing VM operation: RevokeBias
Event: 241.522 Executing VM operation: RevokeBias done
Event: 241.731 Executing VM operation: RevokeBias
Event: 241.731 Executing VM operation: RevokeBias done
Event: 241.943 Executing VM operation: RevokeBias
Event: 241.943 Executing VM operation: RevokeBias done
Event: 242.036 Executing VM operation: RevokeBias
Event: 242.037 Executing VM operation: RevokeBias done


Dynamic libraries:
0x00007ff7bb3f0000 - 0x00007ff7bb3fa000 	C:\Program Files\Android\Android Studio\jre\bin\java.exe
0x00007ff856840000 - 0x00007ff856a49000 	C:\Windows\SYSTEM32\ntdll.dll
0x00007ff8547d0000 - 0x00007ff85488d000 	C:\Windows\System32\KERNEL32.DLL
0x00007ff854350000 - 0x00007ff8546c9000 	C:\Windows\System32\KERNELBASE.dll
0x00007ff853ee0000 - 0x00007ff853ff1000 	C:\Windows\System32\ucrtbase.dll
0x00007ff83a2d0000 - 0x00007ff83a2e9000 	C:\Program Files\Android\Android Studio\jre\bin\jli.dll
0x00007ff829740000 - 0x00007ff829757000 	C:\Program Files\Android\Android Studio\jre\bin\VCRUNTIME140.dll
0x00007ff855340000 - 0x00007ff8554ec000 	C:\Windows\System32\USER32.dll
0x00007ff853eb0000 - 0x00007ff853ed6000 	C:\Windows\System32\win32u.dll
0x00007ff8560c0000 - 0x00007ff8560e9000 	C:\Windows\System32\GDI32.dll
0x00007ff8293e0000 - 0x00007ff829685000 	C:\Windows\WinSxS\amd64_microsoft.windows.common-controls_6595b64144ccf1df_6.0.22000.120_none_9d947278b86cc467\COMCTL32.dll
0x00007ff853d20000 - 0x00007ff853e32000 	C:\Windows\System32\gdi32full.dll
0x00007ff855ef0000 - 0x00007ff855f93000 	C:\Windows\System32\msvcrt.dll
0x00007ff8542b0000 - 0x00007ff85434d000 	C:\Windows\System32\msvcp_win.dll
0x00007ff856710000 - 0x00007ff856741000 	C:\Windows\System32\IMM32.DLL
0x00007ff8130d0000 - 0x00007ff81316d000 	C:\Program Files\Android\Android Studio\jre\bin\msvcp140.dll
0x00007ffffe270000 - 0x00007ffffed55000 	C:\Program Files\Android\Android Studio\jre\bin\server\jvm.dll
0x00007ff855280000 - 0x00007ff85532e000 	C:\Windows\System32\ADVAPI32.dll
0x00007ff8550c0000 - 0x00007ff85515e000 	C:\Windows\System32\sechost.dll
0x00007ff855fa0000 - 0x00007ff8560c0000 	C:\Windows\System32\RPCRT4.dll
0x00007ff855330000 - 0x00007ff855338000 	C:\Windows\System32\PSAPI.DLL
0x00007ff80cd70000 - 0x00007ff80cd79000 	C:\Windows\SYSTEM32\WSOCK32.dll
0x00007ff84f970000 - 0x00007ff84f9a3000 	C:\Windows\SYSTEM32\WINMM.dll
0x00007ff84efc0000 - 0x00007ff84efca000 	C:\Windows\SYSTEM32\VERSION.dll
0x00007ff855050000 - 0x00007ff8550bf000 	C:\Windows\System32\WS2_32.dll
0x00007ff852e20000 - 0x00007ff852e38000 	C:\Windows\SYSTEM32\kernel.appcore.dll
0x00007fffff0a0000 - 0x00007fffff0b1000 	C:\Program Files\Android\Android Studio\jre\bin\verify.dll
0x00007ff84d230000 - 0x00007ff84d451000 	C:\Windows\SYSTEM32\DBGHELP.DLL
0x00007ff842d10000 - 0x00007ff842d41000 	C:\Windows\SYSTEM32\dbgcore.DLL
0x00007ff854230000 - 0x00007ff8542af000 	C:\Windows\System32\bcryptPrimitives.dll
0x00007fffff030000 - 0x00007fffff059000 	C:\Program Files\Android\Android Studio\jre\bin\java.dll
0x00007ff800090000 - 0x00007ff80009b000 	C:\Program Files\Android\Android Studio\jre\bin\jimage.dll
0x00007fffff010000 - 0x00007fffff028000 	C:\Program Files\Android\Android Studio\jre\bin\zip.dll
0x00007ff854890000 - 0x00007ff855048000 	C:\Windows\System32\SHELL32.dll
0x00007ff851e50000 - 0x00007ff8526b7000 	C:\Windows\SYSTEM32\windows.storage.dll
0x00007ff856240000 - 0x00007ff8565b9000 	C:\Windows\System32\combase.dll
0x00007ff851ce0000 - 0x00007ff851e46000 	C:\Windows\SYSTEM32\wintypes.dll
0x00007ff8546e0000 - 0x00007ff8547ca000 	C:\Windows\System32\SHCORE.dll
0x00007ff8566b0000 - 0x00007ff85670d000 	C:\Windows\System32\shlwapi.dll
0x00007ff853c50000 - 0x00007ff853c71000 	C:\Windows\SYSTEM32\profapi.dll
0x00007ffffee10000 - 0x00007ffffee2a000 	C:\Program Files\Android\Android Studio\jre\bin\net.dll
0x00007ff84eeb0000 - 0x00007ff84efbc000 	C:\Windows\SYSTEM32\WINHTTP.dll
0x00007ff853250000 - 0x00007ff8532b7000 	C:\Windows\system32\mswsock.dll
0x00007ffffedf0000 - 0x00007ffffee04000 	C:\Program Files\Android\Android Studio\jre\bin\nio.dll
0x00007ff83bca0000 - 0x00007ff83bcc7000 	C:\Users\truon\.gradle\native\e1d6ef7f7dcc3fd88c89a11ec53ec762bb8ba0a96d01ffa2cd45eb1d1d8dd5c5\windows-amd64\native-platform.dll
0x00007ff812ea0000 - 0x00007ff812fe4000 	C:\Users\truon\.gradle\native\5664cfc778a61ccfe75a443a1ab52a65af34e5dc3c78e0209fed803814484fcb\windows-amd64\native-platform-file-events.dll
0x00007fffff000000 - 0x00007fffff00a000 	C:\Program Files\Android\Android Studio\jre\bin\management.dll
0x00007ffffede0000 - 0x00007ffffeded000 	C:\Program Files\Android\Android Studio\jre\bin\management_ext.dll
0x00007ff8534a0000 - 0x00007ff8534b8000 	C:\Windows\SYSTEM32\CRYPTSP.dll
0x00007ff852d80000 - 0x00007ff852db5000 	C:\Windows\system32\rsaenh.dll
0x00007ff853340000 - 0x00007ff853369000 	C:\Windows\SYSTEM32\USERENV.dll
0x00007ff853680000 - 0x00007ff8536a7000 	C:\Windows\SYSTEM32\bcrypt.dll
0x00007ff853490000 - 0x00007ff85349c000 	C:\Windows\SYSTEM32\CRYPTBASE.dll
0x00007ff852950000 - 0x00007ff85297d000 	C:\Windows\SYSTEM32\IPHLPAPI.DLL
0x00007ff8560f0000 - 0x00007ff8560f9000 	C:\Windows\System32\NSI.dll
0x00007ff84edd0000 - 0x00007ff84ede9000 	C:\Windows\SYSTEM32\dhcpcsvc6.DLL
0x00007ff84f660000 - 0x00007ff84f67e000 	C:\Windows\SYSTEM32\dhcpcsvc.DLL
0x00007ff8529d0000 - 0x00007ff852ab8000 	C:\Windows\SYSTEM32\DNSAPI.dll
0x00007ff852ac0000 - 0x00007ff852af4000 	C:\Windows\SYSTEM32\ntmarta.dll
0x00007ff801bf0000 - 0x00007ff801c17000 	C:\Program Files\Android\Android Studio\jre\bin\sunec.dll

dbghelp: loaded successfully - version: 4.0.5 - missing functions: none
symbol engine: initialized successfully - sym options: 0x614 - pdb path: .;C:\Program Files\Android\Android Studio\jre\bin;C:\Windows\SYSTEM32;C:\Windows\WinSxS\amd64_microsoft.windows.common-controls_6595b64144ccf1df_6.0.22000.120_none_9d947278b86cc467;C:\Program Files\Android\Android Studio\jre\bin\server;C:\Users\truon\.gradle\native\e1d6ef7f7dcc3fd88c89a11ec53ec762bb8ba0a96d01ffa2cd45eb1d1d8dd5c5\windows-amd64;C:\Users\truon\.gradle\native\5664cfc778a61ccfe75a443a1ab52a65af34e5dc3c78e0209fed803814484fcb\windows-amd64

VM Arguments:
jvm_args: --add-opens=java.base/java.util=ALL-UNNAMED --add-opens=java.base/java.lang=ALL-UNNAMED --add-opens=java.base/java.lang.invoke=ALL-UNNAMED --add-opens=java.base/java.util=ALL-UNNAMED --add-opens=java.prefs/java.util.prefs=ALL-UNNAMED --add-opens=java.prefs/java.util.prefs=ALL-UNNAMED --add-opens=java.base/java.nio.charset=ALL-UNNAMED --add-opens=java.base/java.net=ALL-UNNAMED --add-opens=java.base/java.util.concurrent.atomic=ALL-UNNAMED -Xmx2048m -Dfile.encoding=UTF-8 -Duser.country=US -Duser.language=en -Duser.variant 
java_command: org.gradle.launcher.daemon.bootstrap.GradleDaemon 7.3.3
java_class_path (initial): C:\Users\truon\.gradle\wrapper\dists\gradle-7.3.3-bin\6a41zxkdtcxs8rphpq6y0069z\gradle-7.3.3\lib\gradle-launcher-7.3.3.jar
Launcher Type: SUN_STANDARD

[Global flags]
     intx CICompilerCount                          = 4                                         {product} {ergonomic}
     uint ConcGCThreads                            = 2                                         {product} {ergonomic}
     uint G1ConcRefinementThreads                  = 8                                         {product} {ergonomic}
   size_t G1HeapRegionSize                         = 1048576                                   {product} {ergonomic}
    uintx GCDrainStackTargetSize                   = 64                                        {product} {ergonomic}
   size_t InitialHeapSize                          = 134217728                                 {product} {ergonomic}
   size_t MarkStackSize                            = 4194304                                   {product} {ergonomic}
   size_t MaxHeapSize                              = 2147483648                                {product} {command line}
   size_t MaxNewSize                               = 1287651328                                {product} {ergonomic}
   size_t MinHeapDeltaBytes                        = 1048576                                   {product} {ergonomic}
    uintx NonNMethodCodeHeapSize                   = 5836300                                {pd product} {ergonomic}
    uintx NonProfiledCodeHeapSize                  = 122910970                              {pd product} {ergonomic}
    uintx ProfiledCodeHeapSize                     = 122910970                              {pd product} {ergonomic}
    uintx ReservedCodeCacheSize                    = 251658240                              {pd product} {ergonomic}
     bool SegmentedCodeCache                       = true                                      {product} {ergonomic}
     bool UseCompressedClassPointers               = true                                 {lp64_product} {ergonomic}
     bool UseCompressedOops                        = true                                 {lp64_product} {ergonomic}
     bool UseG1GC                                  = true                                      {product} {ergonomic}
     bool UseLargePagesIndividualAllocation        = false                                  {pd product} {ergonomic}

Logging:
Log output configuration:
 #0: stdout all=warning uptime,level,tags
 #1: stderr all=off uptime,level,tags

Environment Variables:
PATH=C:\Program Files (x86)\Common Files\Oracle\Java\javapath;C:\ProgramData\Oracle\Java\javapath;C:\Windows\system32;C:\Windows;C:\Windows\System32\Wbem;C:\Windows\System32\WindowsPowerShell\v1.0\;C:\Windows\System32\OpenSSH\;C:\Program Files\dotnet\;C:\Program Files\Microsoft VS Code\bin;C:\Program Files\Git\cmd;C:\Program Files (x86)\dotnet\;C:\ProgramData\chocolatey\bin;C:\tools\flutter\bin;C:\Program Files\Cloudflare\Cloudflare WARP\;C:\Users\truon\AppData\Local\Microsoft\WindowsApps;;C:\Users\truon\AppData\Local\Programs\oh-my-posh\bin;C:\Program Files\JetBrains\PyCharm Community Edition 2022.1.3\bin;;C:\tools\dart-sdk\bin;C:\Users\truon\AppData\Roaming\Pub\Cache\bin;
USERNAME=truon
OS=Windows_NT
PROCESSOR_IDENTIFIER=Intel64 Family 6 Model 142 Stepping 12, GenuineIntel



---------------  S Y S T E M  ---------------

OS: Windows 10 , 64 bit Build 22000 (10.0.22000.708)
OS uptime: 0 days 0:08 hours

CPU:total 8 (initial active 8) (4 cores per cpu, 2 threads per core) family 6 model 142 stepping 12 microcode 0xf0, cmov, cx8, fxsr, mmx, sse, sse2, sse3, ssse3, sse4.1, sse4.2, popcnt, avx, avx2, aes, clmul, erms, 3dnowpref, lzcnt, ht, tsc, tscinvbit, bmi1, bmi2, adx, fma

Memory: 4k page, system-wide physical 8067M (177M free)
TotalPageFile size 9971M (AvailPageFile size 2M)
current process WorkingSet (physical memory assigned to process): 243M, peak: 546M
current process commit charge ("private bytes"): 580M, peak: 588M

vm_info: OpenJDK 64-Bit Server VM (11.0.12+7-b1504.28-7817840) for windows-amd64 JRE (11.0.12+7-b1504.28-7817840), built on Oct 13 2021 22:12:33 by "builder" with MS VC++ 14.0 (VS2015)

END.
