#
# There is insufficient memory for the Java Runtime Environment to continue.
# Native memory allocation (malloc) failed to allocate 1686416 bytes for Chunk::new
# Possible reasons:
#   The system is out of physical RAM or swap space
#   The process is running with CompressedOops enabled, and the Java Heap may be blocking the growth of the native heap
# Possible solutions:
#   Reduce memory load on the system
#   Increase physical memory or swap space
#   Check if swap backing store is full
#   Decrease Java heap size (-Xmx/-Xms)
#   Decrease number of Java threads
#   Decrease Java thread stack sizes (-Xss)
#   Set larger code cache with -XX:ReservedCodeCacheSize=
#   JVM is running with Unscaled Compressed Oops mode in which the Java heap is
#     placed in the first 4GB address space. The Java Heap base address is the
#     maximum limit for the native heap growth. Please use -XX:HeapBaseMinAddress
#     to set the Java Heap base and to place the Java Heap above 4GB virtual address.
# This output file may be truncated or incomplete.
#
#  Out of Memory Error (./src/hotspot/share/memory/arena.cpp:197), pid=6088, tid=2576
#
# JRE version: OpenJDK Runtime Environment (11.0.12+7) (build 11.0.12+7-b1504.28-7817840)
# Java VM: OpenJDK 64-Bit Server VM (11.0.12+7-b1504.28-7817840, mixed mode, tiered, compressed oops, g1 gc, windows-amd64)
# No core dump will be written. Minidumps are not enabled by default on client versions of Windows
#

---------------  S U M M A R Y ------------

Command Line: --add-opens=java.base/java.util=ALL-UNNAMED --add-opens=java.base/java.lang=ALL-UNNAMED --add-opens=java.base/java.lang.invoke=ALL-UNNAMED --add-opens=java.base/java.util=ALL-UNNAMED --add-opens=java.prefs/java.util.prefs=ALL-UNNAMED --add-opens=java.prefs/java.util.prefs=ALL-UNNAMED --add-opens=java.base/java.nio.charset=ALL-UNNAMED --add-opens=java.base/java.net=ALL-UNNAMED --add-opens=java.base/java.util.concurrent.atomic=ALL-UNNAMED -Xmx2048m -Dfile.encoding=UTF-8 -Duser.country=US -Duser.language=en -Duser.variant org.gradle.launcher.daemon.bootstrap.GradleDaemon 7.3.3

Host: Intel(R) Core(TM) i5-8265U CPU @ 1.60GHz, 8 cores, 7G,  Windows 10 , 64 bit Build 22000 (10.0.22000.708)
Time: Tue Jul 19 08:55:22 2022 SE Asia Standard Time elapsed time: 91.603625 seconds (0d 0h 1m 31s)

---------------  T H R E A D  ---------------

Current thread (0x0000012c2afea800):  JavaThread "C2 CompilerThread0" daemon [_thread_in_native, id=2576, stack(0x00000026e8900000,0x00000026e8a00000)]


Current CompileTask:
C2:  91603 11043       4       org.gradle.internal.service.DefaultServiceRegistry$SingletonService::get (5 bytes)

Stack: [0x00000026e8900000,0x00000026e8a00000]
Native frames: (J=compiled Java code, j=interpreted, Vv=VM code, C=native code)
V  [jvm.dll+0x5fbcea]
V  [jvm.dll+0x731905]
V  [jvm.dll+0x732f1d]
V  [jvm.dll+0x7335d3]
V  [jvm.dll+0x247bf8]
V  [jvm.dll+0xc018c]
V  [jvm.dll+0xc06cc]
V  [jvm.dll+0x35b2db]
V  [jvm.dll+0x328803]
V  [jvm.dll+0x327cfa]
V  [jvm.dll+0x200602]
V  [jvm.dll+0x1ff794]
V  [jvm.dll+0x18868c]
V  [jvm.dll+0x20e0d7]
V  [jvm.dll+0x20c901]
V  [jvm.dll+0x6f9b7f]
V  [jvm.dll+0x6f26a5]
V  [jvm.dll+0x5fabf6]
C  [ucrtbase.dll+0x26c0c]
C  [KERNEL32.DLL+0x154e0]
C  [ntdll.dll+0x485b]


---------------  P R O C E S S  ---------------

Threads class SMR info:
_java_thread_list=0x0000012c2d9def70, length=130, elements={
0x0000012c101cd800, 0x0000012c2a661000, 0x0000012c2a666800, 0x0000012c2afe4800,
0x0000012c2afe6000, 0x0000012c2afe7800, 0x0000012c2afea800, 0x0000012c2aff0000,
0x0000012c2a69c800, 0x0000012c2b127800, 0x0000012c2c60b000, 0x0000012c2cf2d000,
0x0000012c2b2f7000, 0x0000012c2bf08000, 0x0000012c2d8a8000, 0x0000012c2d4c8800,
0x0000012c2d4cc800, 0x0000012c2d4c9000, 0x0000012c2d4c6800, 0x0000012c2d4cb800,
0x0000012c2e079000, 0x0000012c2e078800, 0x0000012c2e076800, 0x0000012c2e07b800,
0x0000012c2e07c800, 0x0000012c2d6f8800, 0x0000012c2d6f5800, 0x0000012c2d6f6000,
0x0000012c2d6f3800, 0x0000012c2d6f4800, 0x0000012c2ebf4800, 0x0000012c2ebff000,
0x0000012c2ebf9800, 0x0000012c2ec00000, 0x0000012c2ec01000, 0x0000012c2ec01800,
0x0000012c2ec03000, 0x0000012c2ec02800, 0x0000012c2d6eb800, 0x0000012c2d6ed000,
0x0000012c2d6ea000, 0x0000012c2d6ea800, 0x0000012c2d6f1800, 0x0000012c2d6ef000,
0x0000012c2daf7800, 0x0000012c2d6ef800, 0x0000012c2d6ec800, 0x0000012c2d6f2000,
0x0000012c2d6f3000, 0x0000012c2d6ee000, 0x0000012c2d6f0800, 0x0000012c2d6f7000,
0x0000012c2d6f8000, 0x0000012c2e076000, 0x0000012c2e07d000, 0x0000012c2e077800,
0x0000012c2e082000, 0x0000012c2e084000, 0x0000012c2e081800, 0x0000012c2e083000,
0x0000012c2e07e000, 0x0000012c2e084800, 0x0000012c2e07f000, 0x0000012c2e07f800,
0x0000012c2e080800, 0x0000012c2ebf8800, 0x0000012c2ebfa000, 0x0000012c2ebfb000,
0x0000012c2ebf5800, 0x0000012c2ebf8000, 0x0000012c2ebfc000, 0x0000012c2ebfc800,
0x0000012c2ebf7000, 0x0000012c2ebfd800, 0x0000012c2ebfe800, 0x0000012c2d4ca800,
0x0000012c2d4c7800, 0x0000012c2d4c6000, 0x0000012c2d4ca000, 0x0000012c3147a800,
0x0000012c3147b000, 0x0000012c31481000, 0x0000012c31481800, 0x0000012c3147d800,
0x0000012c3147e800, 0x0000012c31480000, 0x0000012c3147f800, 0x0000012c3147c000,
0x0000012c31482800, 0x0000012c3147d000, 0x0000012c31489000, 0x0000012c31486000,
0x0000012c31488800, 0x0000012c31487800, 0x0000012c31486800, 0x0000012c31483800,
0x0000012c31484000, 0x0000012c31485000, 0x0000012c2b5b1000, 0x0000012c2b5b0800,
0x0000012c2b5b2800, 0x0000012c2b5b2000, 0x0000012c2b5af800, 0x0000012c2b5ae800,
0x0000012c2b5b3800, 0x0000012c2b5ae000, 0x0000012c2b5b7800, 0x0000012c2b5b8800,
0x0000012c2b5b7000, 0x0000012c2b5ba000, 0x0000012c2b5b9800, 0x0000012c2b5b4800,
0x0000012c2b5b6000, 0x0000012c2b5bb000, 0x0000012c2b5b5000, 0x0000012c2b5bb800,
0x0000012c2b5bc800, 0x0000012c359e6800, 0x0000012c359e6000, 0x0000012c359e7800,
0x0000012c359e8800, 0x0000012c359e9000, 0x0000012c359ea000, 0x0000012c359e4800,
0x0000012c359eb000, 0x0000012c359e5000, 0x0000012c359f0800, 0x0000012c359ef000,
0x0000012c359ee000, 0x0000012c359f1800
}

Java Threads: ( => current thread )
  0x0000012c101cd800 JavaThread "main" [_thread_blocked, id=4572, stack(0x00000026e7d00000,0x00000026e7e00000)]
  0x0000012c2a661000 JavaThread "Reference Handler" daemon [_thread_blocked, id=9480, stack(0x00000026e8400000,0x00000026e8500000)]
  0x0000012c2a666800 JavaThread "Finalizer" daemon [_thread_blocked, id=5608, stack(0x00000026e8500000,0x00000026e8600000)]
  0x0000012c2afe4800 JavaThread "Signal Dispatcher" daemon [_thread_blocked, id=9064, stack(0x00000026e8600000,0x00000026e8700000)]
  0x0000012c2afe6000 JavaThread "Attach Listener" daemon [_thread_blocked, id=7136, stack(0x00000026e8700000,0x00000026e8800000)]
  0x0000012c2afe7800 JavaThread "Service Thread" daemon [_thread_blocked, id=4928, stack(0x00000026e8800000,0x00000026e8900000)]
=>0x0000012c2afea800 JavaThread "C2 CompilerThread0" daemon [_thread_in_native, id=2576, stack(0x00000026e8900000,0x00000026e8a00000)]
  0x0000012c2aff0000 JavaThread "C1 CompilerThread0" daemon [_thread_in_native, id=5232, stack(0x00000026e8a00000,0x00000026e8b00000)]
  0x0000012c2a69c800 JavaThread "Sweeper thread" daemon [_thread_blocked, id=5228, stack(0x00000026e8b00000,0x00000026e8c00000)]
  0x0000012c2b127800 JavaThread "Common-Cleaner" daemon [_thread_blocked, id=9492, stack(0x00000026e8c00000,0x00000026e8d00000)]
  0x0000012c2c60b000 JavaThread "Daemon health stats" [_thread_blocked, id=6664, stack(0x00000026e9100000,0x00000026e9200000)]
  0x0000012c2cf2d000 JavaThread "Incoming local TCP Connector on port 50033" [_thread_in_native, id=7144, stack(0x00000026e8e00000,0x00000026e8f00000)]
  0x0000012c2b2f7000 JavaThread "Daemon periodic checks" [_thread_blocked, id=7156, stack(0x00000026e9200000,0x00000026e9300000)]
  0x0000012c2bf08000 JavaThread "Daemon" [_thread_blocked, id=6272, stack(0x00000026e9300000,0x00000026e9400000)]
  0x0000012c2d8a8000 JavaThread "Daemon worker" [_thread_in_Java, id=8980, stack(0x00000026e9600000,0x00000026e9700000)]
  0x0000012c2d4c8800 JavaThread "Cache worker for journal cache (C:\Users\truon\.gradle\caches\journal-1)" [_thread_blocked, id=6380, stack(0x00000026e9a00000,0x00000026e9b00000)]
  0x0000012c2d4cc800 JavaThread "File lock request listener" [_thread_in_native, id=8420, stack(0x00000026ea000000,0x00000026ea100000)]
  0x0000012c2d4c9000 JavaThread "Cache worker for file hash cache (C:\Users\truon\.gradle\caches\7.3.3\fileHashes)" [_thread_blocked, id=13300, stack(0x00000026ea100000,0x00000026ea200000)]
  0x0000012c2d4c6800 JavaThread "File watcher server" daemon [_thread_in_native, id=7960, stack(0x00000026ea400000,0x00000026ea500000)]
  0x0000012c2d4cb800 JavaThread "File watcher consumer" daemon [_thread_blocked, id=12700, stack(0x00000026ea500000,0x00000026ea600000)]
  0x0000012c2e079000 JavaThread "Cache worker for execution history cache (C:\Users\truon\.gradle\caches\7.3.3\executionHistory)" [_thread_blocked, id=9628, stack(0x00000026ea900000,0x00000026eaa00000)]
  0x0000012c2e078800 JavaThread "jar transforms" [_thread_blocked, id=8924, stack(0x00000026eaa00000,0x00000026eab00000)]
  0x0000012c2e076800 JavaThread "Cache worker for file content cache (C:\Users\truon\.gradle\caches\7.3.3\fileContent)" [_thread_blocked, id=3916, stack(0x00000026eab00000,0x00000026eac00000)]
  0x0000012c2e07b800 JavaThread "jar transforms Thread 2" [_thread_blocked, id=11192, stack(0x00000026eac00000,0x00000026ead00000)]
  0x0000012c2e07c800 JavaThread "jar transforms Thread 3" [_thread_blocked, id=4768, stack(0x00000026eae00000,0x00000026eaf00000)]
  0x0000012c2d6f8800 JavaThread "jar transforms Thread 4" [_thread_blocked, id=4104, stack(0x00000026f0000000,0x00000026f0100000)]
  0x0000012c2d6f5800 JavaThread "jar transforms Thread 5" [_thread_blocked, id=3260, stack(0x00000026f0100000,0x00000026f0200000)]
  0x0000012c2d6f6000 JavaThread "jar transforms Thread 6" [_thread_blocked, id=11980, stack(0x00000026f0200000,0x00000026f0300000)]
  0x0000012c2d6f3800 JavaThread "jar transforms Thread 7" [_thread_blocked, id=9892, stack(0x00000026f0300000,0x00000026f0400000)]
  0x0000012c2d6f4800 JavaThread "jar transforms Thread 8" [_thread_blocked, id=11676, stack(0x00000026f0400000,0x00000026f0500000)]
  0x0000012c2ebf4800 JavaThread "Memory manager" [_thread_blocked, id=11548, stack(0x00000026f0500000,0x00000026f0600000)]
  0x0000012c2ebff000 JavaThread "ForkJoinPool.commonPool-worker-3" daemon [_thread_blocked, id=11424, stack(0x00000026f1100000,0x00000026f1200000)]
  0x0000012c2ebf9800 JavaThread "ForkJoinPool.commonPool-worker-5" daemon [_thread_blocked, id=11536, stack(0x00000026f1200000,0x00000026f1300000)]
  0x0000012c2ec00000 JavaThread "ForkJoinPool.commonPool-worker-7" daemon [_thread_blocked, id=11552, stack(0x00000026f1300000,0x00000026f1400000)]
  0x0000012c2ec01000 JavaThread "ForkJoinPool.commonPool-worker-9" daemon [_thread_blocked, id=11708, stack(0x00000026f1400000,0x00000026f1500000)]
  0x0000012c2ec01800 JavaThread "ForkJoinPool.commonPool-worker-11" daemon [_thread_blocked, id=12080, stack(0x00000026f1500000,0x00000026f1600000)]
  0x0000012c2ec03000 JavaThread "ForkJoinPool.commonPool-worker-13" daemon [_thread_blocked, id=12104, stack(0x00000026f1600000,0x00000026f1700000)]
  0x0000012c2ec02800 JavaThread "ForkJoinPool.commonPool-worker-15" daemon [_thread_blocked, id=620, stack(0x00000026f1700000,0x00000026f1800000)]
  0x0000012c2d6eb800 JavaThread "Handler for socket connection from /127.0.0.1:50033 to /127.0.0.1:50440" [_thread_in_native, id=11864, stack(0x00000026e7b00000,0x00000026e7c00000)]
  0x0000012c2d6ed000 JavaThread "Cancel handler" [_thread_blocked, id=4004, stack(0x00000026e7c00000,0x00000026e7d00000)]
  0x0000012c2d6ea000 JavaThread "Asynchronous log dispatcher for DefaultDaemonConnection: socket connection from /127.0.0.1:50033 to /127.0.0.1:50440" [_thread_blocked, id=7104, stack(0x00000026e9400000,0x00000026e9500000)]
  0x0000012c2d6ea800 JavaThread "Stdin handler" [_thread_blocked, id=7096, stack(0x00000026e9500000,0x00000026e9600000)]
  0x0000012c2d6f1800 JavaThread "Daemon client event forwarder" [_thread_blocked, id=7160, stack(0x00000026e9700000,0x00000026e9800000)]
  0x0000012c2d6ef000 JavaThread "Cache worker for file hash cache (G:\Code\Odoo\connect_odoo_mobile\.gradle\7.3.3\fileHashes)" [_thread_blocked, id=7008, stack(0x00000026e9800000,0x00000026e9900000)]
  0x0000012c2daf7800 JavaThread "C2 CompilerThread1" daemon [_thread_in_native, id=11764, stack(0x00000026e9900000,0x00000026e9a00000)]
  0x0000012c2d6ef800 JavaThread "Cache worker for checksums cache (G:\Code\Odoo\connect_odoo_mobile\.gradle\7.3.3\checksums)" [_thread_blocked, id=12084, stack(0x00000026ea300000,0x00000026ea400000)]
  0x0000012c2d6ec800 JavaThread "Cache worker for cache directory md-supplier (C:\Users\truon\.gradle\caches\7.3.3\md-supplier)" [_thread_blocked, id=5820, stack(0x00000026ea600000,0x00000026ea700000)]
  0x0000012c2d6f2000 JavaThread "Cache worker for cache directory md-rule (C:\Users\truon\.gradle\caches\7.3.3\md-rule)" [_thread_blocked, id=6540, stack(0x00000026ea700000,0x00000026ea800000)]
  0x0000012c2d6f3000 JavaThread "Cache worker for dependencies-accessors (G:\Code\Odoo\connect_odoo_mobile\.gradle\7.3.3\dependencies-accessors)" [_thread_blocked, id=7080, stack(0x00000026ea800000,0x00000026ea900000)]
  0x0000012c2d6ee000 JavaThread "Cache worker for Build Output Cleanup Cache (G:\Code\Odoo\connect_odoo_mobile\.gradle\buildOutputCleanup)" [_thread_blocked, id=9696, stack(0x00000026ead00000,0x00000026eae00000)]
  0x0000012c2d6f0800 JavaThread "Unconstrained build operations" [_thread_blocked, id=8508, stack(0x00000026eaf00000,0x00000026eb000000)]
  0x0000012c2d6f7000 JavaThread "Unconstrained build operations Thread 2" [_thread_blocked, id=8512, stack(0x00000026eb000000,0x00000026eb100000)]
  0x0000012c2d6f8000 JavaThread "Unconstrained build operations Thread 3" [_thread_blocked, id=8020, stack(0x00000026eb100000,0x00000026eb200000)]
  0x0000012c2e076000 JavaThread "Unconstrained build operations Thread 4" [_thread_blocked, id=3416, stack(0x00000026eb200000,0x00000026eb300000)]
  0x0000012c2e07d000 JavaThread "Unconstrained build operations Thread 5" [_thread_blocked, id=8132, stack(0x00000026eb300000,0x00000026eb400000)]
  0x0000012c2e077800 JavaThread "Unconstrained build operations Thread 6" [_thread_blocked, id=1544, stack(0x00000026eb400000,0x00000026eb500000)]
  0x0000012c2e082000 JavaThread "Unconstrained build operations Thread 7" [_thread_blocked, id=8112, stack(0x00000026eb500000,0x00000026eb600000)]
  0x0000012c2e084000 JavaThread "Unconstrained build operations Thread 8" [_thread_blocked, id=6396, stack(0x00000026eb600000,0x00000026eb700000)]
  0x0000012c2e081800 JavaThread "Unconstrained build operations Thread 9" [_thread_blocked, id=6172, stack(0x00000026eb700000,0x00000026eb800000)]
  0x0000012c2e083000 JavaThread "Unconstrained build operations Thread 10" [_thread_blocked, id=4508, stack(0x00000026eb800000,0x00000026eb900000)]
  0x0000012c2e07e000 JavaThread "Unconstrained build operations Thread 11" [_thread_blocked, id=3104, stack(0x00000026eb900000,0x00000026eba00000)]
  0x0000012c2e084800 JavaThread "Unconstrained build operations Thread 12" [_thread_blocked, id=3088, stack(0x00000026eba00000,0x00000026ebb00000)]
  0x0000012c2e07f000 JavaThread "Unconstrained build operations Thread 13" [_thread_blocked, id=8528, stack(0x00000026ebb00000,0x00000026ebc00000)]
  0x0000012c2e07f800 JavaThread "Unconstrained build operations Thread 14" [_thread_blocked, id=8548, stack(0x00000026ebc00000,0x00000026ebd00000)]
  0x0000012c2e080800 JavaThread "Unconstrained build operations Thread 15" [_thread_blocked, id=4120, stack(0x00000026ebd00000,0x00000026ebe00000)]
  0x0000012c2ebf8800 JavaThread "Unconstrained build operations Thread 16" [_thread_blocked, id=10020, stack(0x00000026ebe00000,0x00000026ebf00000)]
  0x0000012c2ebfa000 JavaThread "Unconstrained build operations Thread 17" [_thread_blocked, id=3024, stack(0x00000026ebf00000,0x00000026ec000000)]
  0x0000012c2ebfb000 JavaThread "Unconstrained build operations Thread 18" [_thread_blocked, id=8748, stack(0x00000026ec000000,0x00000026ec100000)]
  0x0000012c2ebf5800 JavaThread "Unconstrained build operations Thread 19" [_thread_blocked, id=8908, stack(0x00000026ec100000,0x00000026ec200000)]
  0x0000012c2ebf8000 JavaThread "Unconstrained build operations Thread 20" [_thread_blocked, id=12916, stack(0x00000026ec200000,0x00000026ec300000)]
  0x0000012c2ebfc000 JavaThread "Unconstrained build operations Thread 21" [_thread_blocked, id=1520, stack(0x00000026ec300000,0x00000026ec400000)]
  0x0000012c2ebfc800 JavaThread "Unconstrained build operations Thread 22" [_thread_blocked, id=2056, stack(0x00000026ec400000,0x00000026ec500000)]
  0x0000012c2ebf7000 JavaThread "Unconstrained build operations Thread 23" [_thread_blocked, id=12212, stack(0x00000026ec500000,0x00000026ec600000)]
  0x0000012c2ebfd800 JavaThread "Unconstrained build operations Thread 24" [_thread_blocked, id=11276, stack(0x00000026ec600000,0x00000026ec700000)]
  0x0000012c2ebfe800 JavaThread "Unconstrained build operations Thread 25" [_thread_blocked, id=8188, stack(0x00000026ec700000,0x00000026ec800000)]
  0x0000012c2d4ca800 JavaThread "Unconstrained build operations Thread 26" [_thread_blocked, id=10500, stack(0x00000026ec800000,0x00000026ec900000)]
  0x0000012c2d4c7800 JavaThread "Unconstrained build operations Thread 27" [_thread_blocked, id=10608, stack(0x00000026ec900000,0x00000026eca00000)]
  0x0000012c2d4c6000 JavaThread "Unconstrained build operations Thread 28" [_thread_blocked, id=6552, stack(0x00000026eca00000,0x00000026ecb00000)]
  0x0000012c2d4ca000 JavaThread "Unconstrained build operations Thread 29" [_thread_blocked, id=9468, stack(0x00000026ecb00000,0x00000026ecc00000)]
  0x0000012c3147a800 JavaThread "Unconstrained build operations Thread 30" [_thread_blocked, id=12968, stack(0x00000026ecc00000,0x00000026ecd00000)]
  0x0000012c3147b000 JavaThread "Unconstrained build operations Thread 31" [_thread_blocked, id=7692, stack(0x00000026ecd00000,0x00000026ece00000)]
  0x0000012c31481000 JavaThread "Unconstrained build operations Thread 32" [_thread_blocked, id=4988, stack(0x00000026ece00000,0x00000026ecf00000)]
  0x0000012c31481800 JavaThread "Unconstrained build operations Thread 33" [_thread_blocked, id=10704, stack(0x00000026ecf00000,0x00000026ed000000)]
  0x0000012c3147d800 JavaThread "Unconstrained build operations Thread 34" [_thread_blocked, id=11252, stack(0x00000026ed000000,0x00000026ed100000)]
  0x0000012c3147e800 JavaThread "Unconstrained build operations Thread 35" [_thread_blocked, id=9684, stack(0x00000026ed100000,0x00000026ed200000)]
  0x0000012c31480000 JavaThread "Unconstrained build operations Thread 36" [_thread_blocked, id=4468, stack(0x00000026ed200000,0x00000026ed300000)]
  0x0000012c3147f800 JavaThread "Unconstrained build operations Thread 37" [_thread_blocked, id=11736, stack(0x00000026ed300000,0x00000026ed400000)]
  0x0000012c3147c000 JavaThread "Unconstrained build operations Thread 38" [_thread_blocked, id=2876, stack(0x00000026ed400000,0x00000026ed500000)]
  0x0000012c31482800 JavaThread "Unconstrained build operations Thread 39" [_thread_blocked, id=9528, stack(0x00000026ed500000,0x00000026ed600000)]
  0x0000012c3147d000 JavaThread "Unconstrained build operations Thread 40" [_thread_blocked, id=8840, stack(0x00000026ed600000,0x00000026ed700000)]
  0x0000012c31489000 JavaThread "Unconstrained build operations Thread 41" [_thread_blocked, id=9332, stack(0x00000026ed700000,0x00000026ed800000)]
  0x0000012c31486000 JavaThread "Unconstrained build operations Thread 42" [_thread_blocked, id=12220, stack(0x00000026ed800000,0x00000026ed900000)]
  0x0000012c31488800 JavaThread "Unconstrained build operations Thread 43" [_thread_blocked, id=12012, stack(0x00000026ed900000,0x00000026eda00000)]
  0x0000012c31487800 JavaThread "Unconstrained build operations Thread 44" [_thread_blocked, id=12412, stack(0x00000026eda00000,0x00000026edb00000)]
  0x0000012c31486800 JavaThread "Unconstrained build operations Thread 45" [_thread_blocked, id=11948, stack(0x00000026edb00000,0x00000026edc00000)]
  0x0000012c31483800 JavaThread "Unconstrained build operations Thread 46" [_thread_blocked, id=10292, stack(0x00000026edc00000,0x00000026edd00000)]
  0x0000012c31484000 JavaThread "Unconstrained build operations Thread 47" [_thread_blocked, id=12788, stack(0x00000026edd00000,0x00000026ede00000)]
  0x0000012c31485000 JavaThread "Unconstrained build operations Thread 48" [_thread_blocked, id=12848, stack(0x00000026ede00000,0x00000026edf00000)]
  0x0000012c2b5b1000 JavaThread "Unconstrained build operations Thread 49" [_thread_blocked, id=6760, stack(0x00000026edf00000,0x00000026ee000000)]
  0x0000012c2b5b0800 JavaThread "Unconstrained build operations Thread 50" [_thread_blocked, id=11800, stack(0x00000026ee000000,0x00000026ee100000)]
  0x0000012c2b5b2800 JavaThread "Unconstrained build operations Thread 51" [_thread_blocked, id=1752, stack(0x00000026ee100000,0x00000026ee200000)]
  0x0000012c2b5b2000 JavaThread "Unconstrained build operations Thread 52" [_thread_blocked, id=6512, stack(0x00000026ee200000,0x00000026ee300000)]
  0x0000012c2b5af800 JavaThread "Unconstrained build operations Thread 53" [_thread_blocked, id=9552, stack(0x00000026ee300000,0x00000026ee400000)]
  0x0000012c2b5ae800 JavaThread "Unconstrained build operations Thread 54" [_thread_blocked, id=10544, stack(0x00000026ee400000,0x00000026ee500000)]
  0x0000012c2b5b3800 JavaThread "Unconstrained build operations Thread 55" [_thread_blocked, id=10908, stack(0x00000026ee500000,0x00000026ee600000)]
  0x0000012c2b5ae000 JavaThread "Unconstrained build operations Thread 56" [_thread_blocked, id=10340, stack(0x00000026ee600000,0x00000026ee700000)]
  0x0000012c2b5b7800 JavaThread "Unconstrained build operations Thread 57" [_thread_blocked, id=11132, stack(0x00000026ee700000,0x00000026ee800000)]
  0x0000012c2b5b8800 JavaThread "Unconstrained build operations Thread 58" [_thread_blocked, id=11088, stack(0x00000026ee800000,0x00000026ee900000)]
  0x0000012c2b5b7000 JavaThread "Unconstrained build operations Thread 59" [_thread_blocked, id=10308, stack(0x00000026ee900000,0x00000026eea00000)]
  0x0000012c2b5ba000 JavaThread "Unconstrained build operations Thread 60" [_thread_blocked, id=9704, stack(0x00000026eea00000,0x00000026eeb00000)]
  0x0000012c2b5b9800 JavaThread "Unconstrained build operations Thread 61" [_thread_blocked, id=3892, stack(0x00000026eeb00000,0x00000026eec00000)]
  0x0000012c2b5b4800 JavaThread "Unconstrained build operations Thread 62" [_thread_blocked, id=12400, stack(0x00000026eec00000,0x00000026eed00000)]
  0x0000012c2b5b6000 JavaThread "Unconstrained build operations Thread 63" [_thread_blocked, id=11100, stack(0x00000026eed00000,0x00000026eee00000)]
  0x0000012c2b5bb000 JavaThread "Unconstrained build operations Thread 64" [_thread_blocked, id=10780, stack(0x00000026eee00000,0x00000026eef00000)]
  0x0000012c2b5b5000 JavaThread "Unconstrained build operations Thread 65" [_thread_blocked, id=9824, stack(0x00000026eef00000,0x00000026ef000000)]
  0x0000012c2b5bb800 JavaThread "Unconstrained build operations Thread 66" [_thread_blocked, id=10984, stack(0x00000026ef000000,0x00000026ef100000)]
  0x0000012c2b5bc800 JavaThread "Unconstrained build operations Thread 67" [_thread_blocked, id=10940, stack(0x00000026ef100000,0x00000026ef200000)]
  0x0000012c359e6800 JavaThread "Unconstrained build operations Thread 68" [_thread_blocked, id=11752, stack(0x00000026ef200000,0x00000026ef300000)]
  0x0000012c359e6000 JavaThread "Unconstrained build operations Thread 69" [_thread_blocked, id=11760, stack(0x00000026ef300000,0x00000026ef400000)]
  0x0000012c359e7800 JavaThread "Unconstrained build operations Thread 70" [_thread_blocked, id=12144, stack(0x00000026ef400000,0x00000026ef500000)]
  0x0000012c359e8800 JavaThread "Unconstrained build operations Thread 71" [_thread_blocked, id=11904, stack(0x00000026ef500000,0x00000026ef600000)]
  0x0000012c359e9000 JavaThread "Unconstrained build operations Thread 72" [_thread_blocked, id=10372, stack(0x00000026ef600000,0x00000026ef700000)]
  0x0000012c359ea000 JavaThread "Unconstrained build operations Thread 73" [_thread_blocked, id=11628, stack(0x00000026ef700000,0x00000026ef800000)]
  0x0000012c359e4800 JavaThread "Unconstrained build operations Thread 74" [_thread_blocked, id=924, stack(0x00000026ef800000,0x00000026ef900000)]
  0x0000012c359eb000 JavaThread "Unconstrained build operations Thread 75" [_thread_blocked, id=5128, stack(0x00000026ef900000,0x00000026efa00000)]
  0x0000012c359e5000 JavaThread "Unconstrained build operations Thread 76" [_thread_blocked, id=10492, stack(0x00000026efa00000,0x00000026efb00000)]
  0x0000012c359f0800 JavaThread "Unconstrained build operations Thread 77" [_thread_blocked, id=13184, stack(0x00000026efb00000,0x00000026efc00000)]
  0x0000012c359ef000 JavaThread "Unconstrained build operations Thread 78" [_thread_blocked, id=12972, stack(0x00000026efc00000,0x00000026efd00000)]
  0x0000012c359ee000 JavaThread "Unconstrained build operations Thread 79" [_thread_blocked, id=3816, stack(0x00000026efd00000,0x00000026efe00000)]
  0x0000012c359f1800 JavaThread "Unconstrained build operations Thread 80" [_thread_blocked, id=3924, stack(0x00000026efe00000,0x00000026eff00000)]

Other Threads:
  0x0000012c2a65f000 VMThread "VM Thread" [stack: 0x00000026e8300000,0x00000026e8400000] [id=4248]
  0x0000012c2b16c800 WatcherThread [stack: 0x00000026e8d00000,0x00000026e8e00000] [id=6100]
  0x0000012c101e8800 GCTaskThread "GC Thread#0" [stack: 0x00000026e7e00000,0x00000026e7f00000] [id=4968]
  0x0000012c2bc3e800 GCTaskThread "GC Thread#1" [stack: 0x00000026e8f00000,0x00000026e9000000] [id=12388]
  0x0000012c2be20800 GCTaskThread "GC Thread#2" [stack: 0x00000026e9000000,0x00000026e9100000] [id=9532]
  0x0000012c2c59f000 GCTaskThread "GC Thread#3" [stack: 0x00000026e9b00000,0x00000026e9c00000] [id=8244]
  0x0000012c2d45f800 GCTaskThread "GC Thread#4" [stack: 0x00000026e9c00000,0x00000026e9d00000] [id=8284]
  0x0000012c2dad6000 GCTaskThread "GC Thread#5" [stack: 0x00000026e9d00000,0x00000026e9e00000] [id=8276]
  0x0000012c2dfc3000 GCTaskThread "GC Thread#6" [stack: 0x00000026e9e00000,0x00000026e9f00000] [id=7316]
  0x0000012c2cf8b800 GCTaskThread "GC Thread#7" [stack: 0x00000026e9f00000,0x00000026ea000000] [id=6976]
  0x0000012c1021a800 ConcurrentGCThread "G1 Main Marker" [stack: 0x00000026e7f00000,0x00000026e8000000] [id=7416]
  0x0000012c1021b800 ConcurrentGCThread "G1 Conc#0" [stack: 0x00000026e8000000,0x00000026e8100000] [id=9484]
  0x0000012c2d059000 ConcurrentGCThread "G1 Conc#1" [stack: 0x00000026ea200000,0x00000026ea300000] [id=9040]
  0x0000012c2a4b0800 ConcurrentGCThread "G1 Refine#0" [stack: 0x00000026e8100000,0x00000026e8200000] [id=5936]
  0x0000012c2a4b1800 ConcurrentGCThread "G1 Young RemSet Sampling" [stack: 0x00000026e8200000,0x00000026e8300000] [id=4340]

Threads with active compile tasks:
C2 CompilerThread0  91638 11043       4       org.gradle.internal.service.DefaultServiceRegistry$SingletonService::get (5 bytes)
C1 CompilerThread0  91638 11338       2       org.gradle.api.internal.provider.sources.AbstractPropertyValueSource::propertyNameOrNull (21 bytes)
C2 CompilerThread1  91638 11044   !   4       org.gradle.internal.service.DefaultServiceRegistry$ManagedObjectServiceProvider::getInstance (47 bytes)

VM state:not at safepoint (normal execution)

VM Mutex/Monitor currently owned by a thread:  ([mutex/lock_event])
[0x0000012c101ccc20] Compile_lock - owner thread: 0x0000012c2aff0000

Heap address: 0x0000000080000000, size: 2048 MB, Compressed Oops mode: 32-bit
Narrow klass base: 0x0000000000000000, Narrow klass shift: 3
Compressed class space size: 1073741824 Address: 0x0000000100000000

Heap:
 garbage-first heap   total 131072K, used 94405K [0x0000000080000000, 0x0000000100000000)
  region size 1024K, 17 young (17408K), 2 survivors (2048K)
 Metaspace       used 90398K, capacity 92650K, committed 92972K, reserved 1130496K
  class space    used 11711K, capacity 12552K, committed 12672K, reserved 1048576K
Heap Regions: E=young(eden), S=young(survivor), O=old, HS=humongous(starts), HC=humongous(continues), CS=collection set, F=free, A=archive, TAMS=top-at-mark-start (previous, next)
|   0|0x0000000080000000, 0x0000000080100000, 0x0000000080100000|100%| O|  |TAMS 0x0000000080100000, 0x0000000080000000| Untracked 
|   1|0x0000000080100000, 0x0000000080200000, 0x0000000080200000|100%| O|  |TAMS 0x0000000080200000, 0x0000000080100000| Untracked 
|   2|0x0000000080200000, 0x0000000080300000, 0x0000000080300000|100%| O|  |TAMS 0x0000000080300000, 0x0000000080200000| Untracked 
|   3|0x0000000080300000, 0x0000000080400000, 0x0000000080400000|100%|HS|  |TAMS 0x0000000080400000, 0x0000000080300000| Complete 
|   4|0x0000000080400000, 0x0000000080500000, 0x0000000080500000|100%|HC|  |TAMS 0x0000000080500000, 0x0000000080400000| Complete 
|   5|0x0000000080500000, 0x0000000080600000, 0x0000000080600000|100%|HC|  |TAMS 0x0000000080600000, 0x0000000080500000| Complete 
|   6|0x0000000080600000, 0x0000000080700000, 0x0000000080700000|100%| O|  |TAMS 0x0000000080700000, 0x0000000080600000| Untracked 
|   7|0x0000000080700000, 0x0000000080800000, 0x0000000080800000|100%| O|  |TAMS 0x0000000080800000, 0x0000000080700000| Untracked 
|   8|0x0000000080800000, 0x0000000080900000, 0x0000000080900000|100%| O|  |TAMS 0x0000000080900000, 0x0000000080800000| Untracked 
|   9|0x0000000080900000, 0x0000000080a00000, 0x0000000080a00000|100%| O|  |TAMS 0x0000000080a00000, 0x0000000080900000| Untracked 
|  10|0x0000000080a00000, 0x0000000080b00000, 0x0000000080b00000|100%| O|  |TAMS 0x0000000080b00000, 0x0000000080a00000| Untracked 
|  11|0x0000000080b00000, 0x0000000080c00000, 0x0000000080c00000|100%| O|  |TAMS 0x0000000080c00000, 0x0000000080b00000| Untracked 
|  12|0x0000000080c00000, 0x0000000080d00000, 0x0000000080d00000|100%| O|  |TAMS 0x0000000080d00000, 0x0000000080c00000| Untracked 
|  13|0x0000000080d00000, 0x0000000080e00000, 0x0000000080e00000|100%| O|  |TAMS 0x0000000080e00000, 0x0000000080d00000| Untracked 
|  14|0x0000000080e00000, 0x0000000080f00000, 0x0000000080f00000|100%| O|  |TAMS 0x0000000080f00000, 0x0000000080e00000| Untracked 
|  15|0x0000000080f00000, 0x0000000081000000, 0x0000000081000000|100%| O|  |TAMS 0x0000000081000000, 0x0000000080f00000| Untracked 
|  16|0x0000000081000000, 0x0000000081100000, 0x0000000081100000|100%|HS|  |TAMS 0x0000000081100000, 0x0000000081000000| Complete 
|  17|0x0000000081100000, 0x0000000081200000, 0x0000000081200000|100%| O|  |TAMS 0x0000000081200000, 0x0000000081100000| Untracked 
|  18|0x0000000081200000, 0x0000000081300000, 0x0000000081300000|100%| O|  |TAMS 0x0000000081300000, 0x0000000081200000| Untracked 
|  19|0x0000000081300000, 0x0000000081400000, 0x0000000081400000|100%| O|  |TAMS 0x0000000081400000, 0x0000000081300000| Untracked 
|  20|0x0000000081400000, 0x0000000081500000, 0x0000000081500000|100%| O|  |TAMS 0x0000000081500000, 0x0000000081400000| Untracked 
|  21|0x0000000081500000, 0x0000000081600000, 0x0000000081600000|100%| O|  |TAMS 0x0000000081600000, 0x0000000081500000| Untracked 
|  22|0x0000000081600000, 0x0000000081700000, 0x0000000081700000|100%| O|  |TAMS 0x0000000081700000, 0x0000000081600000| Untracked 
|  23|0x0000000081700000, 0x0000000081800000, 0x0000000081800000|100%| O|  |TAMS 0x0000000081800000, 0x0000000081700000| Untracked 
|  24|0x0000000081800000, 0x0000000081900000, 0x0000000081900000|100%| O|  |TAMS 0x0000000081900000, 0x0000000081800000| Untracked 
|  25|0x0000000081900000, 0x0000000081a00000, 0x0000000081a00000|100%| O|  |TAMS 0x0000000081a00000, 0x0000000081900000| Untracked 
|  26|0x0000000081a00000, 0x0000000081b00000, 0x0000000081b00000|100%| O|  |TAMS 0x0000000081b00000, 0x0000000081a00000| Untracked 
|  27|0x0000000081b00000, 0x0000000081c00000, 0x0000000081c00000|100%| O|  |TAMS 0x0000000081c00000, 0x0000000081b00000| Untracked 
|  28|0x0000000081c00000, 0x0000000081d00000, 0x0000000081d00000|100%|HS|  |TAMS 0x0000000081d00000, 0x0000000081c00000| Complete 
|  29|0x0000000081d00000, 0x0000000081e00000, 0x0000000081e00000|100%|HS|  |TAMS 0x0000000081e00000, 0x0000000081d00000| Complete 
|  30|0x0000000081e00000, 0x0000000081f00000, 0x0000000081f00000|100%|HC|  |TAMS 0x0000000081f00000, 0x0000000081e00000| Complete 
|  31|0x0000000081f00000, 0x0000000082000000, 0x0000000082000000|100%| O|  |TAMS 0x0000000082000000, 0x0000000081f00000| Untracked 
|  32|0x0000000082000000, 0x0000000082100000, 0x0000000082100000|100%| O|  |TAMS 0x0000000082100000, 0x0000000082000000| Untracked 
|  33|0x0000000082100000, 0x0000000082200000, 0x0000000082200000|100%| O|  |TAMS 0x0000000082200000, 0x0000000082100000| Untracked 
|  34|0x0000000082200000, 0x0000000082300000, 0x0000000082300000|100%| O|  |TAMS 0x0000000082300000, 0x0000000082200000| Untracked 
|  35|0x0000000082300000, 0x0000000082400000, 0x0000000082400000|100%| O|  |TAMS 0x0000000082400000, 0x0000000082300000| Untracked 
|  36|0x0000000082400000, 0x0000000082500000, 0x0000000082500000|100%| O|  |TAMS 0x0000000082500000, 0x0000000082400000| Untracked 
|  37|0x0000000082500000, 0x0000000082600000, 0x0000000082600000|100%| O|  |TAMS 0x0000000082600000, 0x0000000082500000| Untracked 
|  38|0x0000000082600000, 0x0000000082700000, 0x0000000082700000|100%| O|  |TAMS 0x0000000082700000, 0x0000000082600000| Untracked 
|  39|0x0000000082700000, 0x0000000082800000, 0x0000000082800000|100%| O|  |TAMS 0x0000000082800000, 0x0000000082700000| Untracked 
|  40|0x0000000082800000, 0x0000000082900000, 0x0000000082900000|100%| O|  |TAMS 0x0000000082900000, 0x0000000082800000| Untracked 
|  41|0x0000000082900000, 0x0000000082a00000, 0x0000000082a00000|100%| O|  |TAMS 0x0000000082a00000, 0x0000000082900000| Untracked 
|  42|0x0000000082a00000, 0x0000000082b00000, 0x0000000082b00000|100%| O|  |TAMS 0x0000000082b00000, 0x0000000082a00000| Untracked 
|  43|0x0000000082b00000, 0x0000000082c00000, 0x0000000082c00000|100%| O|  |TAMS 0x0000000082c00000, 0x0000000082b00000| Untracked 
|  44|0x0000000082c00000, 0x0000000082d00000, 0x0000000082d00000|100%| O|  |TAMS 0x0000000082d00000, 0x0000000082c00000| Untracked 
|  45|0x0000000082d00000, 0x0000000082e00000, 0x0000000082e00000|100%| O|  |TAMS 0x0000000082e00000, 0x0000000082d00000| Untracked 
|  46|0x0000000082e00000, 0x0000000082f00000, 0x0000000082f00000|100%| O|  |TAMS 0x0000000082f00000, 0x0000000082e00000| Untracked 
|  47|0x0000000082f00000, 0x0000000083000000, 0x0000000083000000|100%| O|  |TAMS 0x0000000083000000, 0x0000000082f00000| Untracked 
|  48|0x0000000083000000, 0x0000000083100000, 0x0000000083100000|100%| O|  |TAMS 0x0000000083100000, 0x0000000083000000| Untracked 
|  49|0x0000000083100000, 0x0000000083200000, 0x0000000083200000|100%| O|  |TAMS 0x0000000083200000, 0x0000000083100000| Untracked 
|  50|0x0000000083200000, 0x0000000083300000, 0x0000000083300000|100%| O|  |TAMS 0x0000000083300000, 0x0000000083200000| Untracked 
|  51|0x0000000083300000, 0x0000000083400000, 0x0000000083400000|100%| O|  |TAMS 0x0000000083400000, 0x0000000083300000| Untracked 
|  52|0x0000000083400000, 0x0000000083500000, 0x0000000083500000|100%| O|  |TAMS 0x0000000083500000, 0x0000000083400000| Untracked 
|  53|0x0000000083500000, 0x0000000083600000, 0x0000000083600000|100%| O|  |TAMS 0x0000000083600000, 0x0000000083500000| Untracked 
|  54|0x0000000083600000, 0x0000000083700000, 0x0000000083700000|100%| O|  |TAMS 0x0000000083700000, 0x0000000083600000| Untracked 
|  55|0x0000000083700000, 0x0000000083800000, 0x0000000083800000|100%| O|  |TAMS 0x0000000083800000, 0x0000000083700000| Untracked 
|  56|0x0000000083800000, 0x0000000083900000, 0x0000000083900000|100%| O|  |TAMS 0x0000000083900000, 0x0000000083800000| Untracked 
|  57|0x0000000083900000, 0x0000000083a00000, 0x0000000083a00000|100%| O|  |TAMS 0x0000000083a00000, 0x0000000083900000| Untracked 
|  58|0x0000000083a00000, 0x0000000083b00000, 0x0000000083b00000|100%| O|  |TAMS 0x0000000083b00000, 0x0000000083a00000| Untracked 
|  59|0x0000000083b00000, 0x0000000083c00000, 0x0000000083c00000|100%| O|  |TAMS 0x0000000083c00000, 0x0000000083b00000| Untracked 
|  60|0x0000000083c00000, 0x0000000083d00000, 0x0000000083d00000|100%| O|  |TAMS 0x0000000083d00000, 0x0000000083c00000| Untracked 
|  61|0x0000000083d00000, 0x0000000083e00000, 0x0000000083e00000|100%| O|  |TAMS 0x0000000083e00000, 0x0000000083d00000| Untracked 
|  62|0x0000000083e00000, 0x0000000083f00000, 0x0000000083f00000|100%| O|  |TAMS 0x0000000083f00000, 0x0000000083e00000| Untracked 
|  63|0x0000000083f00000, 0x0000000084000000, 0x0000000084000000|100%| O|  |TAMS 0x0000000084000000, 0x0000000083f00000| Untracked 
|  64|0x0000000084000000, 0x0000000084100000, 0x0000000084100000|100%| O|  |TAMS 0x0000000084100000, 0x0000000084000000| Untracked 
|  65|0x0000000084100000, 0x0000000084200000, 0x0000000084200000|100%| O|  |TAMS 0x0000000084200000, 0x0000000084100000| Untracked 
|  66|0x0000000084200000, 0x0000000084300000, 0x0000000084300000|100%| O|  |TAMS 0x0000000084300000, 0x0000000084200000| Untracked 
|  67|0x0000000084300000, 0x0000000084400000, 0x0000000084400000|100%| O|  |TAMS 0x0000000084400000, 0x0000000084300000| Untracked 
|  68|0x0000000084400000, 0x0000000084500000, 0x0000000084500000|100%| O|  |TAMS 0x0000000084500000, 0x0000000084400000| Untracked 
|  69|0x0000000084500000, 0x0000000084600000, 0x0000000084600000|100%| O|  |TAMS 0x0000000084600000, 0x0000000084500000| Untracked 
|  70|0x0000000084600000, 0x0000000084700000, 0x0000000084700000|100%| O|  |TAMS 0x0000000084700000, 0x0000000084600000| Untracked 
|  71|0x0000000084700000, 0x0000000084800000, 0x0000000084800000|100%| O|  |TAMS 0x0000000084800000, 0x0000000084700000| Untracked 
|  72|0x0000000084800000, 0x0000000084800000, 0x0000000084900000|  0%| F|  |TAMS 0x0000000084800000, 0x0000000084800000| Untracked 
|  73|0x0000000084900000, 0x0000000084900000, 0x0000000084a00000|  0%| F|  |TAMS 0x0000000084900000, 0x0000000084900000| Untracked 
|  74|0x0000000084a00000, 0x0000000084a00000, 0x0000000084b00000|  0%| F|  |TAMS 0x0000000084a00000, 0x0000000084a00000| Untracked 
|  75|0x0000000084b00000, 0x0000000084b00000, 0x0000000084c00000|  0%| F|  |TAMS 0x0000000084b00000, 0x0000000084b00000| Untracked 
|  76|0x0000000084c00000, 0x0000000084c00000, 0x0000000084d00000|  0%| F|  |TAMS 0x0000000084c00000, 0x0000000084c00000| Untracked 
|  77|0x0000000084d00000, 0x0000000084d00000, 0x0000000084e00000|  0%| F|  |TAMS 0x0000000084d00000, 0x0000000084d00000| Untracked 
|  78|0x0000000084e00000, 0x0000000084e00000, 0x0000000084f00000|  0%| F|  |TAMS 0x0000000084e00000, 0x0000000084e00000| Untracked 
|  79|0x0000000084f00000, 0x0000000084f00000, 0x0000000085000000|  0%| F|  |TAMS 0x0000000084f00000, 0x0000000084f00000| Untracked 
|  80|0x0000000085000000, 0x0000000085100000, 0x0000000085100000|100%| O|  |TAMS 0x0000000085100000, 0x0000000085000000| Untracked 
|  81|0x0000000085100000, 0x0000000085200000, 0x0000000085200000|100%| O|  |TAMS 0x0000000085200000, 0x0000000085100000| Untracked 
|  82|0x0000000085200000, 0x0000000085300000, 0x0000000085300000|100%| O|  |TAMS 0x0000000085300000, 0x0000000085200000| Untracked 
|  83|0x0000000085300000, 0x0000000085400000, 0x0000000085400000|100%| O|  |TAMS 0x0000000085400000, 0x0000000085300000| Untracked 
|  84|0x0000000085400000, 0x0000000085461200, 0x0000000085500000| 37%| O|  |TAMS 0x0000000085461200, 0x0000000085400000| Untracked 
|  85|0x0000000085500000, 0x0000000085500000, 0x0000000085600000|  0%| F|  |TAMS 0x0000000085500000, 0x0000000085500000| Untracked 
|  86|0x0000000085600000, 0x0000000085600000, 0x0000000085700000|  0%| F|  |TAMS 0x0000000085600000, 0x0000000085600000| Untracked 
|  87|0x0000000085700000, 0x0000000085700000, 0x0000000085800000|  0%| F|  |TAMS 0x0000000085700000, 0x0000000085700000| Untracked 
|  88|0x0000000085800000, 0x0000000085800000, 0x0000000085900000|  0%| F|  |TAMS 0x0000000085800000, 0x0000000085800000| Untracked 
|  89|0x0000000085900000, 0x0000000085900000, 0x0000000085a00000|  0%| F|  |TAMS 0x0000000085900000, 0x0000000085900000| Untracked 
|  90|0x0000000085a00000, 0x0000000085a00000, 0x0000000085b00000|  0%| F|  |TAMS 0x0000000085a00000, 0x0000000085a00000| Untracked 
|  91|0x0000000085b00000, 0x0000000085b00000, 0x0000000085c00000|  0%| F|  |TAMS 0x0000000085b00000, 0x0000000085b00000| Untracked 
|  92|0x0000000085c00000, 0x0000000085c00000, 0x0000000085d00000|  0%| F|  |TAMS 0x0000000085c00000, 0x0000000085c00000| Untracked 
|  93|0x0000000085d00000, 0x0000000085d00000, 0x0000000085e00000|  0%| F|  |TAMS 0x0000000085d00000, 0x0000000085d00000| Untracked 
|  94|0x0000000085e00000, 0x0000000085e00000, 0x0000000085f00000|  0%| F|  |TAMS 0x0000000085e00000, 0x0000000085e00000| Untracked 
|  95|0x0000000085f00000, 0x0000000085f00000, 0x0000000086000000|  0%| F|  |TAMS 0x0000000085f00000, 0x0000000085f00000| Untracked 
|  96|0x0000000086000000, 0x0000000086000000, 0x0000000086100000|  0%| F|  |TAMS 0x0000000086000000, 0x0000000086000000| Untracked 
|  97|0x0000000086100000, 0x0000000086100000, 0x0000000086200000|  0%| F|  |TAMS 0x0000000086100000, 0x0000000086100000| Untracked 
|  98|0x0000000086200000, 0x0000000086200000, 0x0000000086300000|  0%| F|  |TAMS 0x0000000086200000, 0x0000000086200000| Untracked 
|  99|0x0000000086300000, 0x0000000086300000, 0x0000000086400000|  0%| F|  |TAMS 0x0000000086300000, 0x0000000086300000| Untracked 
| 100|0x0000000086400000, 0x0000000086400000, 0x0000000086500000|  0%| F|  |TAMS 0x0000000086400000, 0x0000000086400000| Untracked 
| 101|0x0000000086500000, 0x0000000086500000, 0x0000000086600000|  0%| F|  |TAMS 0x0000000086500000, 0x0000000086500000| Untracked 
| 102|0x0000000086600000, 0x0000000086600000, 0x0000000086700000|  0%| F|  |TAMS 0x0000000086600000, 0x0000000086600000| Untracked 
| 103|0x0000000086700000, 0x0000000086700000, 0x0000000086800000|  0%| F|  |TAMS 0x0000000086700000, 0x0000000086700000| Untracked 
| 104|0x0000000086800000, 0x0000000086800000, 0x0000000086900000|  0%| F|  |TAMS 0x0000000086800000, 0x0000000086800000| Untracked 
| 105|0x0000000086900000, 0x0000000086900000, 0x0000000086a00000|  0%| F|  |TAMS 0x0000000086900000, 0x0000000086900000| Untracked 
| 106|0x0000000086a00000, 0x0000000086a00000, 0x0000000086b00000|  0%| F|  |TAMS 0x0000000086a00000, 0x0000000086a00000| Untracked 
| 107|0x0000000086b00000, 0x0000000086bd0408, 0x0000000086c00000| 81%| S|CS|TAMS 0x0000000086b00000, 0x0000000086b00000| Complete 
| 108|0x0000000086c00000, 0x0000000086d00000, 0x0000000086d00000|100%| S|CS|TAMS 0x0000000086c00000, 0x0000000086c00000| Complete 
| 109|0x0000000086d00000, 0x0000000086d00000, 0x0000000086e00000|  0%| F|  |TAMS 0x0000000086d00000, 0x0000000086d00000| Untracked 
| 110|0x0000000086e00000, 0x0000000086e00000, 0x0000000086f00000|  0%| F|  |TAMS 0x0000000086e00000, 0x0000000086e00000| Untracked 
| 111|0x0000000086f00000, 0x0000000086f00000, 0x0000000087000000|  0%| F|  |TAMS 0x0000000086f00000, 0x0000000086f00000| Untracked 
| 112|0x0000000087000000, 0x0000000087000000, 0x0000000087100000|  0%| F|  |TAMS 0x0000000087000000, 0x0000000087000000| Untracked 
| 113|0x0000000087100000, 0x00000000871cc430, 0x0000000087200000| 79%| E|  |TAMS 0x0000000087100000, 0x0000000087100000| Complete 
| 114|0x0000000087200000, 0x0000000087300000, 0x0000000087300000|100%| E|CS|TAMS 0x0000000087200000, 0x0000000087200000| Complete 
| 115|0x0000000087300000, 0x0000000087400000, 0x0000000087400000|100%| E|CS|TAMS 0x0000000087300000, 0x0000000087300000| Complete 
| 116|0x0000000087400000, 0x0000000087500000, 0x0000000087500000|100%| E|CS|TAMS 0x0000000087400000, 0x0000000087400000| Complete 
| 117|0x0000000087500000, 0x0000000087600000, 0x0000000087600000|100%| E|CS|TAMS 0x0000000087500000, 0x0000000087500000| Complete 
| 118|0x0000000087600000, 0x0000000087700000, 0x0000000087700000|100%| E|CS|TAMS 0x0000000087600000, 0x0000000087600000| Complete 
| 119|0x0000000087700000, 0x0000000087800000, 0x0000000087800000|100%| E|CS|TAMS 0x0000000087700000, 0x0000000087700000| Complete 
| 120|0x0000000087800000, 0x0000000087900000, 0x0000000087900000|100%| E|CS|TAMS 0x0000000087800000, 0x0000000087800000| Complete 
| 121|0x0000000087900000, 0x0000000087a00000, 0x0000000087a00000|100%| E|CS|TAMS 0x0000000087900000, 0x0000000087900000| Complete 
| 122|0x0000000087a00000, 0x0000000087b00000, 0x0000000087b00000|100%| E|CS|TAMS 0x0000000087a00000, 0x0000000087a00000| Complete 
| 123|0x0000000087b00000, 0x0000000087c00000, 0x0000000087c00000|100%| E|CS|TAMS 0x0000000087b00000, 0x0000000087b00000| Complete 
| 124|0x0000000087c00000, 0x0000000087d00000, 0x0000000087d00000|100%| E|CS|TAMS 0x0000000087c00000, 0x0000000087c00000| Complete 
| 125|0x0000000087d00000, 0x0000000087e00000, 0x0000000087e00000|100%| E|CS|TAMS 0x0000000087d00000, 0x0000000087d00000| Complete 
| 126|0x0000000087e00000, 0x0000000087f00000, 0x0000000087f00000|100%| E|CS|TAMS 0x0000000087e00000, 0x0000000087e00000| Complete 
| 127|0x0000000087f00000, 0x0000000088000000, 0x0000000088000000|100%| E|CS|TAMS 0x0000000087f00000, 0x0000000087f00000| Complete 

Card table byte_map: [0x0000012c23420000,0x0000012c23820000] _byte_map_base: 0x0000012c23020000

Marking Bits (Prev, Next): (CMBitMap*) 0x0000012c10211918, (CMBitMap*) 0x0000012c10211950
 Prev Bits: [0x0000012c23c20000, 0x0000012c25c20000)
 Next Bits: [0x0000012c25c20000, 0x0000012c27c20000)

Polling page: 0x0000012c0e130000

Metaspace:

Usage:
  Non-class:     78.22 MB capacity,    76.85 MB ( 98%) used,     1.12 MB (  1%) free+waste,   264.31 KB ( <1%) overhead. 
      Class:     12.26 MB capacity,    11.44 MB ( 93%) used,   722.24 KB (  6%) free+waste,   118.13 KB ( <1%) overhead. 
       Both:     90.48 MB capacity,    88.28 MB ( 98%) used,     1.82 MB (  2%) free+waste,   382.44 KB ( <1%) overhead. 

Virtual space:
  Non-class space:       80.00 MB reserved,      78.42 MB ( 98%) committed 
      Class space:        1.00 GB reserved,      12.38 MB (  1%) committed 
             Both:        1.08 GB reserved,      90.79 MB (  8%) committed 

Chunk freelists:
   Non-Class:  9.00 KB
       Class:  0 bytes
        Both:  9.00 KB

MaxMetaspaceSize: 17179869184.00 GB
CompressedClassSpaceSize: 1.00 GB
Initial GC threshold: 20.80 MB
Current GC threshold: 149.24 MB
CDS: off

CodeHeap 'non-profiled nmethods': size=120000Kb used=5248Kb max_used=5248Kb free=114751Kb
 bounds [0x0000012c1b7b0000, 0x0000012c1bce0000, 0x0000012c22ce0000]
CodeHeap 'profiled nmethods': size=120000Kb used=23706Kb max_used=23706Kb free=96293Kb
 bounds [0x0000012c14280000, 0x0000012c159b0000, 0x0000012c1b7b0000]
CodeHeap 'non-nmethods': size=5760Kb used=2384Kb max_used=2422Kb free=3375Kb
 bounds [0x0000012c13ce0000, 0x0000012c13f50000, 0x0000012c14280000]
 total_blobs=11981 nmethods=11076 adapters=817
 compilation: enabled
              stopped_count=0, restarted_count=0
 full_count=0

Compilation events (20 events):
Event: 91.272 Thread 0x0000012c2aff0000 11108       3       com.google.common.collect.Lists::indexOfImpl (51 bytes)
Event: 91.272 Thread 0x0000012c2aff0000 nmethod 11108 0x0000012c158fb590 code [0x0000012c158fb7c0, 0x0000012c158fbff8]
Event: 91.273 Thread 0x0000012c2aff0000 11110       3       org.gradle.api.internal.artifacts.dsl.ComponentMetadataRuleContainer::isEmpty (10 bytes)
Event: 91.273 Thread 0x0000012c2aff0000 nmethod 11110 0x0000012c158fc210 code [0x0000012c158fc3c0, 0x0000012c158fc588]
Event: 91.276 Thread 0x0000012c2aff0000 11112       3       org.gradle.internal.serialize.kryo.KryoBackedDecoder::close (8 bytes)
Event: 91.277 Thread 0x0000012c2aff0000 nmethod 11112 0x0000012c158fc690 code [0x0000012c158fc860, 0x0000012c158fcb08]
Event: 91.286 Thread 0x0000012c2aff0000 11113       3       org.gradle.internal.component.external.model.VariantMetadataRules::<init> (22 bytes)
Event: 91.286 Thread 0x0000012c2aff0000 nmethod 11113 0x0000012c158fcc90 code [0x0000012c158fce80, 0x0000012c158fd398]
Event: 91.287 Thread 0x0000012c2aff0000 11114   !   3       org.gradle.api.internal.artifacts.ivyservice.modulecache.ModuleMetadataStore::getModuleDescriptor (140 bytes)
Event: 91.290 Thread 0x0000012c2aff0000 nmethod 11114 0x0000012c158fd510 code [0x0000012c158fda00, 0x0000012c15900048]
Event: 91.290 Thread 0x0000012c2aff0000 11115       3       org.gradle.api.internal.artifacts.ivyservice.modulecache.ModuleMetadataStore::getFilePath (49 bytes)
Event: 91.291 Thread 0x0000012c2aff0000 nmethod 11115 0x0000012c15901110 code [0x0000012c15901340, 0x0000012c15901fd8]
Event: 91.291 Thread 0x0000012c2aff0000 11116       3       org.gradle.internal.resource.local.DefaultLocallyAvailableResource::<init> (17 bytes)
Event: 91.292 Thread 0x0000012c2aff0000 nmethod 11116 0x0000012c15902310 code [0x0000012c15902520, 0x0000012c15902c38]
Event: 91.292 Thread 0x0000012c2aff0000 11117       3       org.gradle.api.internal.artifacts.ivyservice.modulecache.ModuleMetadataSerializer$Reader::readMaven (105 bytes)
Event: 91.294 Thread 0x0000012c2aff0000 nmethod 11117 0x0000012c15902e90 code [0x0000012c15903200, 0x0000012c15904718]
Event: 91.295 Thread 0x0000012c2aff0000 11118       3       org.gradle.internal.component.external.model.AbstractMutableModuleComponentResolveMetadata::<init> (72 bytes)
Event: 91.296 Thread 0x0000012c2aff0000 nmethod 11118 0x0000012c15904f10 code [0x0000012c159051a0, 0x0000012c15905fd8]
Event: 91.296 Thread 0x0000012c2aff0000 11119       3       org.gradle.internal.component.external.model.AbstractMutableModuleComponentResolveMetadata::defaultAttributes (20 bytes)
Event: 91.296 Thread 0x0000012c2aff0000 nmethod 11119 0x0000012c15906390 code [0x0000012c15906560, 0x0000012c159068d8]

GC Heap History (20 events):
Event: 26.517 GC heap before
{Heap before GC invocations=16 (full 0):
 garbage-first heap   total 131072K, used 102992K [0x0000000080000000, 0x0000000100000000)
  region size 1024K, 53 young (54272K), 5 survivors (5120K)
 Metaspace       used 71314K, capacity 72927K, committed 73132K, reserved 1112064K
  class space    used 9291K, capacity 9930K, committed 9984K, reserved 1048576K
}
Event: 26.525 GC heap after
{Heap after GC invocations=17 (full 0):
 garbage-first heap   total 131072K, used 57224K [0x0000000080000000, 0x0000000100000000)
  region size 1024K, 4 young (4096K), 4 survivors (4096K)
 Metaspace       used 71314K, capacity 72927K, committed 73132K, reserved 1112064K
  class space    used 9291K, capacity 9930K, committed 9984K, reserved 1048576K
}
Event: 28.428 GC heap before
{Heap before GC invocations=17 (full 0):
 garbage-first heap   total 131072K, used 105352K [0x0000000080000000, 0x0000000100000000)
  region size 1024K, 51 young (52224K), 4 survivors (4096K)
 Metaspace       used 76723K, capacity 78402K, committed 78508K, reserved 1118208K
  class space    used 10063K, capacity 10732K, committed 10752K, reserved 1048576K
}
Event: 28.436 GC heap after
{Heap after GC invocations=18 (full 0):
 garbage-first heap   total 131072K, used 59499K [0x0000000080000000, 0x0000000100000000)
  region size 1024K, 6 young (6144K), 6 survivors (6144K)
 Metaspace       used 76723K, capacity 78402K, committed 78508K, reserved 1118208K
  class space    used 10063K, capacity 10732K, committed 10752K, reserved 1048576K
}
Event: 30.586 GC heap before
{Heap before GC invocations=18 (full 0):
 garbage-first heap   total 131072K, used 106603K [0x0000000080000000, 0x0000000100000000)
  region size 1024K, 52 young (53248K), 6 survivors (6144K)
 Metaspace       used 80457K, capacity 82431K, committed 82476K, reserved 1120256K
  class space    used 10603K, capacity 11364K, committed 11392K, reserved 1048576K
}
Event: 30.599 GC heap after
{Heap after GC invocations=19 (full 0):
 garbage-first heap   total 131072K, used 63328K [0x0000000080000000, 0x0000000100000000)
  region size 1024K, 7 young (7168K), 7 survivors (7168K)
 Metaspace       used 80457K, capacity 82431K, committed 82476K, reserved 1120256K
  class space    used 10603K, capacity 11364K, committed 11392K, reserved 1048576K
}
Event: 31.773 GC heap before
{Heap before GC invocations=19 (full 0):
 garbage-first heap   total 131072K, used 106336K [0x0000000080000000, 0x0000000100000000)
  region size 1024K, 50 young (51200K), 7 survivors (7168K)
 Metaspace       used 81148K, capacity 83134K, committed 83372K, reserved 1122304K
  class space    used 10673K, capacity 11463K, committed 11520K, reserved 1048576K
}
Event: 31.782 GC heap after
{Heap after GC invocations=20 (full 0):
 garbage-first heap   total 131072K, used 66497K [0x0000000080000000, 0x0000000100000000)
  region size 1024K, 4 young (4096K), 4 survivors (4096K)
 Metaspace       used 81148K, capacity 83134K, committed 83372K, reserved 1122304K
  class space    used 10673K, capacity 11463K, committed 11520K, reserved 1048576K
}
Event: 32.586 GC heap before
{Heap before GC invocations=20 (full 0):
 garbage-first heap   total 131072K, used 106433K [0x0000000080000000, 0x0000000100000000)
  region size 1024K, 44 young (45056K), 4 survivors (4096K)
 Metaspace       used 81678K, capacity 83750K, committed 83884K, reserved 1122304K
  class space    used 10712K, capacity 11516K, committed 11520K, reserved 1048576K
}
Event: 32.597 GC heap after
{Heap after GC invocations=21 (full 0):
 garbage-first heap   total 131072K, used 69757K [0x0000000080000000, 0x0000000100000000)
  region size 1024K, 6 young (6144K), 6 survivors (6144K)
 Metaspace       used 81678K, capacity 83750K, committed 83884K, reserved 1122304K
  class space    used 10712K, capacity 11516K, committed 11520K, reserved 1048576K
}
Event: 33.540 GC heap before
{Heap before GC invocations=22 (full 0):
 garbage-first heap   total 131072K, used 107645K [0x0000000080000000, 0x0000000100000000)
  region size 1024K, 44 young (45056K), 6 survivors (6144K)
 Metaspace       used 82167K, capacity 84276K, committed 84524K, reserved 1122304K
  class space    used 10745K, capacity 11530K, committed 11648K, reserved 1048576K
}
Event: 33.549 GC heap after
{Heap after GC invocations=23 (full 0):
 garbage-first heap   total 131072K, used 72769K [0x0000000080000000, 0x0000000100000000)
  region size 1024K, 3 young (3072K), 3 survivors (3072K)
 Metaspace       used 82167K, capacity 84276K, committed 84524K, reserved 1122304K
  class space    used 10745K, capacity 11530K, committed 11648K, reserved 1048576K
}
Event: 34.261 GC heap before
{Heap before GC invocations=23 (full 0):
 garbage-first heap   total 131072K, used 107585K [0x0000000080000000, 0x0000000100000000)
  region size 1024K, 38 young (38912K), 3 survivors (3072K)
 Metaspace       used 83301K, capacity 85340K, committed 85548K, reserved 1124352K
  class space    used 10829K, capacity 11621K, committed 11648K, reserved 1048576K
}
Event: 34.270 GC heap after
{Heap after GC invocations=24 (full 0):
 garbage-first heap   total 131072K, used 74358K [0x0000000080000000, 0x0000000100000000)
  region size 1024K, 5 young (5120K), 5 survivors (5120K)
 Metaspace       used 83301K, capacity 85340K, committed 85548K, reserved 1124352K
  class space    used 10829K, capacity 11621K, committed 11648K, reserved 1048576K
}
Event: 34.933 GC heap before
{Heap before GC invocations=25 (full 0):
 garbage-first heap   total 131072K, used 108150K [0x0000000080000000, 0x0000000100000000)
  region size 1024K, 39 young (39936K), 5 survivors (5120K)
 Metaspace       used 85743K, capacity 87749K, committed 87980K, reserved 1126400K
  class space    used 11160K, capacity 11954K, committed 12032K, reserved 1048576K
}
Event: 34.942 GC heap after
{Heap after GC invocations=26 (full 0):
 garbage-first heap   total 131072K, used 74976K [0x0000000080000000, 0x0000000100000000)
  region size 1024K, 3 young (3072K), 3 survivors (3072K)
 Metaspace       used 85743K, capacity 87749K, committed 87980K, reserved 1126400K
  class space    used 11160K, capacity 11954K, committed 12032K, reserved 1048576K
}
Event: 36.479 GC heap before
{Heap before GC invocations=26 (full 0):
 garbage-first heap   total 131072K, used 109792K [0x0000000080000000, 0x0000000100000000)
  region size 1024K, 38 young (38912K), 3 survivors (3072K)
 Metaspace       used 88689K, capacity 90869K, committed 91180K, reserved 1128448K
  class space    used 11515K, capacity 12321K, committed 12416K, reserved 1048576K
}
Event: 36.488 GC heap after
{Heap after GC invocations=27 (full 0):
 garbage-first heap   total 131072K, used 78816K [0x0000000080000000, 0x0000000100000000)
  region size 1024K, 5 young (5120K), 5 survivors (5120K)
 Metaspace       used 88689K, capacity 90869K, committed 91180K, reserved 1128448K
  class space    used 11515K, capacity 12321K, committed 12416K, reserved 1048576K
}
Event: 37.092 GC heap before
{Heap before GC invocations=28 (full 0):
 garbage-first heap   total 131072K, used 98272K [0x0000000080000000, 0x0000000100000000)
  region size 1024K, 9 young (9216K), 5 survivors (5120K)
 Metaspace       used 89020K, capacity 91173K, committed 91436K, reserved 1128448K
  class space    used 11548K, capacity 12355K, committed 12416K, reserved 1048576K
}
Event: 37.103 GC heap after
{Heap after GC invocations=29 (full 0):
 garbage-first heap   total 131072K, used 78909K [0x0000000080000000, 0x0000000100000000)
  region size 1024K, 1 young (1024K), 1 survivors (1024K)
 Metaspace       used 89020K, capacity 91173K, committed 91436K, reserved 1128448K
  class space    used 11548K, capacity 12355K, committed 12416K, reserved 1048576K
}

Deoptimization events (20 events):
Event: 37.560 Thread 0x0000012c2bf08000 Uncommon trap: trap_request=0xffffff4d fr.pc=0x0000012c1bc79974 relative=0x0000000000000354
Event: 37.560 Thread 0x0000012c2bf08000 Uncommon trap: reason=unstable_if action=reinterpret pc=0x0000012c1bc79974 method=java.util.HashMap$HashIterator.<init>(Ljava/util/HashMap;)V @ 45 c2
Event: 37.560 Thread 0x0000012c2bf08000 DEOPT PACKING pc=0x0000012c1bc79974 sp=0x00000026e93fe6c0
Event: 37.560 Thread 0x0000012c2bf08000 DEOPT UNPACKING pc=0x0000012c13d2a1af sp=0x00000026e93fe678 mode 2
Event: 44.487 Thread 0x0000012c2b2f7000 Uncommon trap: trap_request=0xffffff4d fr.pc=0x0000012c1b80348c relative=0x000000000000054c
Event: 44.487 Thread 0x0000012c2b2f7000 Uncommon trap: reason=unstable_if action=reinterpret pc=0x0000012c1b80348c method=java.lang.AbstractStringBuilder.append(Ljava/lang/String;)Ljava/lang/AbstractStringBuilder; @ 1 c2
Event: 44.487 Thread 0x0000012c2b2f7000 DEOPT PACKING pc=0x0000012c1b80348c sp=0x00000026e92fe5b0
Event: 44.487 Thread 0x0000012c2b2f7000 DEOPT UNPACKING pc=0x0000012c13d2a1af sp=0x00000026e92fe530 mode 2
Event: 44.488 Thread 0x0000012c2b2f7000 Uncommon trap: trap_request=0xffffff4d fr.pc=0x0000012c1baf6e70 relative=0x0000000000000610
Event: 44.488 Thread 0x0000012c2b2f7000 Uncommon trap: reason=unstable_if action=reinterpret pc=0x0000012c1baf6e70 method=java.lang.AbstractStringBuilder.append(Ljava/lang/String;)Ljava/lang/AbstractStringBuilder; @ 1 c2
Event: 44.488 Thread 0x0000012c2b2f7000 DEOPT PACKING pc=0x0000012c1baf6e70 sp=0x00000026e92fe550
Event: 44.488 Thread 0x0000012c2b2f7000 DEOPT UNPACKING pc=0x0000012c13d2a1af sp=0x00000026e92fe538 mode 2
Event: 90.933 Thread 0x0000012c2d8a8000 Uncommon trap: trap_request=0xffffff4d fr.pc=0x0000012c1bc1f71c relative=0x000000000000023c
Event: 90.933 Thread 0x0000012c2d8a8000 Uncommon trap: reason=unstable_if action=reinterpret pc=0x0000012c1bc1f71c method=org.gradle.internal.file.FileHierarchySet$Node.isChildOfOrThis(Ljava/lang/String;I)Z @ 7 c2
Event: 90.933 Thread 0x0000012c2d8a8000 DEOPT PACKING pc=0x0000012c1bc1f71c sp=0x00000026e96fb7d0
Event: 90.933 Thread 0x0000012c2d8a8000 DEOPT UNPACKING pc=0x0000012c13d2a1af sp=0x00000026e96fb760 mode 2
Event: 91.201 Thread 0x0000012c2d8a8000 DEOPT PACKING pc=0x0000012c15627655 sp=0x00000026e96f8530
Event: 91.201 Thread 0x0000012c2d8a8000 DEOPT UNPACKING pc=0x0000012c13d2a95e sp=0x00000026e96f7a50 mode 0
Event: 91.216 Thread 0x0000012c2d8a8000 DEOPT PACKING pc=0x0000012c15872246 sp=0x00000026e96f84d0
Event: 91.216 Thread 0x0000012c2d8a8000 DEOPT UNPACKING pc=0x0000012c13d2a95e sp=0x00000026e96f7970 mode 0

Classes redefined (0 events):
No events

Internal exceptions (20 events):
Event: 34.230 Thread 0x0000012c2ebf5800 Exception <a 'sun/nio/fs/WindowsException'{0x0000000085ed6f08}> (0x0000000085ed6f08) thrown at [./src/hotspot/share/prims/jni.cpp, line 615]
Event: 35.493 Thread 0x0000012c2ebf5800 Exception <a 'java/lang/NoSuchMethodError'{0x0000000086b4fa28}: <clinit>> (0x0000000086b4fa28) thrown at [./src/hotspot/share/prims/jni.cpp, line 1365]
Event: 35.502 Thread 0x0000012c2ebf5800 Exception <a 'java/lang/NoSuchMethodError'{0x0000000086b98270}: <clinit>> (0x0000000086b98270) thrown at [./src/hotspot/share/prims/jni.cpp, line 1365]
Event: 35.507 Thread 0x0000012c2ebf5800 Exception <a 'java/lang/NoSuchMethodError'{0x0000000086baa9e8}: <clinit>> (0x0000000086baa9e8) thrown at [./src/hotspot/share/prims/jni.cpp, line 1365]
Event: 35.809 Thread 0x0000012c2ebfd800 Exception <a 'sun/nio/fs/WindowsException'{0x00000000867fc950}> (0x00000000867fc950) thrown at [./src/hotspot/share/prims/jni.cpp, line 615]
Event: 35.821 Thread 0x0000012c2ebfd800 Implicit null exception at 0x0000012c1b8de320 to 0x0000012c1b8e1bf4
Event: 35.983 Thread 0x0000012c2ebfd800 Exception <a 'java/lang/NoSuchMethodError'{0x00000000866b6eb8}: 'java.lang.Object java.lang.invoke.DirectMethodHandle$Holder.invokeStatic(java.lang.Object, java.lang.Object, java.lang.Object, java.lang.Object, java.lang.Object, int, java.lang.Object)'> (0x00000000866b6eb8) thrown at [./src/hotspot/share/interpreter/linkResolver.cpp, line 773]
Event: 36.256 Thread 0x0000012c2ebfd800 Exception <a 'java/lang/NoSuchMethodError'{0x00000000862d2f70}: 'java.lang.Object java.lang.invoke.DirectMethodHandle$Holder.invokeStatic(java.lang.Object, java.lang.Object, java.lang.Object, java.lang.Object, java.lang.Object, java.lang.Object, java.lang.Object, int)'> (0x00000000862d2f70) thrown at [./src/hotspot/share/interpreter/linkResolver.cpp, line 773]
Event: 36.258 Thread 0x0000012c2ebfd800 Exception <a 'java/lang/NoSuchMethodError'{0x00000000862d7660}: 'java.lang.Object java.lang.invoke.DirectMethodHandle$Holder.invokeSpecial(java.lang.Object, java.lang.Object, java.lang.Object, java.lang.Object, java.lang.Object, java.lang.Object, java.lang.Object, java.lang.Object, int)'> (0x00000000862d7660) thrown at [./src/hotspot/share/interpreter/linkResolver.cpp, line 773]
Event: 36.258 Thread 0x0000012c2ebfd800 Exception <a 'java/lang/NoSuchMethodError'{0x00000000862db668}: 'java.lang.Object java.lang.invoke.Invokers$Holder.linkToTargetMethod(java.lang.Object, java.lang.Object, java.lang.Object, java.lang.Object, java.lang.Object, java.lang.Object, int, java.lang.Object)'> (0x00000000862db668) thrown at [./src/hotspot/share/interpreter/linkResolver.cpp, line 773]
Event: 36.447 Thread 0x0000012c2ebfd800 Exception <a 'sun/nio/fs/WindowsException'{0x0000000085fafbd8}> (0x0000000085fafbd8) thrown at [./src/hotspot/share/prims/jni.cpp, line 615]
Event: 36.448 Thread 0x0000012c2ebfd800 Exception <a 'sun/nio/fs/WindowsException'{0x0000000085fafc58}> (0x0000000085fafc58) thrown at [./src/hotspot/share/prims/jni.cpp, line 615]
Event: 37.235 Thread 0x0000012c2ebfd800 Exception <a 'java/lang/NoSuchMethodError'{0x0000000087ef5410}: 'java.lang.Object java.lang.invoke.DirectMethodHandle$Holder.invokeVirtual(java.lang.Object, java.lang.Object, int)'> (0x0000000087ef5410) thrown at [./src/hotspot/share/interpreter/linkResolver.cpp, line 773]
Event: 37.341 Thread 0x0000012c2ebf5800 Exception <a 'java/lang/NoSuchMethodError'{0x0000000087a3d1d8}: 'java.lang.Object java.lang.invoke.DirectMethodHandle$Holder.newInvokeSpecial(java.lang.Object, java.lang.Object, java.lang.Object, java.lang.Object)'> (0x0000000087a3d1d8) thrown at [./src/hotspot/share/interpreter/linkResolver.cpp, line 773]
Event: 37.382 Thread 0x0000012c2d8a8000 Exception <a 'sun/nio/fs/WindowsException'{0x00000000879b89e0}> (0x00000000879b89e0) thrown at [./src/hotspot/share/prims/jni.cpp, line 615]
Event: 37.382 Thread 0x0000012c2d8a8000 Exception <a 'sun/nio/fs/WindowsException'{0x00000000879b8a60}> (0x00000000879b8a60) thrown at [./src/hotspot/share/prims/jni.cpp, line 615]
Event: 37.385 Thread 0x0000012c2d8a8000 Exception <a 'sun/nio/fs/WindowsException'{0x00000000879ca5b0}> (0x00000000879ca5b0) thrown at [./src/hotspot/share/prims/jni.cpp, line 615]
Event: 37.440 Thread 0x0000012c2d8a8000 Exception <a 'java/lang/NoSuchMethodError'{0x000000008779b7f8}: 'java.lang.Object java.lang.invoke.DirectMethodHandle$Holder.invokeSpecial(java.lang.Object, java.lang.Object, java.lang.Object, java.lang.Object, int, java.lang.Object, java.lang.Object)'> (0x000000008779b7f8) thrown at [./src/hotspot/share/interpreter/linkResolver.cpp, line 773]
Event: 44.487 Thread 0x0000012c2b2f7000 Implicit null exception at 0x0000012c1b802f74 to 0x0000012c1b803474
Event: 44.488 Thread 0x0000012c2b2f7000 Implicit null exception at 0x0000012c1baf6894 to 0x0000012c1baf6e58

Events (20 events):
Event: 37.558 loading class org/gradle/internal/remote/internal/inet/SocketConnection$1 done
Event: 37.559 Executing VM operation: RevokeBias
Event: 37.559 Executing VM operation: RevokeBias done
Event: 37.559 Executing VM operation: RevokeBias
Event: 37.559 Executing VM operation: RevokeBias done
Event: 37.560 Thread 0x0000012c2d670800 Thread exited: 0x0000012c2d670800
Event: 90.858 Thread 0x0000012c2d6eb800 Thread added: 0x0000012c2d6eb800
Event: 90.866 Thread 0x0000012c2d6ed000 Thread added: 0x0000012c2d6ed000
Event: 90.887 Thread 0x0000012c2d6ea000 Thread added: 0x0000012c2d6ea000
Event: 90.888 Thread 0x0000012c2d6ea800 Thread added: 0x0000012c2d6ea800
Event: 90.890 Thread 0x0000012c2d6f1800 Thread added: 0x0000012c2d6f1800
Event: 90.916 Thread 0x0000012c2d6ef000 Thread added: 0x0000012c2d6ef000
Event: 90.931 loading class org/gradle/internal/watch/vfs/impl/WatchingVirtualFileSystem
Event: 90.931 loading class org/gradle/internal/watch/vfs/impl/WatchingVirtualFileSystem done
Event: 90.950 Thread 0x0000012c2daf7800 Thread added: 0x0000012c2daf7800
Event: 90.971 Thread 0x0000012c2d6ef800 Thread added: 0x0000012c2d6ef800
Event: 90.981 Thread 0x0000012c2d6ec800 Thread added: 0x0000012c2d6ec800
Event: 90.990 Thread 0x0000012c2d6f2000 Thread added: 0x0000012c2d6f2000
Event: 91.019 Thread 0x0000012c2d6f3000 Thread added: 0x0000012c2d6f3000
Event: 91.149 Thread 0x0000012c2d6ee000 Thread added: 0x0000012c2d6ee000


Dynamic libraries:
0x00007ff6d8100000 - 0x00007ff6d810a000 	C:\Program Files\Android\Android Studio\jre\bin\java.exe
0x00007ff900b20000 - 0x00007ff900d29000 	C:\Windows\SYSTEM32\ntdll.dll
0x00007ff8ff690000 - 0x00007ff8ff74d000 	C:\Windows\System32\KERNEL32.DLL
0x00007ff8fe170000 - 0x00007ff8fe4e9000 	C:\Windows\System32\KERNELBASE.dll
0x00007ff8fe6e0000 - 0x00007ff8fe7f1000 	C:\Windows\System32\ucrtbase.dll
0x00007ff8b9780000 - 0x00007ff8b9797000 	C:\Program Files\Android\Android Studio\jre\bin\VCRUNTIME140.dll
0x00007ff8b9760000 - 0x00007ff8b9779000 	C:\Program Files\Android\Android Studio\jre\bin\jli.dll
0x00007ff8ff350000 - 0x00007ff8ff4fc000 	C:\Windows\System32\USER32.dll
0x00007ff8fe610000 - 0x00007ff8fe636000 	C:\Windows\System32\win32u.dll
0x00007ff8ff660000 - 0x00007ff8ff689000 	C:\Windows\System32\GDI32.dll
0x00007ff8db4d0000 - 0x00007ff8db775000 	C:\Windows\WinSxS\amd64_microsoft.windows.common-controls_6595b64144ccf1df_6.0.22000.120_none_9d947278b86cc467\COMCTL32.dll
0x00007ff8fe4f0000 - 0x00007ff8fe602000 	C:\Windows\System32\gdi32full.dll
0x00007ff900980000 - 0x00007ff900a23000 	C:\Windows\System32\msvcrt.dll
0x00007ff8fe640000 - 0x00007ff8fe6dd000 	C:\Windows\System32\msvcp_win.dll
0x00007ff8ff500000 - 0x00007ff8ff531000 	C:\Windows\System32\IMM32.DLL
0x00007ff8b96c0000 - 0x00007ff8b975d000 	C:\Program Files\Android\Android Studio\jre\bin\msvcp140.dll
0x00007ff8b9de0000 - 0x00007ff8ba8c5000 	C:\Program Files\Android\Android Studio\jre\bin\server\jvm.dll
0x00007ff8fec50000 - 0x00007ff8fecfe000 	C:\Windows\System32\ADVAPI32.dll
0x00007ff900a30000 - 0x00007ff900ace000 	C:\Windows\System32\sechost.dll
0x00007ff8ff540000 - 0x00007ff8ff660000 	C:\Windows\System32\RPCRT4.dll
0x00007ff900ad0000 - 0x00007ff900ad8000 	C:\Windows\System32\PSAPI.DLL
0x00007ff8f8cc0000 - 0x00007ff8f8cc9000 	C:\Windows\SYSTEM32\WSOCK32.dll
0x00007ff8f7270000 - 0x00007ff8f727a000 	C:\Windows\SYSTEM32\VERSION.dll
0x00007ff8f7c70000 - 0x00007ff8f7ca3000 	C:\Windows\SYSTEM32\WINMM.dll
0x00007ff8feac0000 - 0x00007ff8feb2f000 	C:\Windows\System32\WS2_32.dll
0x00007ff8fd100000 - 0x00007ff8fd118000 	C:\Windows\SYSTEM32\kernel.appcore.dll
0x00007ff8f8c60000 - 0x00007ff8f8c71000 	C:\Program Files\Android\Android Studio\jre\bin\verify.dll
0x00007ff8ea640000 - 0x00007ff8ea861000 	C:\Windows\SYSTEM32\DBGHELP.DLL
0x00007ff8e8060000 - 0x00007ff8e8091000 	C:\Windows\SYSTEM32\dbgcore.DLL
0x00007ff8fe800000 - 0x00007ff8fe87f000 	C:\Windows\System32\bcryptPrimitives.dll
0x00007ff8e9b50000 - 0x00007ff8e9b79000 	C:\Program Files\Android\Android Studio\jre\bin\java.dll
0x00007ff8f81f0000 - 0x00007ff8f81fb000 	C:\Program Files\Android\Android Studio\jre\bin\jimage.dll
0x00007ff8da540000 - 0x00007ff8da558000 	C:\Program Files\Android\Android Studio\jre\bin\zip.dll
0x00007ff8ffa90000 - 0x00007ff900248000 	C:\Windows\System32\SHELL32.dll
0x00007ff8fc170000 - 0x00007ff8fc9d7000 	C:\Windows\SYSTEM32\windows.storage.dll
0x00007ff8fefc0000 - 0x00007ff8ff339000 	C:\Windows\System32\combase.dll
0x00007ff8fc000000 - 0x00007ff8fc166000 	C:\Windows\SYSTEM32\wintypes.dll
0x00007ff8fed00000 - 0x00007ff8fedea000 	C:\Windows\System32\SHCORE.dll
0x00007ff9002c0000 - 0x00007ff90031d000 	C:\Windows\System32\shlwapi.dll
0x00007ff8fdf30000 - 0x00007ff8fdf51000 	C:\Windows\SYSTEM32\profapi.dll
0x00007ff8da520000 - 0x00007ff8da53a000 	C:\Program Files\Android\Android Studio\jre\bin\net.dll
0x00007ff8f6f20000 - 0x00007ff8f702c000 	C:\Windows\SYSTEM32\WINHTTP.dll
0x00007ff8fd530000 - 0x00007ff8fd597000 	C:\Windows\system32\mswsock.dll
0x00007ff8d10b0000 - 0x00007ff8d10c4000 	C:\Program Files\Android\Android Studio\jre\bin\nio.dll
0x00007ff897750000 - 0x00007ff897777000 	C:\Users\truon\.gradle\native\e1d6ef7f7dcc3fd88c89a11ec53ec762bb8ba0a96d01ffa2cd45eb1d1d8dd5c5\windows-amd64\native-platform.dll
0x00007ff8c2f70000 - 0x00007ff8c30b4000 	C:\Users\truon\.gradle\native\5664cfc778a61ccfe75a443a1ab52a65af34e5dc3c78e0209fed803814484fcb\windows-amd64\native-platform-file-events.dll
0x00007ff8f90d0000 - 0x00007ff8f90da000 	C:\Program Files\Android\Android Studio\jre\bin\management.dll
0x00007ff8f90c0000 - 0x00007ff8f90cd000 	C:\Program Files\Android\Android Studio\jre\bin\management_ext.dll
0x00007ff8fd780000 - 0x00007ff8fd798000 	C:\Windows\SYSTEM32\CRYPTSP.dll
0x00007ff8fd060000 - 0x00007ff8fd095000 	C:\Windows\system32\rsaenh.dll
0x00007ff8fd620000 - 0x00007ff8fd649000 	C:\Windows\SYSTEM32\USERENV.dll
0x00007ff8fd960000 - 0x00007ff8fd987000 	C:\Windows\SYSTEM32\bcrypt.dll
0x00007ff8fd770000 - 0x00007ff8fd77c000 	C:\Windows\SYSTEM32\CRYPTBASE.dll
0x00007ff8fcc30000 - 0x00007ff8fcc5d000 	C:\Windows\SYSTEM32\IPHLPAPI.DLL
0x00007ff8ff340000 - 0x00007ff8ff349000 	C:\Windows\System32\NSI.dll
0x00007ff8f6cf0000 - 0x00007ff8f6d09000 	C:\Windows\SYSTEM32\dhcpcsvc6.DLL
0x00007ff8f72f0000 - 0x00007ff8f730e000 	C:\Windows\SYSTEM32\dhcpcsvc.DLL
0x00007ff8fcca0000 - 0x00007ff8fcd88000 	C:\Windows\SYSTEM32\DNSAPI.dll
0x00007ff8b9960000 - 0x00007ff8b9987000 	C:\Program Files\Android\Android Studio\jre\bin\sunec.dll

dbghelp: loaded successfully - version: 4.0.5 - missing functions: none
symbol engine: initialized successfully - sym options: 0x614 - pdb path: .;C:\Program Files\Android\Android Studio\jre\bin;C:\Windows\SYSTEM32;C:\Windows\WinSxS\amd64_microsoft.windows.common-controls_6595b64144ccf1df_6.0.22000.120_none_9d947278b86cc467;C:\Program Files\Android\Android Studio\jre\bin\server;C:\Users\truon\.gradle\native\e1d6ef7f7dcc3fd88c89a11ec53ec762bb8ba0a96d01ffa2cd45eb1d1d8dd5c5\windows-amd64;C:\Users\truon\.gradle\native\5664cfc778a61ccfe75a443a1ab52a65af34e5dc3c78e0209fed803814484fcb\windows-amd64

VM Arguments:
jvm_args: --add-opens=java.base/java.util=ALL-UNNAMED --add-opens=java.base/java.lang=ALL-UNNAMED --add-opens=java.base/java.lang.invoke=ALL-UNNAMED --add-opens=java.base/java.util=ALL-UNNAMED --add-opens=java.prefs/java.util.prefs=ALL-UNNAMED --add-opens=java.prefs/java.util.prefs=ALL-UNNAMED --add-opens=java.base/java.nio.charset=ALL-UNNAMED --add-opens=java.base/java.net=ALL-UNNAMED --add-opens=java.base/java.util.concurrent.atomic=ALL-UNNAMED -Xmx2048m -Dfile.encoding=UTF-8 -Duser.country=US -Duser.language=en -Duser.variant 
java_command: org.gradle.launcher.daemon.bootstrap.GradleDaemon 7.3.3
java_class_path (initial): C:\Users\truon\.gradle\wrapper\dists\gradle-7.3.3-bin\6a41zxkdtcxs8rphpq6y0069z\gradle-7.3.3\lib\gradle-launcher-7.3.3.jar
Launcher Type: SUN_STANDARD

[Global flags]
     intx CICompilerCount                          = 4                                         {product} {ergonomic}
     uint ConcGCThreads                            = 2                                         {product} {ergonomic}
     uint G1ConcRefinementThreads                  = 8                                         {product} {ergonomic}
   size_t G1HeapRegionSize                         = 1048576                                   {product} {ergonomic}
    uintx GCDrainStackTargetSize                   = 64                                        {product} {ergonomic}
   size_t InitialHeapSize                          = 134217728                                 {product} {ergonomic}
   size_t MarkStackSize                            = 4194304                                   {product} {ergonomic}
   size_t MaxHeapSize                              = 2147483648                                {product} {command line}
   size_t MaxNewSize                               = 1287651328                                {product} {ergonomic}
   size_t MinHeapDeltaBytes                        = 1048576                                   {product} {ergonomic}
    uintx NonNMethodCodeHeapSize                   = 5836300                                {pd product} {ergonomic}
    uintx NonProfiledCodeHeapSize                  = 122910970                              {pd product} {ergonomic}
    uintx ProfiledCodeHeapSize                     = 122910970                              {pd product} {ergonomic}
    uintx ReservedCodeCacheSize                    = 251658240                              {pd product} {ergonomic}
     bool SegmentedCodeCache                       = true                                      {product} {ergonomic}
     bool UseCompressedClassPointers               = true                                 {lp64_product} {ergonomic}
     bool UseCompressedOops                        = true                                 {lp64_product} {ergonomic}
     bool UseG1GC                                  = true                                      {product} {ergonomic}
     bool UseLargePagesIndividualAllocation        = false                                  {pd product} {ergonomic}

Logging:
Log output configuration:
 #0: stdout all=warning uptime,level,tags
 #1: stderr all=off uptime,level,tags

Environment Variables:
PATH=C:\Program Files (x86)\Common Files\Oracle\Java\javapath;C:\ProgramData\Oracle\Java\javapath;C:\Windows\system32;C:\Windows;C:\Windows\System32\Wbem;C:\Windows\System32\WindowsPowerShell\v1.0\;C:\Windows\System32\OpenSSH\;C:\Program Files\dotnet\;C:\Program Files\Microsoft VS Code\bin;C:\Program Files\Git\cmd;C:\Program Files (x86)\dotnet\;C:\ProgramData\chocolatey\bin;C:\tools\flutter\bin;C:\Program Files\Cloudflare\Cloudflare WARP\;C:\Users\truon\AppData\Local\Microsoft\WindowsApps;;C:\Users\truon\AppData\Local\Programs\oh-my-posh\bin;C:\Program Files\JetBrains\PyCharm Community Edition 2022.1.3\bin;;C:\tools\dart-sdk\bin;C:\Users\truon\AppData\Roaming\Pub\Cache\bin;
USERNAME=truon
OS=Windows_NT
PROCESSOR_IDENTIFIER=Intel64 Family 6 Model 142 Stepping 12, GenuineIntel



---------------  S Y S T E M  ---------------

OS: Windows 10 , 64 bit Build 22000 (10.0.22000.708)
OS uptime: 0 days 0:04 hours

CPU:total 8 (initial active 8) (4 cores per cpu, 2 threads per core) family 6 model 142 stepping 12 microcode 0xf0, cmov, cx8, fxsr, mmx, sse, sse2, sse3, ssse3, sse4.1, sse4.2, popcnt, avx, avx2, aes, clmul, erms, 3dnowpref, lzcnt, ht, tsc, tscinvbit, bmi1, bmi2, adx, fma

Memory: 4k page, system-wide physical 8067M (465M free)
TotalPageFile size 9971M (AvailPageFile size 2M)
current process WorkingSet (physical memory assigned to process): 291M, peak: 389M
current process commit charge ("private bytes"): 422M, peak: 426M

vm_info: OpenJDK 64-Bit Server VM (11.0.12+7-b1504.28-7817840) for windows-amd64 JRE (11.0.12+7-b1504.28-7817840), built on Oct 13 2021 22:12:33 by "builder" with MS VC++ 14.0 (VS2015)

END.
